   1               		.file	"matrix_common.c"
   2               	__SP_H__ = 0x3e
   3               	__SP_L__ = 0x3d
   4               	__SREG__ = 0x3f
   5               	__tmp_reg__ = 0
   6               	__zero_reg__ = 1
   7               		.text
   8               	.Ltext0:
   9               		.cfi_sections	.debug_frame
  10               		.section	.text.matrix_init_user,"ax",@progbits
  11               		.weak	matrix_init_user
  13               	matrix_init_user:
  14               	.LFB9:
  15               		.file 1 "quantum/matrix_common.c"
   1:quantum/matrix_common.c **** #include "matrix.h"
   2:quantum/matrix_common.c **** #include "debounce.h"
   3:quantum/matrix_common.c **** #include "wait.h"
   4:quantum/matrix_common.c **** #include "print.h"
   5:quantum/matrix_common.c **** #include "debug.h"
   6:quantum/matrix_common.c **** 
   7:quantum/matrix_common.c **** #ifndef MATRIX_IO_DELAY
   8:quantum/matrix_common.c **** #    define MATRIX_IO_DELAY 30
   9:quantum/matrix_common.c **** #endif
  10:quantum/matrix_common.c **** 
  11:quantum/matrix_common.c **** /* matrix state(1:on, 0:off) */
  12:quantum/matrix_common.c **** matrix_row_t raw_matrix[MATRIX_ROWS];
  13:quantum/matrix_common.c **** matrix_row_t matrix[MATRIX_ROWS];
  14:quantum/matrix_common.c **** 
  15:quantum/matrix_common.c **** #ifdef MATRIX_MASKED
  16:quantum/matrix_common.c **** extern const matrix_row_t matrix_mask[];
  17:quantum/matrix_common.c **** #endif
  18:quantum/matrix_common.c **** 
  19:quantum/matrix_common.c **** // user-defined overridable functions
  20:quantum/matrix_common.c **** 
  21:quantum/matrix_common.c **** __attribute__((weak)) void matrix_init_kb(void) { matrix_init_user(); }
  22:quantum/matrix_common.c **** 
  23:quantum/matrix_common.c **** __attribute__((weak)) void matrix_scan_kb(void) { matrix_scan_user(); }
  24:quantum/matrix_common.c **** 
  25:quantum/matrix_common.c **** __attribute__((weak)) void matrix_init_user(void) {}
  16               		.loc 1 25 51 view -0
  17               		.cfi_startproc
  18               	/* prologue: function */
  19               	/* frame size = 0 */
  20               	/* stack size = 0 */
  21               	.L__stack_usage = 0
  22               		.loc 1 25 52 view .LVU1
  23               	/* epilogue start */
  24               		.loc 1 25 1 is_stmt 0 view .LVU2
  25 0000 0895      		ret
  26               		.cfi_endproc
  27               	.LFE9:
  29               		.set	matrix_init_user.localalias.0,matrix_init_user
  30               		.section	.text.matrix_init_kb,"ax",@progbits
  31               		.weak	matrix_init_kb
  33               	matrix_init_kb:
  34               	.LFB7:
  21:quantum/matrix_common.c **** 
  35               		.loc 1 21 49 is_stmt 1 view -0
  36               		.cfi_startproc
  37               	/* prologue: function */
  38               	/* frame size = 0 */
  39               	/* stack size = 0 */
  40               	.L__stack_usage = 0
  21:quantum/matrix_common.c **** 
  41               		.loc 1 21 51 view .LVU4
  42 0000 0C94 0000 		jmp matrix_init_user
  43               	.LVL0:
  44               		.cfi_endproc
  45               	.LFE7:
  47               		.section	.text.matrix_scan_user,"ax",@progbits
  48               		.weak	matrix_scan_user
  50               	matrix_scan_user:
  51               	.LFB25:
  52               		.cfi_startproc
  53               	/* prologue: function */
  54               	/* frame size = 0 */
  55               	/* stack size = 0 */
  56               	.L__stack_usage = 0
  57               	/* epilogue start */
  58 0000 0895      		ret
  59               		.cfi_endproc
  60               	.LFE25:
  62               		.section	.text.matrix_scan_kb,"ax",@progbits
  63               		.weak	matrix_scan_kb
  65               	matrix_scan_kb:
  66               	.LFB8:
  23:quantum/matrix_common.c **** 
  67               		.loc 1 23 49 view -0
  68               		.cfi_startproc
  69               	/* prologue: function */
  70               	/* frame size = 0 */
  71               	/* stack size = 0 */
  72               	.L__stack_usage = 0
  23:quantum/matrix_common.c **** 
  73               		.loc 1 23 51 view .LVU6
  74 0000 0C94 0000 		jmp matrix_scan_user
  75               	.LVL1:
  76               		.cfi_endproc
  77               	.LFE8:
  79               		.section	.text.matrix_rows,"ax",@progbits
  80               	.global	matrix_rows
  82               	matrix_rows:
  83               	.LFB11:
  26:quantum/matrix_common.c **** 
  27:quantum/matrix_common.c **** __attribute__((weak)) void matrix_scan_user(void) {}
  28:quantum/matrix_common.c **** 
  29:quantum/matrix_common.c **** // helper functions
  30:quantum/matrix_common.c **** 
  31:quantum/matrix_common.c **** inline uint8_t matrix_rows(void) { return MATRIX_ROWS; }
  84               		.loc 1 31 34 view -0
  85               		.cfi_startproc
  86               	/* prologue: function */
  87               	/* frame size = 0 */
  88               	/* stack size = 0 */
  89               	.L__stack_usage = 0
  90               		.loc 1 31 36 view .LVU8
  91               		.loc 1 31 1 is_stmt 0 view .LVU9
  92 0000 88E0      		ldi r24,lo8(8)
  93               	/* epilogue start */
  94 0002 0895      		ret
  95               		.cfi_endproc
  96               	.LFE11:
  98               		.section	.text.matrix_cols,"ax",@progbits
  99               	.global	matrix_cols
 101               	matrix_cols:
 102               	.LFB12:
  32:quantum/matrix_common.c **** 
  33:quantum/matrix_common.c **** inline uint8_t matrix_cols(void) { return MATRIX_COLS; }
 103               		.loc 1 33 34 is_stmt 1 view -0
 104               		.cfi_startproc
 105               	/* prologue: function */
 106               	/* frame size = 0 */
 107               	/* stack size = 0 */
 108               	.L__stack_usage = 0
 109               		.loc 1 33 36 view .LVU11
 110               		.loc 1 33 1 is_stmt 0 view .LVU12
 111 0000 85E0      		ldi r24,lo8(5)
 112               	/* epilogue start */
 113 0002 0895      		ret
 114               		.cfi_endproc
 115               	.LFE12:
 117               		.section	.text.matrix_is_on,"ax",@progbits
 118               	.global	matrix_is_on
 120               	matrix_is_on:
 121               	.LVL2:
 122               	.LFB13:
  34:quantum/matrix_common.c **** 
  35:quantum/matrix_common.c **** inline bool matrix_is_on(uint8_t row, uint8_t col) { return (matrix[row] & ((matrix_row_t)1 << col)
 123               		.loc 1 35 52 is_stmt 1 view -0
 124               		.cfi_startproc
 125               	/* prologue: function */
 126               	/* frame size = 0 */
 127               	/* stack size = 0 */
 128               	.L__stack_usage = 0
 129               		.loc 1 35 54 view .LVU14
 130               		.loc 1 35 68 is_stmt 0 view .LVU15
 131 0000 E82F      		mov r30,r24
 132 0002 F0E0      		ldi r31,0
 133 0004 E050      		subi r30,lo8(-(matrix))
 134 0006 F040      		sbci r31,hi8(-(matrix))
 135 0008 2081      		ld r18,Z
 136 000a 30E0      		ldi r19,0
 137               		.loc 1 35 93 view .LVU16
 138 000c 81E0      		ldi r24,lo8(1)
 139 000e 90E0      		ldi r25,0
 140               	.LVL3:
 141               		.loc 1 35 93 view .LVU17
 142 0010 00C0      		rjmp 2f
 143               		1:
 144 0012 880F      		lsl r24
 145 0014 991F      		rol r25
 146               		2:
 147 0016 6A95      		dec r22
 148 0018 02F4      		brpl 1b
 149               		.loc 1 35 74 view .LVU18
 150 001a 2823      		and r18,r24
 151 001c 3923      		and r19,r25
 152 001e 81E0      		ldi r24,lo8(1)
 153 0020 232B      		or r18,r19
 154 0022 01F4      		brne .L8
 155 0024 80E0      		ldi r24,0
 156               	.L8:
 157               	/* epilogue start */
 158               		.loc 1 35 1 view .LVU19
 159 0026 0895      		ret
 160               		.cfi_endproc
 161               	.LFE13:
 163               		.section	.text.matrix_get_row,"ax",@progbits
 164               	.global	matrix_get_row
 166               	matrix_get_row:
 167               	.LVL4:
 168               	.LFB14:
  36:quantum/matrix_common.c **** 
  37:quantum/matrix_common.c **** inline matrix_row_t matrix_get_row(uint8_t row) {
 169               		.loc 1 37 49 is_stmt 1 view -0
 170               		.cfi_startproc
 171               	/* prologue: function */
 172               	/* frame size = 0 */
 173               	/* stack size = 0 */
 174               	.L__stack_usage = 0
  38:quantum/matrix_common.c ****     // Matrix mask lets you disable switches in the returned matrix data. For example, if you have 
  39:quantum/matrix_common.c ****     // switch blocker installed and the switch is always pressed.
  40:quantum/matrix_common.c **** #ifdef MATRIX_MASKED
  41:quantum/matrix_common.c ****     return matrix[row] & matrix_mask[row];
  42:quantum/matrix_common.c **** #else
  43:quantum/matrix_common.c ****     return matrix[row];
 175               		.loc 1 43 5 view .LVU21
 176               		.loc 1 43 18 is_stmt 0 view .LVU22
 177 0000 E82F      		mov r30,r24
 178 0002 F0E0      		ldi r31,0
 179 0004 E050      		subi r30,lo8(-(matrix))
 180 0006 F040      		sbci r31,hi8(-(matrix))
  44:quantum/matrix_common.c **** #endif
  45:quantum/matrix_common.c **** }
 181               		.loc 1 45 1 view .LVU23
 182 0008 8081      		ld r24,Z
 183               	.LVL5:
 184               	/* epilogue start */
 185               		.loc 1 45 1 view .LVU24
 186 000a 0895      		ret
 187               		.cfi_endproc
 188               	.LFE14:
 190               		.section	.text.matrix_is_modified,"ax",@progbits
 191               	.global	matrix_is_modified
 193               	matrix_is_modified:
 194               	.LFB15:
  46:quantum/matrix_common.c **** 
  47:quantum/matrix_common.c **** // Deprecated.
  48:quantum/matrix_common.c **** bool matrix_is_modified(void) {
 195               		.loc 1 48 31 is_stmt 1 view -0
 196               		.cfi_startproc
 197               	/* prologue: function */
 198               	/* frame size = 0 */
 199               	/* stack size = 0 */
 200               	.L__stack_usage = 0
  49:quantum/matrix_common.c ****     if (debounce_active()) return false;
 201               		.loc 1 49 5 view .LVU26
 202               		.loc 1 49 9 is_stmt 0 view .LVU27
 203 0000 0E94 0000 		call debounce_active
 204               	.LVL6:
  50:quantum/matrix_common.c ****     return true;
  51:quantum/matrix_common.c **** }
 205               		.loc 1 51 1 view .LVU28
 206 0004 91E0      		ldi r25,lo8(1)
 207 0006 8927      		eor r24,r25
 208               	/* epilogue start */
 209 0008 0895      		ret
 210               		.cfi_endproc
 211               	.LFE15:
 213               		.section	.text.matrix_print,"ax",@progbits
 214               	.global	matrix_print
 216               	matrix_print:
 217               	.LFB16:
  52:quantum/matrix_common.c **** 
  53:quantum/matrix_common.c **** #if (MATRIX_COLS <= 8)
  54:quantum/matrix_common.c **** #    define print_matrix_header() print("\nr/c 01234567\n")
  55:quantum/matrix_common.c **** #    define print_matrix_row(row) print_bin_reverse8(matrix_get_row(row))
  56:quantum/matrix_common.c **** #    define matrix_bitpop(row) bitpop(matrix_get_row(row))
  57:quantum/matrix_common.c **** #elif (MATRIX_COLS <= 16)
  58:quantum/matrix_common.c **** #    define print_matrix_header() print("\nr/c 0123456789ABCDEF\n")
  59:quantum/matrix_common.c **** #    define print_matrix_row(row) print_bin_reverse16(matrix_get_row(row))
  60:quantum/matrix_common.c **** #    define matrix_bitpop(row) bitpop16(matrix_get_row(row))
  61:quantum/matrix_common.c **** #elif (MATRIX_COLS <= 32)
  62:quantum/matrix_common.c **** #    define print_matrix_header() print("\nr/c 0123456789ABCDEF0123456789ABCDEF\n")
  63:quantum/matrix_common.c **** #    define print_matrix_row(row) print_bin_reverse32(matrix_get_row(row))
  64:quantum/matrix_common.c **** #    define matrix_bitpop(row) bitpop32(matrix_get_row(row))
  65:quantum/matrix_common.c **** #endif
  66:quantum/matrix_common.c **** 
  67:quantum/matrix_common.c **** void matrix_print(void) {
 218               		.loc 1 67 25 is_stmt 1 view -0
 219               		.cfi_startproc
 220 0000 CF92      		push r12
 221               	.LCFI0:
 222               		.cfi_def_cfa_offset 3
 223               		.cfi_offset 12, -2
 224 0002 DF92      		push r13
 225               	.LCFI1:
 226               		.cfi_def_cfa_offset 4
 227               		.cfi_offset 13, -3
 228 0004 EF92      		push r14
 229               	.LCFI2:
 230               		.cfi_def_cfa_offset 5
 231               		.cfi_offset 14, -4
 232 0006 FF92      		push r15
 233               	.LCFI3:
 234               		.cfi_def_cfa_offset 6
 235               		.cfi_offset 15, -5
 236 0008 0F93      		push r16
 237               	.LCFI4:
 238               		.cfi_def_cfa_offset 7
 239               		.cfi_offset 16, -6
 240 000a 1F93      		push r17
 241               	.LCFI5:
 242               		.cfi_def_cfa_offset 8
 243               		.cfi_offset 17, -7
 244 000c CF93      		push r28
 245               	.LCFI6:
 246               		.cfi_def_cfa_offset 9
 247               		.cfi_offset 28, -8
 248 000e DF93      		push r29
 249               	.LCFI7:
 250               		.cfi_def_cfa_offset 10
 251               		.cfi_offset 29, -9
 252               	/* prologue: function */
 253               	/* frame size = 0 */
 254               	/* stack size = 8 */
 255               	.L__stack_usage = 8
  68:quantum/matrix_common.c ****     print_matrix_header();
 256               		.loc 1 68 5 view .LVU30
 257               	.LBB15:
 258               		.loc 1 68 5 view .LVU31
 259               		.loc 1 68 5 view .LVU32
 260               	.LBE15:
 261 0010 80E0      		ldi r24,lo8(__c.1959)
 262 0012 90E0      		ldi r25,hi8(__c.1959)
 263 0014 0E94 0000 		call xputs
  69:quantum/matrix_common.c **** 
  70:quantum/matrix_common.c ****     for (uint8_t row = 0; row < MATRIX_ROWS; row++) {
 264               		.loc 1 70 5 view .LVU33
 265               	.LBB16:
 266               		.loc 1 70 10 view .LVU34
 267               		.loc 1 70 27 view .LVU35
 268 0018 80E0      		ldi r24,lo8(matrix)
 269 001a E82E      		mov r14,r24
 270 001c 80E0      		ldi r24,hi8(matrix)
 271 001e F82E      		mov r15,r24
 272               	.LBE16:
  68:quantum/matrix_common.c ****     print_matrix_header();
 273               		.loc 1 68 5 is_stmt 0 view .LVU36
 274 0020 D0E0      		ldi r29,0
 275 0022 C0E0      		ldi r28,0
 276               	.LBB23:
  71:quantum/matrix_common.c ****         phex(row);
 277               		.loc 1 71 9 view .LVU37
 278 0024 90E0      		ldi r25,lo8(__c.1962)
 279 0026 C92E      		mov r12,r25
 280 0028 90E0      		ldi r25,hi8(__c.1962)
 281 002a D92E      		mov r13,r25
  72:quantum/matrix_common.c ****         print(": ");
  73:quantum/matrix_common.c ****         print_matrix_row(row);
 282               		.loc 1 73 9 view .LVU38
 283 002c 00E0      		ldi r16,lo8(__c.1966)
 284 002e 10E0      		ldi r17,hi8(__c.1966)
 285               	.L12:
  71:quantum/matrix_common.c ****         phex(row);
 286               		.loc 1 71 9 is_stmt 1 discriminator 3 view .LVU39
 287               	.LBB17:
  71:quantum/matrix_common.c ****         phex(row);
 288               		.loc 1 71 9 discriminator 3 view .LVU40
  71:quantum/matrix_common.c ****         phex(row);
 289               		.loc 1 71 9 discriminator 3 view .LVU41
 290               	.LBE17:
 291 0030 DF93      		push r29
 292               	.LCFI8:
 293               		.cfi_def_cfa_offset 11
 294 0032 CF93      		push r28
 295               	.LCFI9:
 296               		.cfi_def_cfa_offset 12
 297 0034 DF92      		push r13
 298               	.LCFI10:
 299               		.cfi_def_cfa_offset 13
 300 0036 CF92      		push r12
 301               	.LCFI11:
 302               		.cfi_def_cfa_offset 14
 303 0038 0E94 0000 		call __xprintf
  72:quantum/matrix_common.c ****         print(": ");
 304               		.loc 1 72 9 discriminator 3 view .LVU42
 305               	.LBB18:
  72:quantum/matrix_common.c ****         print(": ");
 306               		.loc 1 72 9 discriminator 3 view .LVU43
  72:quantum/matrix_common.c ****         print(": ");
 307               		.loc 1 72 9 discriminator 3 view .LVU44
 308               	.LBE18:
 309 003c 80E0      		ldi r24,lo8(__c.1964)
 310 003e 90E0      		ldi r25,hi8(__c.1964)
 311 0040 0E94 0000 		call xputs
 312               		.loc 1 73 9 discriminator 3 view .LVU45
 313               	.LBB19:
 314               	.LBI19:
  37:quantum/matrix_common.c ****     // Matrix mask lets you disable switches in the returned matrix data. For example, if you have 
 315               		.loc 1 37 21 discriminator 3 view .LVU46
 316               	.LBB20:
  43:quantum/matrix_common.c **** #endif
 317               		.loc 1 43 5 discriminator 3 view .LVU47
 318               	.LBE20:
 319               	.LBE19:
 320               		.loc 1 73 9 is_stmt 0 discriminator 3 view .LVU48
 321 0044 F701      		movw r30,r14
 322 0046 8191      		ld r24,Z+
 323 0048 7F01      		movw r14,r30
 324 004a 0E94 0000 		call bitrev
 325               	.LBB21:
 326               		.loc 1 73 9 is_stmt 1 discriminator 3 view .LVU49
 327               		.loc 1 73 9 discriminator 3 view .LVU50
 328               	.LBE21:
 329 004e 1F92      		push __zero_reg__
 330               	.LCFI12:
 331               		.cfi_def_cfa_offset 15
 332 0050 8F93      		push r24
 333               	.LCFI13:
 334               		.cfi_def_cfa_offset 16
 335 0052 1F93      		push r17
 336               	.LCFI14:
 337               		.cfi_def_cfa_offset 17
 338 0054 0F93      		push r16
 339               	.LCFI15:
 340               		.cfi_def_cfa_offset 18
 341 0056 0E94 0000 		call __xprintf
  74:quantum/matrix_common.c ****         print("\n");
 342               		.loc 1 74 9 discriminator 3 view .LVU51
 343               	.LBB22:
 344               		.loc 1 74 9 discriminator 3 view .LVU52
 345               		.loc 1 74 9 discriminator 3 view .LVU53
 346               	.LBE22:
 347 005a 80E0      		ldi r24,lo8(__c.1968)
 348 005c 90E0      		ldi r25,hi8(__c.1968)
 349 005e 0E94 0000 		call xputs
  70:quantum/matrix_common.c ****         phex(row);
 350               		.loc 1 70 46 discriminator 3 view .LVU54
  70:quantum/matrix_common.c ****         phex(row);
 351               		.loc 1 70 27 discriminator 3 view .LVU55
 352 0062 2196      		adiw r28,1
  70:quantum/matrix_common.c ****         phex(row);
 353               		.loc 1 70 5 is_stmt 0 discriminator 3 view .LVU56
 354 0064 8DB7      		in r24,__SP_L__
 355 0066 9EB7      		in r25,__SP_H__
 356 0068 0896      		adiw r24,8
 357 006a 0FB6      		in __tmp_reg__,__SREG__
 358 006c F894      		cli
 359 006e 9EBF      		out __SP_H__,r25
 360 0070 0FBE      		out __SREG__,__tmp_reg__
 361 0072 8DBF      		out __SP_L__,r24
 362               	.LCFI16:
 363               		.cfi_def_cfa_offset 10
 364 0074 C830      		cpi r28,8
 365 0076 D105      		cpc r29,__zero_reg__
 366 0078 01F4      		brne .L12
 367               	/* epilogue start */
 368               	.LBE23:
  75:quantum/matrix_common.c ****     }
  76:quantum/matrix_common.c **** }
 369               		.loc 1 76 1 view .LVU57
 370 007a DF91      		pop r29
 371 007c CF91      		pop r28
 372 007e 1F91      		pop r17
 373 0080 0F91      		pop r16
 374 0082 FF90      		pop r15
 375 0084 EF90      		pop r14
 376 0086 DF90      		pop r13
 377 0088 CF90      		pop r12
 378 008a 0895      		ret
 379               		.cfi_endproc
 380               	.LFE16:
 382               		.section	.text.matrix_key_count,"ax",@progbits
 383               	.global	matrix_key_count
 385               	matrix_key_count:
 386               	.LFB17:
  77:quantum/matrix_common.c **** 
  78:quantum/matrix_common.c **** uint8_t matrix_key_count(void) {
 387               		.loc 1 78 32 is_stmt 1 view -0
 388               		.cfi_startproc
 389 0000 0F93      		push r16
 390               	.LCFI17:
 391               		.cfi_def_cfa_offset 3
 392               		.cfi_offset 16, -2
 393 0002 1F93      		push r17
 394               	.LCFI18:
 395               		.cfi_def_cfa_offset 4
 396               		.cfi_offset 17, -3
 397 0004 CF93      		push r28
 398               	.LCFI19:
 399               		.cfi_def_cfa_offset 5
 400               		.cfi_offset 28, -4
 401               	/* prologue: function */
 402               	/* frame size = 0 */
 403               	/* stack size = 3 */
 404               	.L__stack_usage = 3
  79:quantum/matrix_common.c ****     uint8_t count = 0;
 405               		.loc 1 79 5 view .LVU59
 406               	.LVL7:
  80:quantum/matrix_common.c ****     for (uint8_t i = 0; i < MATRIX_ROWS; i++) {
 407               		.loc 1 80 5 view .LVU60
 408               	.LBB24:
 409               		.loc 1 80 10 view .LVU61
 410               		.loc 1 80 25 view .LVU62
 411 0006 00E0      		ldi r16,lo8(matrix)
 412 0008 10E0      		ldi r17,hi8(matrix)
 413               	.LBE24:
  79:quantum/matrix_common.c ****     uint8_t count = 0;
 414               		.loc 1 79 13 is_stmt 0 view .LVU63
 415 000a C0E0      		ldi r28,0
 416               	.LVL8:
 417               	.L15:
 418               	.LBB27:
  81:quantum/matrix_common.c ****         count += matrix_bitpop(i);
 419               		.loc 1 81 9 is_stmt 1 view .LVU64
 420               	.LBB25:
 421               	.LBI25:
  37:quantum/matrix_common.c ****     // Matrix mask lets you disable switches in the returned matrix data. For example, if you have 
 422               		.loc 1 37 21 view .LVU65
 423               	.LBB26:
  43:quantum/matrix_common.c **** #endif
 424               		.loc 1 43 5 view .LVU66
  43:quantum/matrix_common.c **** #endif
 425               		.loc 1 43 5 is_stmt 0 view .LVU67
 426               	.LBE26:
 427               	.LBE25:
 428               		.loc 1 81 18 view .LVU68
 429 000c F801      		movw r30,r16
 430 000e 8191      		ld r24,Z+
 431 0010 8F01      		movw r16,r30
 432               	.LVL9:
 433               		.loc 1 81 18 view .LVU69
 434 0012 0E94 0000 		call bitpop
 435               	.LVL10:
 436               		.loc 1 81 15 view .LVU70
 437 0016 C80F      		add r28,r24
 438               	.LVL11:
  80:quantum/matrix_common.c ****         count += matrix_bitpop(i);
 439               		.loc 1 80 42 is_stmt 1 view .LVU71
  80:quantum/matrix_common.c ****         count += matrix_bitpop(i);
 440               		.loc 1 80 25 view .LVU72
  80:quantum/matrix_common.c ****         count += matrix_bitpop(i);
 441               		.loc 1 80 5 is_stmt 0 view .LVU73
 442 0018 F0E0      		ldi r31,hi8(matrix+8)
 443 001a 0030      		cpi r16,lo8(matrix+8)
 444 001c 1F07      		cpc r17,r31
 445 001e 01F4      		brne .L15
 446               	.LBE27:
  82:quantum/matrix_common.c ****     }
  83:quantum/matrix_common.c ****     return count;
 447               		.loc 1 83 5 is_stmt 1 view .LVU74
  84:quantum/matrix_common.c **** }
 448               		.loc 1 84 1 is_stmt 0 view .LVU75
 449 0020 8C2F      		mov r24,r28
 450               	/* epilogue start */
 451 0022 CF91      		pop r28
 452               	.LVL12:
 453               		.loc 1 84 1 view .LVU76
 454 0024 1F91      		pop r17
 455 0026 0F91      		pop r16
 456               	.LVL13:
 457               		.loc 1 84 1 view .LVU77
 458 0028 0895      		ret
 459               		.cfi_endproc
 460               	.LFE17:
 462               		.section	.text.matrix_io_delay,"ax",@progbits
 463               		.weak	matrix_io_delay
 465               	matrix_io_delay:
 466               	.LFB18:
  85:quantum/matrix_common.c **** 
  86:quantum/matrix_common.c **** __attribute__((weak)) void matrix_io_delay(void) { wait_us(MATRIX_IO_DELAY); }
 467               		.loc 1 86 50 is_stmt 1 view -0
 468               		.cfi_startproc
 469               	/* prologue: function */
 470               	/* frame size = 0 */
 471               	/* stack size = 0 */
 472               	.L__stack_usage = 0
 473               		.loc 1 86 52 view .LVU79
 474               	.LVL14:
 475               	.LBB28:
 476               	.LBI28:
 477               		.file 2 "/usr/local/Cellar/avr-gcc@8/8.4.0/avr/include/util/delay.h"
   1:/usr/local/Cellar/avr-gcc@8/8.4.0/avr/include/util/delay.h **** /* Copyright (c) 2002, Marek Michalkiewicz
   2:/usr/local/Cellar/avr-gcc@8/8.4.0/avr/include/util/delay.h ****    Copyright (c) 2004,2005,2007 Joerg Wunsch
   3:/usr/local/Cellar/avr-gcc@8/8.4.0/avr/include/util/delay.h ****    Copyright (c) 2007  Florin-Viorel Petrov
   4:/usr/local/Cellar/avr-gcc@8/8.4.0/avr/include/util/delay.h ****    All rights reserved.
   5:/usr/local/Cellar/avr-gcc@8/8.4.0/avr/include/util/delay.h **** 
   6:/usr/local/Cellar/avr-gcc@8/8.4.0/avr/include/util/delay.h ****    Redistribution and use in source and binary forms, with or without
   7:/usr/local/Cellar/avr-gcc@8/8.4.0/avr/include/util/delay.h ****    modification, are permitted provided that the following conditions are met:
   8:/usr/local/Cellar/avr-gcc@8/8.4.0/avr/include/util/delay.h **** 
   9:/usr/local/Cellar/avr-gcc@8/8.4.0/avr/include/util/delay.h ****    * Redistributions of source code must retain the above copyright
  10:/usr/local/Cellar/avr-gcc@8/8.4.0/avr/include/util/delay.h ****      notice, this list of conditions and the following disclaimer.
  11:/usr/local/Cellar/avr-gcc@8/8.4.0/avr/include/util/delay.h **** 
  12:/usr/local/Cellar/avr-gcc@8/8.4.0/avr/include/util/delay.h ****    * Redistributions in binary form must reproduce the above copyright
  13:/usr/local/Cellar/avr-gcc@8/8.4.0/avr/include/util/delay.h ****      notice, this list of conditions and the following disclaimer in
  14:/usr/local/Cellar/avr-gcc@8/8.4.0/avr/include/util/delay.h ****      the documentation and/or other materials provided with the
  15:/usr/local/Cellar/avr-gcc@8/8.4.0/avr/include/util/delay.h ****      distribution.
  16:/usr/local/Cellar/avr-gcc@8/8.4.0/avr/include/util/delay.h **** 
  17:/usr/local/Cellar/avr-gcc@8/8.4.0/avr/include/util/delay.h ****    * Neither the name of the copyright holders nor the names of
  18:/usr/local/Cellar/avr-gcc@8/8.4.0/avr/include/util/delay.h ****      contributors may be used to endorse or promote products derived
  19:/usr/local/Cellar/avr-gcc@8/8.4.0/avr/include/util/delay.h ****      from this software without specific prior written permission.
  20:/usr/local/Cellar/avr-gcc@8/8.4.0/avr/include/util/delay.h **** 
  21:/usr/local/Cellar/avr-gcc@8/8.4.0/avr/include/util/delay.h ****   THIS SOFTWARE IS PROVIDED BY THE COPYRIGHT HOLDERS AND CONTRIBUTORS "AS IS"
  22:/usr/local/Cellar/avr-gcc@8/8.4.0/avr/include/util/delay.h ****   AND ANY EXPRESS OR IMPLIED WARRANTIES, INCLUDING, BUT NOT LIMITED TO, THE
  23:/usr/local/Cellar/avr-gcc@8/8.4.0/avr/include/util/delay.h ****   IMPLIED WARRANTIES OF MERCHANTABILITY AND FITNESS FOR A PARTICULAR PURPOSE
  24:/usr/local/Cellar/avr-gcc@8/8.4.0/avr/include/util/delay.h ****   ARE DISCLAIMED. IN NO EVENT SHALL THE COPYRIGHT OWNER OR CONTRIBUTORS BE
  25:/usr/local/Cellar/avr-gcc@8/8.4.0/avr/include/util/delay.h ****   LIABLE FOR ANY DIRECT, INDIRECT, INCIDENTAL, SPECIAL, EXEMPLARY, OR
  26:/usr/local/Cellar/avr-gcc@8/8.4.0/avr/include/util/delay.h ****   CONSEQUENTIAL DAMAGES (INCLUDING, BUT NOT LIMITED TO, PROCUREMENT OF
  27:/usr/local/Cellar/avr-gcc@8/8.4.0/avr/include/util/delay.h ****   SUBSTITUTE GOODS OR SERVICES; LOSS OF USE, DATA, OR PROFITS; OR BUSINESS
  28:/usr/local/Cellar/avr-gcc@8/8.4.0/avr/include/util/delay.h ****   INTERRUPTION) HOWEVER CAUSED AND ON ANY THEORY OF LIABILITY, WHETHER IN
  29:/usr/local/Cellar/avr-gcc@8/8.4.0/avr/include/util/delay.h ****   CONTRACT, STRICT LIABILITY, OR TORT (INCLUDING NEGLIGENCE OR OTHERWISE)
  30:/usr/local/Cellar/avr-gcc@8/8.4.0/avr/include/util/delay.h ****   ARISING IN ANY WAY OUT OF THE USE OF THIS SOFTWARE, EVEN IF ADVISED OF THE
  31:/usr/local/Cellar/avr-gcc@8/8.4.0/avr/include/util/delay.h ****   POSSIBILITY OF SUCH DAMAGE. */
  32:/usr/local/Cellar/avr-gcc@8/8.4.0/avr/include/util/delay.h **** 
  33:/usr/local/Cellar/avr-gcc@8/8.4.0/avr/include/util/delay.h **** /* $Id: delay.h.in 2506 2016-02-08 10:05:45Z joerg_wunsch $ */
  34:/usr/local/Cellar/avr-gcc@8/8.4.0/avr/include/util/delay.h **** 
  35:/usr/local/Cellar/avr-gcc@8/8.4.0/avr/include/util/delay.h **** #ifndef _UTIL_DELAY_H_
  36:/usr/local/Cellar/avr-gcc@8/8.4.0/avr/include/util/delay.h **** #define _UTIL_DELAY_H_ 1
  37:/usr/local/Cellar/avr-gcc@8/8.4.0/avr/include/util/delay.h **** 
  38:/usr/local/Cellar/avr-gcc@8/8.4.0/avr/include/util/delay.h **** #ifndef __DOXYGEN__
  39:/usr/local/Cellar/avr-gcc@8/8.4.0/avr/include/util/delay.h **** #  ifndef __HAS_DELAY_CYCLES
  40:/usr/local/Cellar/avr-gcc@8/8.4.0/avr/include/util/delay.h **** #    define __HAS_DELAY_CYCLES 1
  41:/usr/local/Cellar/avr-gcc@8/8.4.0/avr/include/util/delay.h **** #  endif
  42:/usr/local/Cellar/avr-gcc@8/8.4.0/avr/include/util/delay.h **** #endif  /* __DOXYGEN__ */
  43:/usr/local/Cellar/avr-gcc@8/8.4.0/avr/include/util/delay.h **** 
  44:/usr/local/Cellar/avr-gcc@8/8.4.0/avr/include/util/delay.h **** #include <inttypes.h>
  45:/usr/local/Cellar/avr-gcc@8/8.4.0/avr/include/util/delay.h **** #include <util/delay_basic.h>
  46:/usr/local/Cellar/avr-gcc@8/8.4.0/avr/include/util/delay.h **** #include <math.h>
  47:/usr/local/Cellar/avr-gcc@8/8.4.0/avr/include/util/delay.h **** 
  48:/usr/local/Cellar/avr-gcc@8/8.4.0/avr/include/util/delay.h **** /** \file */
  49:/usr/local/Cellar/avr-gcc@8/8.4.0/avr/include/util/delay.h **** /** \defgroup util_delay <util/delay.h>: Convenience functions for busy-wait delay loops
  50:/usr/local/Cellar/avr-gcc@8/8.4.0/avr/include/util/delay.h ****     \code
  51:/usr/local/Cellar/avr-gcc@8/8.4.0/avr/include/util/delay.h ****     #define F_CPU 1000000UL  // 1 MHz
  52:/usr/local/Cellar/avr-gcc@8/8.4.0/avr/include/util/delay.h ****     //#define F_CPU 14.7456E6
  53:/usr/local/Cellar/avr-gcc@8/8.4.0/avr/include/util/delay.h ****     #include <util/delay.h>
  54:/usr/local/Cellar/avr-gcc@8/8.4.0/avr/include/util/delay.h ****     \endcode
  55:/usr/local/Cellar/avr-gcc@8/8.4.0/avr/include/util/delay.h **** 
  56:/usr/local/Cellar/avr-gcc@8/8.4.0/avr/include/util/delay.h ****     \note As an alternative method, it is possible to pass the
  57:/usr/local/Cellar/avr-gcc@8/8.4.0/avr/include/util/delay.h ****     F_CPU macro down to the compiler from the Makefile.
  58:/usr/local/Cellar/avr-gcc@8/8.4.0/avr/include/util/delay.h ****     Obviously, in that case, no \c \#define statement should be
  59:/usr/local/Cellar/avr-gcc@8/8.4.0/avr/include/util/delay.h ****     used.
  60:/usr/local/Cellar/avr-gcc@8/8.4.0/avr/include/util/delay.h **** 
  61:/usr/local/Cellar/avr-gcc@8/8.4.0/avr/include/util/delay.h ****     The functions in this header file are wrappers around the basic
  62:/usr/local/Cellar/avr-gcc@8/8.4.0/avr/include/util/delay.h ****     busy-wait functions from <util/delay_basic.h>.  They are meant as
  63:/usr/local/Cellar/avr-gcc@8/8.4.0/avr/include/util/delay.h ****     convenience functions where actual time values can be specified
  64:/usr/local/Cellar/avr-gcc@8/8.4.0/avr/include/util/delay.h ****     rather than a number of cycles to wait for.  The idea behind is
  65:/usr/local/Cellar/avr-gcc@8/8.4.0/avr/include/util/delay.h ****     that compile-time constant expressions will be eliminated by
  66:/usr/local/Cellar/avr-gcc@8/8.4.0/avr/include/util/delay.h ****     compiler optimization so floating-point expressions can be used
  67:/usr/local/Cellar/avr-gcc@8/8.4.0/avr/include/util/delay.h ****     to calculate the number of delay cycles needed based on the CPU
  68:/usr/local/Cellar/avr-gcc@8/8.4.0/avr/include/util/delay.h ****     frequency passed by the macro F_CPU.
  69:/usr/local/Cellar/avr-gcc@8/8.4.0/avr/include/util/delay.h **** 
  70:/usr/local/Cellar/avr-gcc@8/8.4.0/avr/include/util/delay.h ****     \note In order for these functions to work as intended, compiler
  71:/usr/local/Cellar/avr-gcc@8/8.4.0/avr/include/util/delay.h ****     optimizations <em>must</em> be enabled, and the delay time
  72:/usr/local/Cellar/avr-gcc@8/8.4.0/avr/include/util/delay.h ****     <em>must</em> be an expression that is a known constant at
  73:/usr/local/Cellar/avr-gcc@8/8.4.0/avr/include/util/delay.h ****     compile-time.  If these requirements are not met, the resulting
  74:/usr/local/Cellar/avr-gcc@8/8.4.0/avr/include/util/delay.h ****     delay will be much longer (and basically unpredictable), and
  75:/usr/local/Cellar/avr-gcc@8/8.4.0/avr/include/util/delay.h ****     applications that otherwise do not use floating-point calculations
  76:/usr/local/Cellar/avr-gcc@8/8.4.0/avr/include/util/delay.h ****     will experience severe code bloat by the floating-point library
  77:/usr/local/Cellar/avr-gcc@8/8.4.0/avr/include/util/delay.h ****     routines linked into the application.
  78:/usr/local/Cellar/avr-gcc@8/8.4.0/avr/include/util/delay.h **** 
  79:/usr/local/Cellar/avr-gcc@8/8.4.0/avr/include/util/delay.h ****     The functions available allow the specification of microsecond, and
  80:/usr/local/Cellar/avr-gcc@8/8.4.0/avr/include/util/delay.h ****     millisecond delays directly, using the application-supplied macro
  81:/usr/local/Cellar/avr-gcc@8/8.4.0/avr/include/util/delay.h ****     F_CPU as the CPU clock frequency (in Hertz).
  82:/usr/local/Cellar/avr-gcc@8/8.4.0/avr/include/util/delay.h **** 
  83:/usr/local/Cellar/avr-gcc@8/8.4.0/avr/include/util/delay.h **** */
  84:/usr/local/Cellar/avr-gcc@8/8.4.0/avr/include/util/delay.h **** 
  85:/usr/local/Cellar/avr-gcc@8/8.4.0/avr/include/util/delay.h **** #if !defined(__DOXYGEN__)
  86:/usr/local/Cellar/avr-gcc@8/8.4.0/avr/include/util/delay.h **** static __inline__ void _delay_us(double __us) __attribute__((__always_inline__));
  87:/usr/local/Cellar/avr-gcc@8/8.4.0/avr/include/util/delay.h **** static __inline__ void _delay_ms(double __ms) __attribute__((__always_inline__));
  88:/usr/local/Cellar/avr-gcc@8/8.4.0/avr/include/util/delay.h **** #endif
  89:/usr/local/Cellar/avr-gcc@8/8.4.0/avr/include/util/delay.h **** 
  90:/usr/local/Cellar/avr-gcc@8/8.4.0/avr/include/util/delay.h **** #ifndef F_CPU
  91:/usr/local/Cellar/avr-gcc@8/8.4.0/avr/include/util/delay.h **** /* prevent compiler error by supplying a default */
  92:/usr/local/Cellar/avr-gcc@8/8.4.0/avr/include/util/delay.h **** # warning "F_CPU not defined for <util/delay.h>"
  93:/usr/local/Cellar/avr-gcc@8/8.4.0/avr/include/util/delay.h **** /** \ingroup util_delay
  94:/usr/local/Cellar/avr-gcc@8/8.4.0/avr/include/util/delay.h ****     \def F_CPU
  95:/usr/local/Cellar/avr-gcc@8/8.4.0/avr/include/util/delay.h ****     \brief CPU frequency in Hz
  96:/usr/local/Cellar/avr-gcc@8/8.4.0/avr/include/util/delay.h **** 
  97:/usr/local/Cellar/avr-gcc@8/8.4.0/avr/include/util/delay.h ****     The macro F_CPU specifies the CPU frequency to be considered by
  98:/usr/local/Cellar/avr-gcc@8/8.4.0/avr/include/util/delay.h ****     the delay macros.  This macro is normally supplied by the
  99:/usr/local/Cellar/avr-gcc@8/8.4.0/avr/include/util/delay.h ****     environment (e.g. from within a project header, or the project's
 100:/usr/local/Cellar/avr-gcc@8/8.4.0/avr/include/util/delay.h ****     Makefile).  The value 1 MHz here is only provided as a "vanilla"
 101:/usr/local/Cellar/avr-gcc@8/8.4.0/avr/include/util/delay.h ****     fallback if no such user-provided definition could be found.
 102:/usr/local/Cellar/avr-gcc@8/8.4.0/avr/include/util/delay.h **** 
 103:/usr/local/Cellar/avr-gcc@8/8.4.0/avr/include/util/delay.h ****     In terms of the delay functions, the CPU frequency can be given as
 104:/usr/local/Cellar/avr-gcc@8/8.4.0/avr/include/util/delay.h ****     a floating-point constant (e.g. 3.6864E6 for 3.6864 MHz).
 105:/usr/local/Cellar/avr-gcc@8/8.4.0/avr/include/util/delay.h ****     However, the macros in <util/setbaud.h> require it to be an
 106:/usr/local/Cellar/avr-gcc@8/8.4.0/avr/include/util/delay.h ****     integer value.
 107:/usr/local/Cellar/avr-gcc@8/8.4.0/avr/include/util/delay.h ****  */
 108:/usr/local/Cellar/avr-gcc@8/8.4.0/avr/include/util/delay.h **** # define F_CPU 1000000UL
 109:/usr/local/Cellar/avr-gcc@8/8.4.0/avr/include/util/delay.h **** #endif
 110:/usr/local/Cellar/avr-gcc@8/8.4.0/avr/include/util/delay.h **** 
 111:/usr/local/Cellar/avr-gcc@8/8.4.0/avr/include/util/delay.h **** #ifndef __OPTIMIZE__
 112:/usr/local/Cellar/avr-gcc@8/8.4.0/avr/include/util/delay.h **** # warning "Compiler optimizations disabled; functions from <util/delay.h> won't work as designed"
 113:/usr/local/Cellar/avr-gcc@8/8.4.0/avr/include/util/delay.h **** #endif
 114:/usr/local/Cellar/avr-gcc@8/8.4.0/avr/include/util/delay.h **** 
 115:/usr/local/Cellar/avr-gcc@8/8.4.0/avr/include/util/delay.h **** #if __HAS_DELAY_CYCLES && defined(__OPTIMIZE__) && \
 116:/usr/local/Cellar/avr-gcc@8/8.4.0/avr/include/util/delay.h ****   !defined(__DELAY_BACKWARD_COMPATIBLE__) &&	   \
 117:/usr/local/Cellar/avr-gcc@8/8.4.0/avr/include/util/delay.h ****   __STDC_HOSTED__
 118:/usr/local/Cellar/avr-gcc@8/8.4.0/avr/include/util/delay.h **** #  include <math.h>
 119:/usr/local/Cellar/avr-gcc@8/8.4.0/avr/include/util/delay.h **** #endif
 120:/usr/local/Cellar/avr-gcc@8/8.4.0/avr/include/util/delay.h **** 
 121:/usr/local/Cellar/avr-gcc@8/8.4.0/avr/include/util/delay.h **** /**
 122:/usr/local/Cellar/avr-gcc@8/8.4.0/avr/include/util/delay.h ****    \ingroup util_delay
 123:/usr/local/Cellar/avr-gcc@8/8.4.0/avr/include/util/delay.h **** 
 124:/usr/local/Cellar/avr-gcc@8/8.4.0/avr/include/util/delay.h ****    Perform a delay of \c __ms milliseconds, using _delay_loop_2().
 125:/usr/local/Cellar/avr-gcc@8/8.4.0/avr/include/util/delay.h **** 
 126:/usr/local/Cellar/avr-gcc@8/8.4.0/avr/include/util/delay.h ****    The macro F_CPU is supposed to be defined to a
 127:/usr/local/Cellar/avr-gcc@8/8.4.0/avr/include/util/delay.h ****    constant defining the CPU clock frequency (in Hertz).
 128:/usr/local/Cellar/avr-gcc@8/8.4.0/avr/include/util/delay.h **** 
 129:/usr/local/Cellar/avr-gcc@8/8.4.0/avr/include/util/delay.h ****    The maximal possible delay is 262.14 ms / F_CPU in MHz.
 130:/usr/local/Cellar/avr-gcc@8/8.4.0/avr/include/util/delay.h **** 
 131:/usr/local/Cellar/avr-gcc@8/8.4.0/avr/include/util/delay.h ****    When the user request delay which exceed the maximum possible one,
 132:/usr/local/Cellar/avr-gcc@8/8.4.0/avr/include/util/delay.h ****    _delay_ms() provides a decreased resolution functionality. In this
 133:/usr/local/Cellar/avr-gcc@8/8.4.0/avr/include/util/delay.h ****    mode _delay_ms() will work with a resolution of 1/10 ms, providing
 134:/usr/local/Cellar/avr-gcc@8/8.4.0/avr/include/util/delay.h ****    delays up to 6.5535 seconds (independent from CPU frequency).  The
 135:/usr/local/Cellar/avr-gcc@8/8.4.0/avr/include/util/delay.h ****    user will not be informed about decreased resolution.
 136:/usr/local/Cellar/avr-gcc@8/8.4.0/avr/include/util/delay.h **** 
 137:/usr/local/Cellar/avr-gcc@8/8.4.0/avr/include/util/delay.h ****    If the avr-gcc toolchain has __builtin_avr_delay_cycles()
 138:/usr/local/Cellar/avr-gcc@8/8.4.0/avr/include/util/delay.h ****    support, maximal possible delay is 4294967.295 ms/ F_CPU in MHz. For
 139:/usr/local/Cellar/avr-gcc@8/8.4.0/avr/include/util/delay.h ****    values greater than the maximal possible delay, overflows results in
 140:/usr/local/Cellar/avr-gcc@8/8.4.0/avr/include/util/delay.h ****    no delay i.e., 0ms.
 141:/usr/local/Cellar/avr-gcc@8/8.4.0/avr/include/util/delay.h **** 
 142:/usr/local/Cellar/avr-gcc@8/8.4.0/avr/include/util/delay.h ****    Conversion of \c __ms into clock cycles may not always result in
 143:/usr/local/Cellar/avr-gcc@8/8.4.0/avr/include/util/delay.h ****    integer.  By default, the clock cycles rounded up to next
 144:/usr/local/Cellar/avr-gcc@8/8.4.0/avr/include/util/delay.h ****    integer. This ensures that the user gets at least \c __ms
 145:/usr/local/Cellar/avr-gcc@8/8.4.0/avr/include/util/delay.h ****    microseconds of delay.
 146:/usr/local/Cellar/avr-gcc@8/8.4.0/avr/include/util/delay.h **** 
 147:/usr/local/Cellar/avr-gcc@8/8.4.0/avr/include/util/delay.h ****    Alternatively, by defining the macro \c __DELAY_ROUND_DOWN__, or
 148:/usr/local/Cellar/avr-gcc@8/8.4.0/avr/include/util/delay.h ****    \c __DELAY_ROUND_CLOSEST__, before including this header file, the
 149:/usr/local/Cellar/avr-gcc@8/8.4.0/avr/include/util/delay.h ****    algorithm can be made to round down, or round to closest integer,
 150:/usr/local/Cellar/avr-gcc@8/8.4.0/avr/include/util/delay.h ****    respectively.
 151:/usr/local/Cellar/avr-gcc@8/8.4.0/avr/include/util/delay.h **** 
 152:/usr/local/Cellar/avr-gcc@8/8.4.0/avr/include/util/delay.h ****    \note
 153:/usr/local/Cellar/avr-gcc@8/8.4.0/avr/include/util/delay.h **** 
 154:/usr/local/Cellar/avr-gcc@8/8.4.0/avr/include/util/delay.h ****    The implementation of _delay_ms() based on
 155:/usr/local/Cellar/avr-gcc@8/8.4.0/avr/include/util/delay.h ****    __builtin_avr_delay_cycles() is not backward compatible with older
 156:/usr/local/Cellar/avr-gcc@8/8.4.0/avr/include/util/delay.h ****    implementations.  In order to get functionality backward compatible
 157:/usr/local/Cellar/avr-gcc@8/8.4.0/avr/include/util/delay.h ****    with previous versions, the macro \c "__DELAY_BACKWARD_COMPATIBLE__"
 158:/usr/local/Cellar/avr-gcc@8/8.4.0/avr/include/util/delay.h ****    must be defined before including this header file. Also, the
 159:/usr/local/Cellar/avr-gcc@8/8.4.0/avr/include/util/delay.h ****    backward compatible algorithm will be chosen if the code is
 160:/usr/local/Cellar/avr-gcc@8/8.4.0/avr/include/util/delay.h ****    compiled in a <em>freestanding environment</em> (GCC option
 161:/usr/local/Cellar/avr-gcc@8/8.4.0/avr/include/util/delay.h ****    \c -ffreestanding), as the math functions required for rounding are
 162:/usr/local/Cellar/avr-gcc@8/8.4.0/avr/include/util/delay.h ****    not available to the compiler then.
 163:/usr/local/Cellar/avr-gcc@8/8.4.0/avr/include/util/delay.h **** 
 164:/usr/local/Cellar/avr-gcc@8/8.4.0/avr/include/util/delay.h ****  */
 165:/usr/local/Cellar/avr-gcc@8/8.4.0/avr/include/util/delay.h **** void
 166:/usr/local/Cellar/avr-gcc@8/8.4.0/avr/include/util/delay.h **** _delay_ms(double __ms)
 167:/usr/local/Cellar/avr-gcc@8/8.4.0/avr/include/util/delay.h **** {
 168:/usr/local/Cellar/avr-gcc@8/8.4.0/avr/include/util/delay.h **** 	double __tmp ;
 169:/usr/local/Cellar/avr-gcc@8/8.4.0/avr/include/util/delay.h **** #if __HAS_DELAY_CYCLES && defined(__OPTIMIZE__) && \
 170:/usr/local/Cellar/avr-gcc@8/8.4.0/avr/include/util/delay.h ****   !defined(__DELAY_BACKWARD_COMPATIBLE__) &&	   \
 171:/usr/local/Cellar/avr-gcc@8/8.4.0/avr/include/util/delay.h ****   __STDC_HOSTED__
 172:/usr/local/Cellar/avr-gcc@8/8.4.0/avr/include/util/delay.h **** 	uint32_t __ticks_dc;
 173:/usr/local/Cellar/avr-gcc@8/8.4.0/avr/include/util/delay.h **** 	extern void __builtin_avr_delay_cycles(unsigned long);
 174:/usr/local/Cellar/avr-gcc@8/8.4.0/avr/include/util/delay.h **** 	__tmp = ((F_CPU) / 1e3) * __ms;
 175:/usr/local/Cellar/avr-gcc@8/8.4.0/avr/include/util/delay.h **** 
 176:/usr/local/Cellar/avr-gcc@8/8.4.0/avr/include/util/delay.h **** 	#if defined(__DELAY_ROUND_DOWN__)
 177:/usr/local/Cellar/avr-gcc@8/8.4.0/avr/include/util/delay.h **** 		__ticks_dc = (uint32_t)fabs(__tmp);
 178:/usr/local/Cellar/avr-gcc@8/8.4.0/avr/include/util/delay.h **** 
 179:/usr/local/Cellar/avr-gcc@8/8.4.0/avr/include/util/delay.h **** 	#elif defined(__DELAY_ROUND_CLOSEST__)
 180:/usr/local/Cellar/avr-gcc@8/8.4.0/avr/include/util/delay.h **** 		__ticks_dc = (uint32_t)(fabs(__tmp)+0.5);
 181:/usr/local/Cellar/avr-gcc@8/8.4.0/avr/include/util/delay.h **** 
 182:/usr/local/Cellar/avr-gcc@8/8.4.0/avr/include/util/delay.h **** 	#else
 183:/usr/local/Cellar/avr-gcc@8/8.4.0/avr/include/util/delay.h **** 		//round up by default
 184:/usr/local/Cellar/avr-gcc@8/8.4.0/avr/include/util/delay.h **** 		__ticks_dc = (uint32_t)(ceil(fabs(__tmp)));
 185:/usr/local/Cellar/avr-gcc@8/8.4.0/avr/include/util/delay.h **** 	#endif
 186:/usr/local/Cellar/avr-gcc@8/8.4.0/avr/include/util/delay.h **** 
 187:/usr/local/Cellar/avr-gcc@8/8.4.0/avr/include/util/delay.h **** 	__builtin_avr_delay_cycles(__ticks_dc);
 188:/usr/local/Cellar/avr-gcc@8/8.4.0/avr/include/util/delay.h **** 
 189:/usr/local/Cellar/avr-gcc@8/8.4.0/avr/include/util/delay.h **** #else
 190:/usr/local/Cellar/avr-gcc@8/8.4.0/avr/include/util/delay.h **** 	uint16_t __ticks;
 191:/usr/local/Cellar/avr-gcc@8/8.4.0/avr/include/util/delay.h **** 	__tmp = ((F_CPU) / 4e3) * __ms;
 192:/usr/local/Cellar/avr-gcc@8/8.4.0/avr/include/util/delay.h **** 	if (__tmp < 1.0)
 193:/usr/local/Cellar/avr-gcc@8/8.4.0/avr/include/util/delay.h **** 		__ticks = 1;
 194:/usr/local/Cellar/avr-gcc@8/8.4.0/avr/include/util/delay.h **** 	else if (__tmp > 65535)
 195:/usr/local/Cellar/avr-gcc@8/8.4.0/avr/include/util/delay.h **** 	{
 196:/usr/local/Cellar/avr-gcc@8/8.4.0/avr/include/util/delay.h **** 		//	__ticks = requested delay in 1/10 ms
 197:/usr/local/Cellar/avr-gcc@8/8.4.0/avr/include/util/delay.h **** 		__ticks = (uint16_t) (__ms * 10.0);
 198:/usr/local/Cellar/avr-gcc@8/8.4.0/avr/include/util/delay.h **** 		while(__ticks)
 199:/usr/local/Cellar/avr-gcc@8/8.4.0/avr/include/util/delay.h **** 		{
 200:/usr/local/Cellar/avr-gcc@8/8.4.0/avr/include/util/delay.h **** 			// wait 1/10 ms
 201:/usr/local/Cellar/avr-gcc@8/8.4.0/avr/include/util/delay.h **** 			_delay_loop_2(((F_CPU) / 4e3) / 10);
 202:/usr/local/Cellar/avr-gcc@8/8.4.0/avr/include/util/delay.h **** 			__ticks --;
 203:/usr/local/Cellar/avr-gcc@8/8.4.0/avr/include/util/delay.h **** 		}
 204:/usr/local/Cellar/avr-gcc@8/8.4.0/avr/include/util/delay.h **** 		return;
 205:/usr/local/Cellar/avr-gcc@8/8.4.0/avr/include/util/delay.h **** 	}
 206:/usr/local/Cellar/avr-gcc@8/8.4.0/avr/include/util/delay.h **** 	else
 207:/usr/local/Cellar/avr-gcc@8/8.4.0/avr/include/util/delay.h **** 		__ticks = (uint16_t)__tmp;
 208:/usr/local/Cellar/avr-gcc@8/8.4.0/avr/include/util/delay.h **** 	_delay_loop_2(__ticks);
 209:/usr/local/Cellar/avr-gcc@8/8.4.0/avr/include/util/delay.h **** #endif
 210:/usr/local/Cellar/avr-gcc@8/8.4.0/avr/include/util/delay.h **** }
 211:/usr/local/Cellar/avr-gcc@8/8.4.0/avr/include/util/delay.h **** 
 212:/usr/local/Cellar/avr-gcc@8/8.4.0/avr/include/util/delay.h **** /**
 213:/usr/local/Cellar/avr-gcc@8/8.4.0/avr/include/util/delay.h ****    \ingroup util_delay
 214:/usr/local/Cellar/avr-gcc@8/8.4.0/avr/include/util/delay.h **** 
 215:/usr/local/Cellar/avr-gcc@8/8.4.0/avr/include/util/delay.h ****    Perform a delay of \c __us microseconds, using _delay_loop_1().
 216:/usr/local/Cellar/avr-gcc@8/8.4.0/avr/include/util/delay.h **** 
 217:/usr/local/Cellar/avr-gcc@8/8.4.0/avr/include/util/delay.h ****    The macro F_CPU is supposed to be defined to a
 218:/usr/local/Cellar/avr-gcc@8/8.4.0/avr/include/util/delay.h ****    constant defining the CPU clock frequency (in Hertz).
 219:/usr/local/Cellar/avr-gcc@8/8.4.0/avr/include/util/delay.h **** 
 220:/usr/local/Cellar/avr-gcc@8/8.4.0/avr/include/util/delay.h ****    The maximal possible delay is 768 us / F_CPU in MHz.
 221:/usr/local/Cellar/avr-gcc@8/8.4.0/avr/include/util/delay.h **** 
 222:/usr/local/Cellar/avr-gcc@8/8.4.0/avr/include/util/delay.h ****    If the user requests a delay greater than the maximal possible one,
 223:/usr/local/Cellar/avr-gcc@8/8.4.0/avr/include/util/delay.h ****    _delay_us() will automatically call _delay_ms() instead.  The user
 224:/usr/local/Cellar/avr-gcc@8/8.4.0/avr/include/util/delay.h ****    will not be informed about this case.
 225:/usr/local/Cellar/avr-gcc@8/8.4.0/avr/include/util/delay.h **** 
 226:/usr/local/Cellar/avr-gcc@8/8.4.0/avr/include/util/delay.h ****    If the avr-gcc toolchain has __builtin_avr_delay_cycles()
 227:/usr/local/Cellar/avr-gcc@8/8.4.0/avr/include/util/delay.h ****    support, maximal possible delay is 4294967.295 us/ F_CPU in MHz. For
 228:/usr/local/Cellar/avr-gcc@8/8.4.0/avr/include/util/delay.h ****    values greater than the maximal possible delay, overflow results in
 229:/usr/local/Cellar/avr-gcc@8/8.4.0/avr/include/util/delay.h ****    no delay i.e., 0us.
 230:/usr/local/Cellar/avr-gcc@8/8.4.0/avr/include/util/delay.h **** 
 231:/usr/local/Cellar/avr-gcc@8/8.4.0/avr/include/util/delay.h ****    Conversion of \c __us into clock cycles may not always result in
 232:/usr/local/Cellar/avr-gcc@8/8.4.0/avr/include/util/delay.h ****    integer.  By default, the clock cycles rounded up to next
 233:/usr/local/Cellar/avr-gcc@8/8.4.0/avr/include/util/delay.h ****    integer. This ensures that the user gets at least \c __us
 234:/usr/local/Cellar/avr-gcc@8/8.4.0/avr/include/util/delay.h ****    microseconds of delay.
 235:/usr/local/Cellar/avr-gcc@8/8.4.0/avr/include/util/delay.h **** 
 236:/usr/local/Cellar/avr-gcc@8/8.4.0/avr/include/util/delay.h ****    Alternatively, by defining the macro \c __DELAY_ROUND_DOWN__, or
 237:/usr/local/Cellar/avr-gcc@8/8.4.0/avr/include/util/delay.h ****    \c __DELAY_ROUND_CLOSEST__, before including this header file, the
 238:/usr/local/Cellar/avr-gcc@8/8.4.0/avr/include/util/delay.h ****    algorithm can be made to round down, or round to closest integer,
 239:/usr/local/Cellar/avr-gcc@8/8.4.0/avr/include/util/delay.h ****    respectively.
 240:/usr/local/Cellar/avr-gcc@8/8.4.0/avr/include/util/delay.h **** 
 241:/usr/local/Cellar/avr-gcc@8/8.4.0/avr/include/util/delay.h ****    \note
 242:/usr/local/Cellar/avr-gcc@8/8.4.0/avr/include/util/delay.h **** 
 243:/usr/local/Cellar/avr-gcc@8/8.4.0/avr/include/util/delay.h ****    The implementation of _delay_ms() based on
 244:/usr/local/Cellar/avr-gcc@8/8.4.0/avr/include/util/delay.h ****    __builtin_avr_delay_cycles() is not backward compatible with older
 245:/usr/local/Cellar/avr-gcc@8/8.4.0/avr/include/util/delay.h ****    implementations.  In order to get functionality backward compatible
 246:/usr/local/Cellar/avr-gcc@8/8.4.0/avr/include/util/delay.h ****    with previous versions, the macro \c __DELAY_BACKWARD_COMPATIBLE__
 247:/usr/local/Cellar/avr-gcc@8/8.4.0/avr/include/util/delay.h ****    must be defined before including this header file. Also, the
 248:/usr/local/Cellar/avr-gcc@8/8.4.0/avr/include/util/delay.h ****    backward compatible algorithm will be chosen if the code is
 249:/usr/local/Cellar/avr-gcc@8/8.4.0/avr/include/util/delay.h ****    compiled in a <em>freestanding environment</em> (GCC option
 250:/usr/local/Cellar/avr-gcc@8/8.4.0/avr/include/util/delay.h ****    \c -ffreestanding), as the math functions required for rounding are
 251:/usr/local/Cellar/avr-gcc@8/8.4.0/avr/include/util/delay.h ****    not available to the compiler then.
 252:/usr/local/Cellar/avr-gcc@8/8.4.0/avr/include/util/delay.h **** 
 253:/usr/local/Cellar/avr-gcc@8/8.4.0/avr/include/util/delay.h ****  */
 254:/usr/local/Cellar/avr-gcc@8/8.4.0/avr/include/util/delay.h **** void
 255:/usr/local/Cellar/avr-gcc@8/8.4.0/avr/include/util/delay.h **** _delay_us(double __us)
 478               		.loc 2 255 1 view .LVU80
 479               	.LBB29:
 256:/usr/local/Cellar/avr-gcc@8/8.4.0/avr/include/util/delay.h **** {
 257:/usr/local/Cellar/avr-gcc@8/8.4.0/avr/include/util/delay.h **** 	double __tmp ;
 480               		.loc 2 257 2 view .LVU81
 258:/usr/local/Cellar/avr-gcc@8/8.4.0/avr/include/util/delay.h **** #if __HAS_DELAY_CYCLES && defined(__OPTIMIZE__) && \
 259:/usr/local/Cellar/avr-gcc@8/8.4.0/avr/include/util/delay.h ****   !defined(__DELAY_BACKWARD_COMPATIBLE__) &&	   \
 260:/usr/local/Cellar/avr-gcc@8/8.4.0/avr/include/util/delay.h ****   __STDC_HOSTED__
 261:/usr/local/Cellar/avr-gcc@8/8.4.0/avr/include/util/delay.h **** 	uint32_t __ticks_dc;
 481               		.loc 2 261 2 view .LVU82
 262:/usr/local/Cellar/avr-gcc@8/8.4.0/avr/include/util/delay.h **** 	extern void __builtin_avr_delay_cycles(unsigned long);
 482               		.loc 2 262 2 view .LVU83
 263:/usr/local/Cellar/avr-gcc@8/8.4.0/avr/include/util/delay.h **** 	__tmp = ((F_CPU) / 1e6) * __us;
 483               		.loc 2 263 2 view .LVU84
 264:/usr/local/Cellar/avr-gcc@8/8.4.0/avr/include/util/delay.h **** 
 265:/usr/local/Cellar/avr-gcc@8/8.4.0/avr/include/util/delay.h **** 	#if defined(__DELAY_ROUND_DOWN__)
 266:/usr/local/Cellar/avr-gcc@8/8.4.0/avr/include/util/delay.h **** 		__ticks_dc = (uint32_t)fabs(__tmp);
 267:/usr/local/Cellar/avr-gcc@8/8.4.0/avr/include/util/delay.h **** 
 268:/usr/local/Cellar/avr-gcc@8/8.4.0/avr/include/util/delay.h **** 	#elif defined(__DELAY_ROUND_CLOSEST__)
 269:/usr/local/Cellar/avr-gcc@8/8.4.0/avr/include/util/delay.h **** 		__ticks_dc = (uint32_t)(fabs(__tmp)+0.5);
 270:/usr/local/Cellar/avr-gcc@8/8.4.0/avr/include/util/delay.h **** 
 271:/usr/local/Cellar/avr-gcc@8/8.4.0/avr/include/util/delay.h **** 	#else
 272:/usr/local/Cellar/avr-gcc@8/8.4.0/avr/include/util/delay.h **** 		//round up by default
 273:/usr/local/Cellar/avr-gcc@8/8.4.0/avr/include/util/delay.h **** 		__ticks_dc = (uint32_t)(ceil(fabs(__tmp)));
 484               		.loc 2 273 3 view .LVU85
 274:/usr/local/Cellar/avr-gcc@8/8.4.0/avr/include/util/delay.h **** 	#endif
 275:/usr/local/Cellar/avr-gcc@8/8.4.0/avr/include/util/delay.h **** 
 276:/usr/local/Cellar/avr-gcc@8/8.4.0/avr/include/util/delay.h **** 	__builtin_avr_delay_cycles(__ticks_dc);
 485               		.loc 2 276 2 view .LVU86
 486 0000 80EA      		ldi r24,lo8(-96)
 487 0002 8A95      	1:	dec r24
 488 0004 01F4      		brne 1b
 489               	.LVL15:
 490               	/* epilogue start */
 491               		.loc 2 276 2 is_stmt 0 view .LVU87
 492               	.LBE29:
 493               	.LBE28:
 494               		.loc 1 86 1 view .LVU88
 495 0006 0895      		ret
 496               		.cfi_endproc
 497               	.LFE18:
 499               		.section	.text.matrix_init_custom,"ax",@progbits
 500               		.weak	matrix_init_custom
 502               	matrix_init_custom:
 503               	.LFB27:
 504               		.cfi_startproc
 505               	/* prologue: function */
 506               	/* frame size = 0 */
 507               	/* stack size = 0 */
 508               	.L__stack_usage = 0
 509               	/* epilogue start */
 510 0000 0895      		ret
 511               		.cfi_endproc
 512               	.LFE27:
 514               		.section	.text.matrix_scan_custom,"ax",@progbits
 515               		.weak	matrix_scan_custom
 517               	matrix_scan_custom:
 518               	.LVL16:
 519               	.LFB20:
  87:quantum/matrix_common.c **** 
  88:quantum/matrix_common.c **** // CUSTOM MATRIX 'LITE'
  89:quantum/matrix_common.c **** __attribute__((weak)) void matrix_init_custom(void) {}
  90:quantum/matrix_common.c **** 
  91:quantum/matrix_common.c **** __attribute__((weak)) bool matrix_scan_custom(matrix_row_t current_matrix[]) { return true; }
 520               		.loc 1 91 78 is_stmt 1 view -0
 521               		.cfi_startproc
 522               	/* prologue: function */
 523               	/* frame size = 0 */
 524               	/* stack size = 0 */
 525               	.L__stack_usage = 0
 526               		.loc 1 91 80 view .LVU90
 527               		.loc 1 91 1 is_stmt 0 view .LVU91
 528 0000 81E0      		ldi r24,lo8(1)
 529               	.LVL17:
 530               	/* epilogue start */
 531               		.loc 1 91 1 view .LVU92
 532 0002 0895      		ret
 533               		.cfi_endproc
 534               	.LFE20:
 536               		.section	.text.matrix_init,"ax",@progbits
 537               		.weak	matrix_init
 539               	matrix_init:
 540               	.LFB21:
  92:quantum/matrix_common.c **** 
  93:quantum/matrix_common.c **** __attribute__((weak)) void matrix_init(void) {
 541               		.loc 1 93 46 is_stmt 1 view -0
 542               		.cfi_startproc
 543               	/* prologue: function */
 544               	/* frame size = 0 */
 545               	/* stack size = 0 */
 546               	.L__stack_usage = 0
  94:quantum/matrix_common.c ****     matrix_init_custom();
 547               		.loc 1 94 5 view .LVU94
 548 0000 0E94 0000 		call matrix_init_custom
 549               	.LVL18:
  95:quantum/matrix_common.c **** 
  96:quantum/matrix_common.c ****     // initialize matrix state: all keys off
  97:quantum/matrix_common.c ****     for (uint8_t i = 0; i < MATRIX_ROWS; i++) {
 550               		.loc 1 97 5 view .LVU95
 551               	.LBB30:
 552               		.loc 1 97 10 view .LVU96
 553               		.loc 1 97 25 view .LVU97
 554 0004 E0E0      		ldi r30,lo8(raw_matrix)
 555 0006 F0E0      		ldi r31,hi8(raw_matrix)
 556 0008 A0E0      		ldi r26,lo8(matrix)
 557 000a B0E0      		ldi r27,hi8(matrix)
 558               	.LVL19:
 559               	.L21:
  98:quantum/matrix_common.c ****         raw_matrix[i] = 0;
 560               		.loc 1 98 9 discriminator 3 view .LVU98
 561               		.loc 1 98 23 is_stmt 0 discriminator 3 view .LVU99
 562 000c 1192      		st Z+,__zero_reg__
 563               	.LVL20:
  99:quantum/matrix_common.c ****         matrix[i]     = 0;
 564               		.loc 1 99 9 is_stmt 1 discriminator 3 view .LVU100
 565               		.loc 1 99 23 is_stmt 0 discriminator 3 view .LVU101
 566 000e 1D92      		st X+,__zero_reg__
  97:quantum/matrix_common.c ****         raw_matrix[i] = 0;
 567               		.loc 1 97 42 is_stmt 1 discriminator 3 view .LVU102
 568               	.LVL21:
  97:quantum/matrix_common.c ****         raw_matrix[i] = 0;
 569               		.loc 1 97 25 discriminator 3 view .LVU103
  97:quantum/matrix_common.c ****         raw_matrix[i] = 0;
 570               		.loc 1 97 5 is_stmt 0 discriminator 3 view .LVU104
 571 0010 80E0      		ldi r24,hi8(raw_matrix+8)
 572 0012 E030      		cpi r30,lo8(raw_matrix+8)
 573 0014 F807      		cpc r31,r24
 574 0016 01F4      		brne .L21
 575               	.LBE30:
 100:quantum/matrix_common.c ****     }
 101:quantum/matrix_common.c **** 
 102:quantum/matrix_common.c ****     debounce_init(MATRIX_ROWS);
 576               		.loc 1 102 5 is_stmt 1 view .LVU105
 577 0018 88E0      		ldi r24,lo8(8)
 578 001a 0E94 0000 		call debounce_init
 579               	.LVL22:
 103:quantum/matrix_common.c **** 
 104:quantum/matrix_common.c ****     matrix_init_quantum();
 580               		.loc 1 104 5 view .LVU106
 581 001e 0C94 0000 		jmp matrix_init_quantum
 582               	.LVL23:
 583               		.cfi_endproc
 584               	.LFE21:
 586               		.section	.text.matrix_scan,"ax",@progbits
 587               		.weak	matrix_scan
 589               	matrix_scan:
 590               	.LFB22:
 105:quantum/matrix_common.c **** }
 106:quantum/matrix_common.c **** 
 107:quantum/matrix_common.c **** __attribute__((weak)) uint8_t matrix_scan(void) {
 591               		.loc 1 107 49 view -0
 592               		.cfi_startproc
 593 0000 CF93      		push r28
 594               	.LCFI20:
 595               		.cfi_def_cfa_offset 3
 596               		.cfi_offset 28, -2
 597               	/* prologue: function */
 598               	/* frame size = 0 */
 599               	/* stack size = 1 */
 600               	.L__stack_usage = 1
 108:quantum/matrix_common.c ****     bool changed = matrix_scan_custom(raw_matrix);
 601               		.loc 1 108 5 view .LVU108
 602               		.loc 1 108 20 is_stmt 0 view .LVU109
 603 0002 80E0      		ldi r24,lo8(raw_matrix)
 604 0004 90E0      		ldi r25,hi8(raw_matrix)
 605 0006 0E94 0000 		call matrix_scan_custom
 606               	.LVL24:
 607 000a C82F      		mov r28,r24
 608               	.LVL25:
 109:quantum/matrix_common.c **** 
 110:quantum/matrix_common.c ****     debounce(raw_matrix, matrix, MATRIX_ROWS, changed);
 609               		.loc 1 110 5 is_stmt 1 view .LVU110
 610 000c 282F      		mov r18,r24
 611 000e 48E0      		ldi r20,lo8(8)
 612 0010 60E0      		ldi r22,lo8(matrix)
 613 0012 70E0      		ldi r23,hi8(matrix)
 614 0014 80E0      		ldi r24,lo8(raw_matrix)
 615 0016 90E0      		ldi r25,hi8(raw_matrix)
 616               	.LVL26:
 617               		.loc 1 110 5 is_stmt 0 view .LVU111
 618 0018 0E94 0000 		call debounce
 619               	.LVL27:
 111:quantum/matrix_common.c **** 
 112:quantum/matrix_common.c ****     matrix_scan_quantum();
 620               		.loc 1 112 5 is_stmt 1 view .LVU112
 621 001c 0E94 0000 		call matrix_scan_quantum
 622               	.LVL28:
 113:quantum/matrix_common.c ****     return changed;
 623               		.loc 1 113 5 view .LVU113
 114:quantum/matrix_common.c **** }
 624               		.loc 1 114 1 is_stmt 0 view .LVU114
 625 0020 8C2F      		mov r24,r28
 626               	/* epilogue start */
 627 0022 CF91      		pop r28
 628               	.LVL29:
 629               		.loc 1 114 1 view .LVU115
 630 0024 0895      		ret
 631               		.cfi_endproc
 632               	.LFE22:
 634               		.section	.text.peek_matrix,"ax",@progbits
 635               		.weak	peek_matrix
 637               	peek_matrix:
 638               	.LVL30:
 639               	.LFB23:
 115:quantum/matrix_common.c **** 
 116:quantum/matrix_common.c **** __attribute__((weak)) bool peek_matrix(uint8_t row_index, uint8_t col_index, bool raw) { return 0 !
 640               		.loc 1 116 88 is_stmt 1 view -0
 641               		.cfi_startproc
 642               	/* prologue: function */
 643               	/* frame size = 0 */
 644               	/* stack size = 0 */
 645               	.L__stack_usage = 0
 646               		.loc 1 116 90 view .LVU117
 647 0000 90E0      		ldi r25,0
 648               		.loc 1 116 132 is_stmt 0 view .LVU118
 649 0002 4423      		tst r20
 650 0004 01F0      		breq .L25
 651               		.loc 1 116 120 discriminator 1 view .LVU119
 652 0006 8050      		subi r24,lo8(-(raw_matrix))
 653 0008 9040      		sbci r25,hi8(-(raw_matrix))
 654               	.LVL31:
 655               	.L27:
 656               		.loc 1 116 132 discriminator 2 view .LVU120
 657 000a FC01      		movw r30,r24
 658 000c 8081      		ld r24,Z
 659 000e 90E0      		ldi r25,0
 660               		.loc 1 116 99 discriminator 2 view .LVU121
 661 0010 00C0      		rjmp 2f
 662               		1:
 663 0012 9595      		asr r25
 664 0014 8795      		ror r24
 665               		2:
 666 0016 6A95      		dec r22
 667 0018 02F4      		brpl 1b
 668               		.loc 1 116 1 discriminator 2 view .LVU122
 669 001a 8170      		andi r24,lo8(1)
 670               	/* epilogue start */
 671 001c 0895      		ret
 672               	.LVL32:
 673               	.L25:
 674               		.loc 1 116 140 discriminator 2 view .LVU123
 675 001e 8050      		subi r24,lo8(-(matrix))
 676 0020 9040      		sbci r25,hi8(-(matrix))
 677               	.LVL33:
 678               		.loc 1 116 140 discriminator 2 view .LVU124
 679 0022 00C0      		rjmp .L27
 680               		.cfi_endproc
 681               	.LFE23:
 683               		.section	.progmem.data.__c.1968,"a"
 686               	__c.1968:
 687 0000 0A00      		.string	"\n"
 688               		.section	.progmem.data.__c.1966,"a"
 691               	__c.1966:
 692 0000 2530 3862 		.string	"%08b"
 692      00
 693               		.section	.progmem.data.__c.1964,"a"
 696               	__c.1964:
 697 0000 3A20 00   		.string	": "
 698               		.section	.progmem.data.__c.1962,"a"
 701               	__c.1962:
 702 0000 2530 3258 		.string	"%02X"
 702      00
 703               		.section	.progmem.data.__c.1959,"a"
 706               	__c.1959:
 707 0000 0A72 2F63 		.string	"\nr/c 01234567\n"
 707      2030 3132 
 707      3334 3536 
 707      370A 00
 708               		.comm	matrix,8,1
 709               		.comm	raw_matrix,8,1
 710               		.text
 711               	.Letext0:
 712               		.file 3 "/usr/local/Cellar/avr-gcc@8/8.4.0/avr/include/stdint.h"
 713               		.file 4 "tmk_core/common/matrix.h"
 714               		.file 5 "tmk_core/common/debug.h"
 715               		.file 6 "tmk_core/common/avr/xprintf.h"
 716               		.file 7 "quantum/debounce.h"
 717               		.file 8 "tmk_core/common/util.h"
DEFINED SYMBOLS
                            *ABS*:0000000000000000 matrix_common.c
/var/folders/7y/kbn66ztx1rs80r6yv6v16f4r0000gn/T//ccYgc8YK.s:2      *ABS*:000000000000003e __SP_H__
/var/folders/7y/kbn66ztx1rs80r6yv6v16f4r0000gn/T//ccYgc8YK.s:3      *ABS*:000000000000003d __SP_L__
/var/folders/7y/kbn66ztx1rs80r6yv6v16f4r0000gn/T//ccYgc8YK.s:4      *ABS*:000000000000003f __SREG__
/var/folders/7y/kbn66ztx1rs80r6yv6v16f4r0000gn/T//ccYgc8YK.s:5      *ABS*:0000000000000000 __tmp_reg__
/var/folders/7y/kbn66ztx1rs80r6yv6v16f4r0000gn/T//ccYgc8YK.s:6      *ABS*:0000000000000001 __zero_reg__
/var/folders/7y/kbn66ztx1rs80r6yv6v16f4r0000gn/T//ccYgc8YK.s:13     .text.matrix_init_user:0000000000000000 matrix_init_user
/var/folders/7y/kbn66ztx1rs80r6yv6v16f4r0000gn/T//ccYgc8YK.s:13     .text.matrix_init_user:0000000000000000 matrix_init_user.localalias.0
/var/folders/7y/kbn66ztx1rs80r6yv6v16f4r0000gn/T//ccYgc8YK.s:33     .text.matrix_init_kb:0000000000000000 matrix_init_kb
/var/folders/7y/kbn66ztx1rs80r6yv6v16f4r0000gn/T//ccYgc8YK.s:50     .text.matrix_scan_user:0000000000000000 matrix_scan_user
/var/folders/7y/kbn66ztx1rs80r6yv6v16f4r0000gn/T//ccYgc8YK.s:65     .text.matrix_scan_kb:0000000000000000 matrix_scan_kb
/var/folders/7y/kbn66ztx1rs80r6yv6v16f4r0000gn/T//ccYgc8YK.s:82     .text.matrix_rows:0000000000000000 matrix_rows
/var/folders/7y/kbn66ztx1rs80r6yv6v16f4r0000gn/T//ccYgc8YK.s:101    .text.matrix_cols:0000000000000000 matrix_cols
/var/folders/7y/kbn66ztx1rs80r6yv6v16f4r0000gn/T//ccYgc8YK.s:120    .text.matrix_is_on:0000000000000000 matrix_is_on
                            *COM*:0000000000000008 matrix
/var/folders/7y/kbn66ztx1rs80r6yv6v16f4r0000gn/T//ccYgc8YK.s:166    .text.matrix_get_row:0000000000000000 matrix_get_row
/var/folders/7y/kbn66ztx1rs80r6yv6v16f4r0000gn/T//ccYgc8YK.s:193    .text.matrix_is_modified:0000000000000000 matrix_is_modified
/var/folders/7y/kbn66ztx1rs80r6yv6v16f4r0000gn/T//ccYgc8YK.s:216    .text.matrix_print:0000000000000000 matrix_print
/var/folders/7y/kbn66ztx1rs80r6yv6v16f4r0000gn/T//ccYgc8YK.s:706    .progmem.data.__c.1959:0000000000000000 __c.1959
/var/folders/7y/kbn66ztx1rs80r6yv6v16f4r0000gn/T//ccYgc8YK.s:701    .progmem.data.__c.1962:0000000000000000 __c.1962
/var/folders/7y/kbn66ztx1rs80r6yv6v16f4r0000gn/T//ccYgc8YK.s:691    .progmem.data.__c.1966:0000000000000000 __c.1966
/var/folders/7y/kbn66ztx1rs80r6yv6v16f4r0000gn/T//ccYgc8YK.s:696    .progmem.data.__c.1964:0000000000000000 __c.1964
/var/folders/7y/kbn66ztx1rs80r6yv6v16f4r0000gn/T//ccYgc8YK.s:686    .progmem.data.__c.1968:0000000000000000 __c.1968
/var/folders/7y/kbn66ztx1rs80r6yv6v16f4r0000gn/T//ccYgc8YK.s:385    .text.matrix_key_count:0000000000000000 matrix_key_count
/var/folders/7y/kbn66ztx1rs80r6yv6v16f4r0000gn/T//ccYgc8YK.s:465    .text.matrix_io_delay:0000000000000000 matrix_io_delay
/var/folders/7y/kbn66ztx1rs80r6yv6v16f4r0000gn/T//ccYgc8YK.s:502    .text.matrix_init_custom:0000000000000000 matrix_init_custom
/var/folders/7y/kbn66ztx1rs80r6yv6v16f4r0000gn/T//ccYgc8YK.s:517    .text.matrix_scan_custom:0000000000000000 matrix_scan_custom
/var/folders/7y/kbn66ztx1rs80r6yv6v16f4r0000gn/T//ccYgc8YK.s:539    .text.matrix_init:0000000000000000 matrix_init
                            *COM*:0000000000000008 raw_matrix
/var/folders/7y/kbn66ztx1rs80r6yv6v16f4r0000gn/T//ccYgc8YK.s:589    .text.matrix_scan:0000000000000000 matrix_scan
/var/folders/7y/kbn66ztx1rs80r6yv6v16f4r0000gn/T//ccYgc8YK.s:637    .text.peek_matrix:0000000000000000 peek_matrix

UNDEFINED SYMBOLS
debounce_active
xputs
__xprintf
bitrev
bitpop
debounce_init
matrix_init_quantum
debounce
matrix_scan_quantum
__do_clear_bss
