   1               		.file	"process_combo.c"
   2               	__SP_H__ = 0x3e
   3               	__SP_L__ = 0x3d
   4               	__SREG__ = 0x3f
   5               	__tmp_reg__ = 0
   6               	__zero_reg__ = 1
   7               		.text
   8               	.Ltext0:
   9               		.cfi_sections	.debug_frame
  10               		.section	.text.dump_key_buffer,"ax",@progbits
  12               	dump_key_buffer:
  13               	.LVL0:
  14               	.LFB21:
  15               		.file 1 "quantum/process_keycode/process_combo.c"
   1:quantum/process_keycode/process_combo.c **** /* Copyright 2016 Jack Humbert
   2:quantum/process_keycode/process_combo.c ****  *
   3:quantum/process_keycode/process_combo.c ****  * This program is free software: you can redistribute it and/or modify
   4:quantum/process_keycode/process_combo.c ****  * it under the terms of the GNU General Public License as published by
   5:quantum/process_keycode/process_combo.c ****  * the Free Software Foundation, either version 2 of the License, or
   6:quantum/process_keycode/process_combo.c ****  * (at your option) any later version.
   7:quantum/process_keycode/process_combo.c ****  *
   8:quantum/process_keycode/process_combo.c ****  * This program is distributed in the hope that it will be useful,
   9:quantum/process_keycode/process_combo.c ****  * but WITHOUT ANY WARRANTY; without even the implied warranty of
  10:quantum/process_keycode/process_combo.c ****  * MERCHANTABILITY or FITNESS FOR A PARTICULAR PURPOSE.  See the
  11:quantum/process_keycode/process_combo.c ****  * GNU General Public License for more details.
  12:quantum/process_keycode/process_combo.c ****  *
  13:quantum/process_keycode/process_combo.c ****  * You should have received a copy of the GNU General Public License
  14:quantum/process_keycode/process_combo.c ****  * along with this program.  If not, see <http://www.gnu.org/licenses/>.
  15:quantum/process_keycode/process_combo.c ****  */
  16:quantum/process_keycode/process_combo.c **** 
  17:quantum/process_keycode/process_combo.c **** #include "print.h"
  18:quantum/process_keycode/process_combo.c **** #include "process_combo.h"
  19:quantum/process_keycode/process_combo.c **** 
  20:quantum/process_keycode/process_combo.c **** #ifndef COMBO_VARIABLE_LEN
  21:quantum/process_keycode/process_combo.c **** __attribute__((weak)) combo_t key_combos[COMBO_COUNT] = {};
  22:quantum/process_keycode/process_combo.c **** #else
  23:quantum/process_keycode/process_combo.c **** extern combo_t  key_combos[];
  24:quantum/process_keycode/process_combo.c **** extern int      COMBO_LEN;
  25:quantum/process_keycode/process_combo.c **** #endif
  26:quantum/process_keycode/process_combo.c **** 
  27:quantum/process_keycode/process_combo.c **** __attribute__((weak)) void process_combo_event(uint16_t combo_index, bool pressed) {}
  28:quantum/process_keycode/process_combo.c **** 
  29:quantum/process_keycode/process_combo.c **** static uint16_t timer               = 0;
  30:quantum/process_keycode/process_combo.c **** static uint16_t current_combo_index = 0;
  31:quantum/process_keycode/process_combo.c **** static bool     drop_buffer         = false;
  32:quantum/process_keycode/process_combo.c **** static bool     is_active           = false;
  33:quantum/process_keycode/process_combo.c **** static bool     b_combo_enable      = true;  // defaults to enabled
  34:quantum/process_keycode/process_combo.c **** 
  35:quantum/process_keycode/process_combo.c **** static uint8_t buffer_size = 0;
  36:quantum/process_keycode/process_combo.c **** #ifdef COMBO_ALLOW_ACTION_KEYS
  37:quantum/process_keycode/process_combo.c **** static keyrecord_t key_buffer[MAX_COMBO_LENGTH];
  38:quantum/process_keycode/process_combo.c **** #else
  39:quantum/process_keycode/process_combo.c **** static uint16_t key_buffer[MAX_COMBO_LENGTH];
  40:quantum/process_keycode/process_combo.c **** #endif
  41:quantum/process_keycode/process_combo.c **** 
  42:quantum/process_keycode/process_combo.c **** static inline void send_combo(uint16_t action, bool pressed) {
  43:quantum/process_keycode/process_combo.c ****     if (action) {
  44:quantum/process_keycode/process_combo.c ****         if (pressed) {
  45:quantum/process_keycode/process_combo.c ****             register_code16(action);
  46:quantum/process_keycode/process_combo.c ****         } else {
  47:quantum/process_keycode/process_combo.c ****             unregister_code16(action);
  48:quantum/process_keycode/process_combo.c ****         }
  49:quantum/process_keycode/process_combo.c ****     } else {
  50:quantum/process_keycode/process_combo.c ****         process_combo_event(current_combo_index, pressed);
  51:quantum/process_keycode/process_combo.c ****     }
  52:quantum/process_keycode/process_combo.c **** }
  53:quantum/process_keycode/process_combo.c **** 
  54:quantum/process_keycode/process_combo.c **** static inline void dump_key_buffer(bool emit) {
  16               		.loc 1 54 47 view -0
  17               		.cfi_startproc
  18               		.loc 1 54 47 is_stmt 0 view .LVU1
  19 0000 CF93      		push r28
  20               	.LCFI0:
  21               		.cfi_def_cfa_offset 3
  22               		.cfi_offset 28, -2
  23               	/* prologue: function */
  24               	/* frame size = 0 */
  25               	/* stack size = 1 */
  26               	.L__stack_usage = 1
  55:quantum/process_keycode/process_combo.c ****     if (buffer_size == 0) {
  27               		.loc 1 55 5 is_stmt 1 view .LVU2
  28               		.loc 1 55 8 is_stmt 0 view .LVU3
  29 0002 9091 0000 		lds r25,buffer_size
  30 0006 9923      		tst r25
  31 0008 01F0      		breq .L1
  32               	.LVL1:
  33               	.LBB9:
  34               	.LBI9:
  54:quantum/process_keycode/process_combo.c ****     if (buffer_size == 0) {
  35               		.loc 1 54 20 is_stmt 1 view .LVU4
  36               	.LBB10:
  56:quantum/process_keycode/process_combo.c ****         return;
  57:quantum/process_keycode/process_combo.c ****     }
  58:quantum/process_keycode/process_combo.c **** 
  59:quantum/process_keycode/process_combo.c ****     if (emit) {
  37               		.loc 1 59 5 view .LVU5
  38               		.loc 1 59 8 is_stmt 0 view .LVU6
  39 000a 8111      		cpse r24,__zero_reg__
  40 000c 00C0      		rjmp .L6
  41               	.LVL2:
  42               	.L5:
  60:quantum/process_keycode/process_combo.c ****         for (uint8_t i = 0; i < buffer_size; i++) {
  61:quantum/process_keycode/process_combo.c **** #ifdef COMBO_ALLOW_ACTION_KEYS
  62:quantum/process_keycode/process_combo.c ****             const action_t action = store_or_get_action(key_buffer[i].event.pressed, key_buffer[i].
  63:quantum/process_keycode/process_combo.c ****             process_action(&(key_buffer[i]), action);
  64:quantum/process_keycode/process_combo.c **** #else
  65:quantum/process_keycode/process_combo.c ****             register_code16(key_buffer[i]);
  66:quantum/process_keycode/process_combo.c ****             send_keyboard_report();
  67:quantum/process_keycode/process_combo.c **** #endif
  68:quantum/process_keycode/process_combo.c ****         }
  69:quantum/process_keycode/process_combo.c ****     }
  70:quantum/process_keycode/process_combo.c **** 
  71:quantum/process_keycode/process_combo.c ****     buffer_size = 0;
  43               		.loc 1 71 5 is_stmt 1 view .LVU7
  44               		.loc 1 71 17 is_stmt 0 view .LVU8
  45 000e 1092 0000 		sts buffer_size,__zero_reg__
  46               	.LVL3:
  47               	.L1:
  48               	/* epilogue start */
  49               		.loc 1 71 17 view .LVU9
  50               	.LBE10:
  51               	.LBE9:
  72:quantum/process_keycode/process_combo.c **** }
  52               		.loc 1 72 1 view .LVU10
  53 0012 CF91      		pop r28
  54 0014 0895      		ret
  55               	.LVL4:
  56               	.L4:
  57               	.LBB13:
  58               	.LBB12:
  59               	.LBB11:
  65:quantum/process_keycode/process_combo.c ****             send_keyboard_report();
  60               		.loc 1 65 13 is_stmt 1 view .LVU11
  61 0016 EC2F      		mov r30,r28
  62 0018 F0E0      		ldi r31,0
  63 001a EE0F      		lsl r30
  64 001c FF1F      		rol r31
  65 001e E050      		subi r30,lo8(-(key_buffer))
  66 0020 F040      		sbci r31,hi8(-(key_buffer))
  67 0022 8081      		ld r24,Z
  68 0024 9181      		ldd r25,Z+1
  69 0026 0E94 0000 		call register_code16
  70               	.LVL5:
  66:quantum/process_keycode/process_combo.c **** #endif
  71               		.loc 1 66 13 view .LVU12
  72 002a 0E94 0000 		call send_keyboard_report
  73               	.LVL6:
  60:quantum/process_keycode/process_combo.c **** #ifdef COMBO_ALLOW_ACTION_KEYS
  74               		.loc 1 60 46 view .LVU13
  60:quantum/process_keycode/process_combo.c **** #ifdef COMBO_ALLOW_ACTION_KEYS
  75               		.loc 1 60 47 is_stmt 0 view .LVU14
  76 002e CF5F      		subi r28,lo8(-(1))
  77               	.LVL7:
  78               	.L3:
  60:quantum/process_keycode/process_combo.c **** #ifdef COMBO_ALLOW_ACTION_KEYS
  79               		.loc 1 60 29 is_stmt 1 view .LVU15
  60:quantum/process_keycode/process_combo.c **** #ifdef COMBO_ALLOW_ACTION_KEYS
  80               		.loc 1 60 9 is_stmt 0 view .LVU16
  81 0030 8091 0000 		lds r24,buffer_size
  82 0034 C817      		cp r28,r24
  83 0036 00F0      		brlo .L4
  84 0038 00C0      		rjmp .L5
  85               	.LVL8:
  86               	.L6:
  60:quantum/process_keycode/process_combo.c **** #ifdef COMBO_ALLOW_ACTION_KEYS
  87               		.loc 1 60 22 view .LVU17
  88 003a C0E0      		ldi r28,0
  89 003c 00C0      		rjmp .L3
  90               	.LBE11:
  91               	.LBE12:
  92               	.LBE13:
  93               		.cfi_endproc
  94               	.LFE21:
  96               		.section	.text.process_combo_event,"ax",@progbits
  97               		.weak	process_combo_event
  99               	process_combo_event:
 100               	.LVL9:
 101               	.LFB19:
  27:quantum/process_keycode/process_combo.c **** 
 102               		.loc 1 27 84 is_stmt 1 view -0
 103               		.cfi_startproc
 104               	/* prologue: function */
 105               	/* frame size = 0 */
 106               	/* stack size = 0 */
 107               	.L__stack_usage = 0
  27:quantum/process_keycode/process_combo.c **** 
 108               		.loc 1 27 85 view .LVU19
 109               	/* epilogue start */
  27:quantum/process_keycode/process_combo.c **** 
 110               		.loc 1 27 1 is_stmt 0 view .LVU20
 111 0000 0895      		ret
 112               		.cfi_endproc
 113               	.LFE19:
 115               		.section	.text.matrix_scan_combo,"ax",@progbits
 116               	.global	matrix_scan_combo
 118               	matrix_scan_combo:
 119               	.LFB24:
  73:quantum/process_keycode/process_combo.c **** 
  74:quantum/process_keycode/process_combo.c **** #define ALL_COMBO_KEYS_ARE_DOWN (((1 << count) - 1) == combo->state)
  75:quantum/process_keycode/process_combo.c **** #define KEY_STATE_DOWN(key)         \
  76:quantum/process_keycode/process_combo.c ****     do {                            \
  77:quantum/process_keycode/process_combo.c ****         combo->state |= (1 << key); \
  78:quantum/process_keycode/process_combo.c ****     } while (0)
  79:quantum/process_keycode/process_combo.c **** #define KEY_STATE_UP(key)            \
  80:quantum/process_keycode/process_combo.c ****     do {                             \
  81:quantum/process_keycode/process_combo.c ****         combo->state &= ~(1 << key); \
  82:quantum/process_keycode/process_combo.c ****     } while (0)
  83:quantum/process_keycode/process_combo.c **** 
  84:quantum/process_keycode/process_combo.c **** static bool process_single_combo(combo_t *combo, uint16_t keycode, keyrecord_t *record) {
  85:quantum/process_keycode/process_combo.c ****     uint8_t  count = 0;
  86:quantum/process_keycode/process_combo.c ****     uint16_t index = -1;
  87:quantum/process_keycode/process_combo.c ****     /* Find index of keycode and number of combo keys */
  88:quantum/process_keycode/process_combo.c ****     for (const uint16_t *keys = combo->keys;; ++count) {
  89:quantum/process_keycode/process_combo.c ****         uint16_t key = pgm_read_word(&keys[count]);
  90:quantum/process_keycode/process_combo.c ****         if (keycode == key) index = count;
  91:quantum/process_keycode/process_combo.c ****         if (COMBO_END == key) break;
  92:quantum/process_keycode/process_combo.c ****     }
  93:quantum/process_keycode/process_combo.c **** 
  94:quantum/process_keycode/process_combo.c ****     /* Continue processing if not a combo key */
  95:quantum/process_keycode/process_combo.c ****     if (-1 == (int8_t)index) return false;
  96:quantum/process_keycode/process_combo.c **** 
  97:quantum/process_keycode/process_combo.c ****     bool is_combo_active = is_active;
  98:quantum/process_keycode/process_combo.c **** 
  99:quantum/process_keycode/process_combo.c ****     if (record->event.pressed) {
 100:quantum/process_keycode/process_combo.c ****         KEY_STATE_DOWN(index);
 101:quantum/process_keycode/process_combo.c **** 
 102:quantum/process_keycode/process_combo.c ****         if (is_combo_active) {
 103:quantum/process_keycode/process_combo.c ****             if (ALL_COMBO_KEYS_ARE_DOWN) { /* Combo was pressed */
 104:quantum/process_keycode/process_combo.c ****                 send_combo(combo->keycode, true);
 105:quantum/process_keycode/process_combo.c ****                 drop_buffer = true;
 106:quantum/process_keycode/process_combo.c ****             }
 107:quantum/process_keycode/process_combo.c ****         }
 108:quantum/process_keycode/process_combo.c ****     } else {
 109:quantum/process_keycode/process_combo.c ****         if (ALL_COMBO_KEYS_ARE_DOWN) { /* Combo was released */
 110:quantum/process_keycode/process_combo.c ****             send_combo(combo->keycode, false);
 111:quantum/process_keycode/process_combo.c ****         } else {
 112:quantum/process_keycode/process_combo.c ****             /* continue processing without immediately returning */
 113:quantum/process_keycode/process_combo.c ****             is_combo_active = false;
 114:quantum/process_keycode/process_combo.c ****         }
 115:quantum/process_keycode/process_combo.c **** 
 116:quantum/process_keycode/process_combo.c ****         KEY_STATE_UP(index);
 117:quantum/process_keycode/process_combo.c ****     }
 118:quantum/process_keycode/process_combo.c **** 
 119:quantum/process_keycode/process_combo.c ****     return is_combo_active;
 120:quantum/process_keycode/process_combo.c **** }
 121:quantum/process_keycode/process_combo.c **** 
 122:quantum/process_keycode/process_combo.c **** #define NO_COMBO_KEYS_ARE_DOWN (0 == combo->state)
 123:quantum/process_keycode/process_combo.c **** 
 124:quantum/process_keycode/process_combo.c **** bool process_combo(uint16_t keycode, keyrecord_t *record) {
 125:quantum/process_keycode/process_combo.c ****     bool is_combo_key          = false;
 126:quantum/process_keycode/process_combo.c ****     drop_buffer                = false;
 127:quantum/process_keycode/process_combo.c ****     bool no_combo_keys_pressed = true;
 128:quantum/process_keycode/process_combo.c **** 
 129:quantum/process_keycode/process_combo.c ****     if (keycode == CMB_ON && record->event.pressed) {
 130:quantum/process_keycode/process_combo.c ****         combo_enable();
 131:quantum/process_keycode/process_combo.c ****         return true;
 132:quantum/process_keycode/process_combo.c ****     }
 133:quantum/process_keycode/process_combo.c **** 
 134:quantum/process_keycode/process_combo.c ****     if (keycode == CMB_OFF && record->event.pressed) {
 135:quantum/process_keycode/process_combo.c ****         combo_disable();
 136:quantum/process_keycode/process_combo.c ****         return true;
 137:quantum/process_keycode/process_combo.c ****     }
 138:quantum/process_keycode/process_combo.c **** 
 139:quantum/process_keycode/process_combo.c ****     if (keycode == CMB_TOG && record->event.pressed) {
 140:quantum/process_keycode/process_combo.c ****         combo_toggle();
 141:quantum/process_keycode/process_combo.c ****         return true;
 142:quantum/process_keycode/process_combo.c ****     }
 143:quantum/process_keycode/process_combo.c **** 
 144:quantum/process_keycode/process_combo.c ****     if (!is_combo_enabled()) {
 145:quantum/process_keycode/process_combo.c ****         return true;
 146:quantum/process_keycode/process_combo.c ****     }
 147:quantum/process_keycode/process_combo.c **** #ifndef COMBO_VARIABLE_LEN
 148:quantum/process_keycode/process_combo.c ****     for (current_combo_index = 0; current_combo_index < COMBO_COUNT; ++current_combo_index) {
 149:quantum/process_keycode/process_combo.c **** #else
 150:quantum/process_keycode/process_combo.c ****     for (current_combo_index = 0; current_combo_index < COMBO_LEN; ++current_combo_index) {
 151:quantum/process_keycode/process_combo.c **** #endif
 152:quantum/process_keycode/process_combo.c ****         combo_t *combo = &key_combos[current_combo_index];
 153:quantum/process_keycode/process_combo.c ****         is_combo_key |= process_single_combo(combo, keycode, record);
 154:quantum/process_keycode/process_combo.c ****         no_combo_keys_pressed = no_combo_keys_pressed && NO_COMBO_KEYS_ARE_DOWN;
 155:quantum/process_keycode/process_combo.c ****     }
 156:quantum/process_keycode/process_combo.c **** 
 157:quantum/process_keycode/process_combo.c ****     if (drop_buffer) {
 158:quantum/process_keycode/process_combo.c ****         /* buffer is only dropped when we complete a combo, so we refresh the timer
 159:quantum/process_keycode/process_combo.c ****          * here */
 160:quantum/process_keycode/process_combo.c ****         timer = timer_read();
 161:quantum/process_keycode/process_combo.c ****         dump_key_buffer(false);
 162:quantum/process_keycode/process_combo.c ****     } else if (!is_combo_key) {
 163:quantum/process_keycode/process_combo.c ****         /* if no combos claim the key we need to emit the keybuffer */
 164:quantum/process_keycode/process_combo.c ****         dump_key_buffer(true);
 165:quantum/process_keycode/process_combo.c **** 
 166:quantum/process_keycode/process_combo.c ****         // reset state if there are no combo keys pressed at all
 167:quantum/process_keycode/process_combo.c ****         if (no_combo_keys_pressed) {
 168:quantum/process_keycode/process_combo.c ****             timer     = 0;
 169:quantum/process_keycode/process_combo.c ****             is_active = true;
 170:quantum/process_keycode/process_combo.c ****         }
 171:quantum/process_keycode/process_combo.c ****     } else if (record->event.pressed && is_active) {
 172:quantum/process_keycode/process_combo.c ****         /* otherwise the key is consumed and placed in the buffer */
 173:quantum/process_keycode/process_combo.c ****         timer = timer_read();
 174:quantum/process_keycode/process_combo.c **** 
 175:quantum/process_keycode/process_combo.c ****         if (buffer_size < MAX_COMBO_LENGTH) {
 176:quantum/process_keycode/process_combo.c **** #ifdef COMBO_ALLOW_ACTION_KEYS
 177:quantum/process_keycode/process_combo.c ****             key_buffer[buffer_size++] = *record;
 178:quantum/process_keycode/process_combo.c **** #else
 179:quantum/process_keycode/process_combo.c ****             key_buffer[buffer_size++] = keycode;
 180:quantum/process_keycode/process_combo.c **** #endif
 181:quantum/process_keycode/process_combo.c ****         }
 182:quantum/process_keycode/process_combo.c ****     }
 183:quantum/process_keycode/process_combo.c **** 
 184:quantum/process_keycode/process_combo.c ****     return !is_combo_key;
 185:quantum/process_keycode/process_combo.c **** }
 186:quantum/process_keycode/process_combo.c **** 
 187:quantum/process_keycode/process_combo.c **** void matrix_scan_combo(void) {
 120               		.loc 1 187 30 is_stmt 1 view -0
 121               		.cfi_startproc
 122               	/* prologue: function */
 123               	/* frame size = 0 */
 124               	/* stack size = 0 */
 125               	.L__stack_usage = 0
 188:quantum/process_keycode/process_combo.c ****     if (b_combo_enable && is_active && timer && timer_elapsed(timer) > COMBO_TERM) {
 126               		.loc 1 188 5 view .LVU22
 127               		.loc 1 188 8 is_stmt 0 view .LVU23
 128 0000 8091 0000 		lds r24,b_combo_enable
 129 0004 8823      		tst r24
 130 0006 01F0      		breq .L11
 131               		.loc 1 188 24 discriminator 1 view .LVU24
 132 0008 8091 0000 		lds r24,is_active
 133 000c 8823      		tst r24
 134 000e 01F0      		breq .L11
 135               		.loc 1 188 37 discriminator 2 view .LVU25
 136 0010 8091 0000 		lds r24,timer
 137 0014 9091 0000 		lds r25,timer+1
 138 0018 0097      		sbiw r24,0
 139 001a 01F0      		breq .L11
 140               		.loc 1 188 49 discriminator 3 view .LVU26
 141 001c 0E94 0000 		call timer_elapsed
 142               	.LVL10:
 143               		.loc 1 188 46 discriminator 3 view .LVU27
 144 0020 8536      		cpi r24,101
 145 0022 9105      		cpc r25,__zero_reg__
 146 0024 00F0      		brlo .L11
 189:quantum/process_keycode/process_combo.c ****         /* This disables the combo, meaning key events for this
 190:quantum/process_keycode/process_combo.c ****          * combo will be handled by the next processors in the chain
 191:quantum/process_keycode/process_combo.c ****          */
 192:quantum/process_keycode/process_combo.c ****         is_active = false;
 147               		.loc 1 192 9 is_stmt 1 view .LVU28
 148               		.loc 1 192 19 is_stmt 0 view .LVU29
 149 0026 1092 0000 		sts is_active,__zero_reg__
 193:quantum/process_keycode/process_combo.c ****         dump_key_buffer(true);
 150               		.loc 1 193 9 is_stmt 1 view .LVU30
 151 002a 81E0      		ldi r24,lo8(1)
 152 002c 0C94 0000 		jmp dump_key_buffer
 153               	.LVL11:
 154               	.L11:
 155               	/* epilogue start */
 194:quantum/process_keycode/process_combo.c ****     }
 195:quantum/process_keycode/process_combo.c **** }
 156               		.loc 1 195 1 is_stmt 0 view .LVU31
 157 0030 0895      		ret
 158               		.cfi_endproc
 159               	.LFE24:
 161               		.section	.text.combo_enable,"ax",@progbits
 162               	.global	combo_enable
 164               	combo_enable:
 165               	.LFB25:
 196:quantum/process_keycode/process_combo.c **** 
 197:quantum/process_keycode/process_combo.c **** void combo_enable(void) { b_combo_enable = true; }
 166               		.loc 1 197 25 is_stmt 1 view -0
 167               		.cfi_startproc
 168               	/* prologue: function */
 169               	/* frame size = 0 */
 170               	/* stack size = 0 */
 171               	.L__stack_usage = 0
 172               		.loc 1 197 27 view .LVU33
 173               		.loc 1 197 42 is_stmt 0 view .LVU34
 174 0000 81E0      		ldi r24,lo8(1)
 175 0002 8093 0000 		sts b_combo_enable,r24
 176               	/* epilogue start */
 177               		.loc 1 197 1 view .LVU35
 178 0006 0895      		ret
 179               		.cfi_endproc
 180               	.LFE25:
 182               		.section	.text.combo_disable,"ax",@progbits
 183               	.global	combo_disable
 185               	combo_disable:
 186               	.LFB26:
 198:quantum/process_keycode/process_combo.c **** 
 199:quantum/process_keycode/process_combo.c **** void combo_disable(void) {
 187               		.loc 1 199 26 is_stmt 1 view -0
 188               		.cfi_startproc
 189               	/* prologue: function */
 190               	/* frame size = 0 */
 191               	/* stack size = 0 */
 192               	.L__stack_usage = 0
 200:quantum/process_keycode/process_combo.c ****     b_combo_enable = is_active = false;
 193               		.loc 1 200 5 view .LVU37
 194               		.loc 1 200 32 is_stmt 0 view .LVU38
 195 0000 1092 0000 		sts is_active,__zero_reg__
 196               		.loc 1 200 20 view .LVU39
 197 0004 1092 0000 		sts b_combo_enable,__zero_reg__
 201:quantum/process_keycode/process_combo.c ****     timer                      = 0;
 198               		.loc 1 201 5 is_stmt 1 view .LVU40
 199               		.loc 1 201 32 is_stmt 0 view .LVU41
 200 0008 1092 0000 		sts timer+1,__zero_reg__
 201 000c 1092 0000 		sts timer,__zero_reg__
 202:quantum/process_keycode/process_combo.c ****     dump_key_buffer(true);
 202               		.loc 1 202 5 is_stmt 1 view .LVU42
 203 0010 81E0      		ldi r24,lo8(1)
 204 0012 0C94 0000 		jmp dump_key_buffer
 205               	.LVL12:
 206               		.cfi_endproc
 207               	.LFE26:
 209               		.section	.text.combo_toggle,"ax",@progbits
 210               	.global	combo_toggle
 212               	combo_toggle:
 213               	.LFB27:
 203:quantum/process_keycode/process_combo.c **** }
 204:quantum/process_keycode/process_combo.c **** 
 205:quantum/process_keycode/process_combo.c **** void combo_toggle(void) {
 214               		.loc 1 205 25 view -0
 215               		.cfi_startproc
 216               	/* prologue: function */
 217               	/* frame size = 0 */
 218               	/* stack size = 0 */
 219               	.L__stack_usage = 0
 206:quantum/process_keycode/process_combo.c ****     if (b_combo_enable) {
 220               		.loc 1 206 5 view .LVU44
 221               		.loc 1 206 8 is_stmt 0 view .LVU45
 222 0000 8091 0000 		lds r24,b_combo_enable
 223 0004 8111      		cpse r24,__zero_reg__
 207:quantum/process_keycode/process_combo.c ****         combo_disable();
 224               		.loc 1 207 9 is_stmt 1 view .LVU46
 225 0006 0C94 0000 		jmp combo_disable
 226               	.LVL13:
 227               	.L24:
 208:quantum/process_keycode/process_combo.c ****     } else {
 209:quantum/process_keycode/process_combo.c ****         combo_enable();
 228               		.loc 1 209 9 view .LVU47
 229               	.LBB16:
 230               	.LBI16:
 197:quantum/process_keycode/process_combo.c **** 
 231               		.loc 1 197 6 view .LVU48
 232               	.LBB17:
 197:quantum/process_keycode/process_combo.c **** 
 233               		.loc 1 197 27 view .LVU49
 197:quantum/process_keycode/process_combo.c **** 
 234               		.loc 1 197 42 is_stmt 0 view .LVU50
 235 000a 81E0      		ldi r24,lo8(1)
 236 000c 8093 0000 		sts b_combo_enable,r24
 237               	/* epilogue start */
 238               	.LBE17:
 239               	.LBE16:
 210:quantum/process_keycode/process_combo.c ****     }
 211:quantum/process_keycode/process_combo.c **** }
 240               		.loc 1 211 1 view .LVU51
 241 0010 0895      		ret
 242               		.cfi_endproc
 243               	.LFE27:
 245               		.section	.text.process_combo,"ax",@progbits
 246               	.global	process_combo
 248               	process_combo:
 249               	.LVL14:
 250               	.LFB23:
 124:quantum/process_keycode/process_combo.c ****     bool is_combo_key          = false;
 251               		.loc 1 124 59 is_stmt 1 view -0
 252               		.cfi_startproc
 124:quantum/process_keycode/process_combo.c ****     bool is_combo_key          = false;
 253               		.loc 1 124 59 is_stmt 0 view .LVU53
 254 0000 5F92      		push r5
 255               	.LCFI1:
 256               		.cfi_def_cfa_offset 3
 257               		.cfi_offset 5, -2
 258 0002 6F92      		push r6
 259               	.LCFI2:
 260               		.cfi_def_cfa_offset 4
 261               		.cfi_offset 6, -3
 262 0004 7F92      		push r7
 263               	.LCFI3:
 264               		.cfi_def_cfa_offset 5
 265               		.cfi_offset 7, -4
 266 0006 8F92      		push r8
 267               	.LCFI4:
 268               		.cfi_def_cfa_offset 6
 269               		.cfi_offset 8, -5
 270 0008 9F92      		push r9
 271               	.LCFI5:
 272               		.cfi_def_cfa_offset 7
 273               		.cfi_offset 9, -6
 274 000a AF92      		push r10
 275               	.LCFI6:
 276               		.cfi_def_cfa_offset 8
 277               		.cfi_offset 10, -7
 278 000c BF92      		push r11
 279               	.LCFI7:
 280               		.cfi_def_cfa_offset 9
 281               		.cfi_offset 11, -8
 282 000e CF92      		push r12
 283               	.LCFI8:
 284               		.cfi_def_cfa_offset 10
 285               		.cfi_offset 12, -9
 286 0010 DF92      		push r13
 287               	.LCFI9:
 288               		.cfi_def_cfa_offset 11
 289               		.cfi_offset 13, -10
 290 0012 EF92      		push r14
 291               	.LCFI10:
 292               		.cfi_def_cfa_offset 12
 293               		.cfi_offset 14, -11
 294 0014 FF92      		push r15
 295               	.LCFI11:
 296               		.cfi_def_cfa_offset 13
 297               		.cfi_offset 15, -12
 298 0016 0F93      		push r16
 299               	.LCFI12:
 300               		.cfi_def_cfa_offset 14
 301               		.cfi_offset 16, -13
 302 0018 1F93      		push r17
 303               	.LCFI13:
 304               		.cfi_def_cfa_offset 15
 305               		.cfi_offset 17, -14
 306 001a CF93      		push r28
 307               	.LCFI14:
 308               		.cfi_def_cfa_offset 16
 309               		.cfi_offset 28, -15
 310 001c DF93      		push r29
 311               	.LCFI15:
 312               		.cfi_def_cfa_offset 17
 313               		.cfi_offset 29, -16
 314               	/* prologue: function */
 315               	/* frame size = 0 */
 316               	/* stack size = 15 */
 317               	.L__stack_usage = 15
 318 001e 7C01      		movw r14,r24
 319 0020 6B01      		movw r12,r22
 125:quantum/process_keycode/process_combo.c ****     drop_buffer                = false;
 320               		.loc 1 125 5 is_stmt 1 view .LVU54
 321               	.LVL15:
 126:quantum/process_keycode/process_combo.c ****     bool no_combo_keys_pressed = true;
 322               		.loc 1 126 5 view .LVU55
 126:quantum/process_keycode/process_combo.c ****     bool no_combo_keys_pressed = true;
 323               		.loc 1 126 32 is_stmt 0 view .LVU56
 324 0022 1092 0000 		sts drop_buffer,__zero_reg__
 127:quantum/process_keycode/process_combo.c **** 
 325               		.loc 1 127 5 is_stmt 1 view .LVU57
 326               	.LVL16:
 129:quantum/process_keycode/process_combo.c ****         combo_enable();
 327               		.loc 1 129 5 view .LVU58
 129:quantum/process_keycode/process_combo.c ****         combo_enable();
 328               		.loc 1 129 8 is_stmt 0 view .LVU59
 329 0026 873F      		cpi r24,-9
 330 0028 4CE5      		ldi r20,92
 331 002a 9407      		cpc r25,r20
 332 002c 01F4      		brne .L26
 129:quantum/process_keycode/process_combo.c ****         combo_enable();
 333               		.loc 1 129 43 discriminator 1 view .LVU60
 334 002e FB01      		movw r30,r22
 335 0030 C281      		ldd r28,Z+2
 129:quantum/process_keycode/process_combo.c ****         combo_enable();
 336               		.loc 1 129 27 discriminator 1 view .LVU61
 337 0032 CC23      		tst r28
 338 0034 01F0      		breq .L27
 130:quantum/process_keycode/process_combo.c ****         return true;
 339               		.loc 1 130 9 is_stmt 1 view .LVU62
 340               	.LBB36:
 341               	.LBI36:
 197:quantum/process_keycode/process_combo.c **** 
 342               		.loc 1 197 6 view .LVU63
 343               	.LBB37:
 197:quantum/process_keycode/process_combo.c **** 
 344               		.loc 1 197 27 view .LVU64
 197:quantum/process_keycode/process_combo.c **** 
 345               		.loc 1 197 42 is_stmt 0 view .LVU65
 346 0036 81E0      		ldi r24,lo8(1)
 347               	.LVL17:
 197:quantum/process_keycode/process_combo.c **** 
 348               		.loc 1 197 42 view .LVU66
 349 0038 8093 0000 		sts b_combo_enable,r24
 350               	.LVL18:
 351               	.L25:
 197:quantum/process_keycode/process_combo.c **** 
 352               		.loc 1 197 42 view .LVU67
 353               	.LBE37:
 354               	.LBE36:
 185:quantum/process_keycode/process_combo.c **** 
 355               		.loc 1 185 1 view .LVU68
 356 003c 8C2F      		mov r24,r28
 357               	/* epilogue start */
 358 003e DF91      		pop r29
 359 0040 CF91      		pop r28
 360 0042 1F91      		pop r17
 361 0044 0F91      		pop r16
 362 0046 FF90      		pop r15
 363 0048 EF90      		pop r14
 364               	.LVL19:
 185:quantum/process_keycode/process_combo.c **** 
 365               		.loc 1 185 1 view .LVU69
 366 004a DF90      		pop r13
 367 004c CF90      		pop r12
 368               	.LVL20:
 185:quantum/process_keycode/process_combo.c **** 
 369               		.loc 1 185 1 view .LVU70
 370 004e BF90      		pop r11
 371 0050 AF90      		pop r10
 372 0052 9F90      		pop r9
 373 0054 8F90      		pop r8
 374 0056 7F90      		pop r7
 375 0058 6F90      		pop r6
 376 005a 5F90      		pop r5
 377 005c 0895      		ret
 378               	.LVL21:
 379               	.L26:
 134:quantum/process_keycode/process_combo.c ****         combo_disable();
 380               		.loc 1 134 5 is_stmt 1 view .LVU71
 134:quantum/process_keycode/process_combo.c ****         combo_disable();
 381               		.loc 1 134 8 is_stmt 0 view .LVU72
 382 005e 883F      		cpi r24,-8
 383 0060 FCE5      		ldi r31,92
 384 0062 9F07      		cpc r25,r31
 385 0064 01F4      		brne .L29
 134:quantum/process_keycode/process_combo.c ****         combo_disable();
 386               		.loc 1 134 44 discriminator 1 view .LVU73
 387 0066 FB01      		movw r30,r22
 388 0068 C281      		ldd r28,Z+2
 134:quantum/process_keycode/process_combo.c ****         combo_disable();
 389               		.loc 1 134 28 discriminator 1 view .LVU74
 390 006a CC23      		tst r28
 391 006c 01F0      		breq .L27
 135:quantum/process_keycode/process_combo.c ****         return true;
 392               		.loc 1 135 9 is_stmt 1 view .LVU75
 393 006e 0E94 0000 		call combo_disable
 394               	.LVL22:
 136:quantum/process_keycode/process_combo.c ****     }
 395               		.loc 1 136 9 view .LVU76
 136:quantum/process_keycode/process_combo.c ****     }
 396               		.loc 1 136 16 is_stmt 0 view .LVU77
 397 0072 00C0      		rjmp .L25
 398               	.L29:
 139:quantum/process_keycode/process_combo.c ****         combo_toggle();
 399               		.loc 1 139 5 is_stmt 1 view .LVU78
 139:quantum/process_keycode/process_combo.c ****         combo_toggle();
 400               		.loc 1 139 8 is_stmt 0 view .LVU79
 401 0074 893F      		cpi r24,-7
 402 0076 9C45      		sbci r25,92
 403 0078 01F4      		brne .L27
 139:quantum/process_keycode/process_combo.c ****         combo_toggle();
 404               		.loc 1 139 44 discriminator 1 view .LVU80
 405 007a FB01      		movw r30,r22
 406 007c C281      		ldd r28,Z+2
 139:quantum/process_keycode/process_combo.c ****         combo_toggle();
 407               		.loc 1 139 28 discriminator 1 view .LVU81
 408 007e CC23      		tst r28
 409 0080 01F0      		breq .L27
 140:quantum/process_keycode/process_combo.c ****         return true;
 410               		.loc 1 140 9 is_stmt 1 view .LVU82
 411 0082 0E94 0000 		call combo_toggle
 412               	.LVL23:
 141:quantum/process_keycode/process_combo.c ****     }
 413               		.loc 1 141 9 view .LVU83
 141:quantum/process_keycode/process_combo.c ****     }
 414               		.loc 1 141 16 is_stmt 0 view .LVU84
 415 0086 00C0      		rjmp .L25
 416               	.L27:
 144:quantum/process_keycode/process_combo.c ****         return true;
 417               		.loc 1 144 5 is_stmt 1 view .LVU85
 418               	.LBB38:
 419               	.LBI38:
 212:quantum/process_keycode/process_combo.c **** 
 213:quantum/process_keycode/process_combo.c **** bool is_combo_enabled(void) { return b_combo_enable; }
 420               		.loc 1 213 6 view .LVU86
 421               	.LBB39:
 422               		.loc 1 213 31 view .LVU87
 423               		.loc 1 213 38 is_stmt 0 view .LVU88
 424 0088 D091 0000 		lds r29,b_combo_enable
 425               	.LBE39:
 426               	.LBE38:
 145:quantum/process_keycode/process_combo.c ****     }
 427               		.loc 1 145 16 view .LVU89
 428 008c C1E0      		ldi r28,lo8(1)
 144:quantum/process_keycode/process_combo.c ****         return true;
 429               		.loc 1 144 8 view .LVU90
 430 008e DD23      		tst r29
 431 0090 01F0      		breq .L25
 148:quantum/process_keycode/process_combo.c **** #else
 432               		.loc 1 148 5 is_stmt 1 view .LVU91
 148:quantum/process_keycode/process_combo.c **** #else
 433               		.loc 1 148 30 is_stmt 0 view .LVU92
 434 0092 1092 0000 		sts current_combo_index+1,__zero_reg__
 435 0096 1092 0000 		sts current_combo_index,__zero_reg__
 125:quantum/process_keycode/process_combo.c ****     drop_buffer                = false;
 436               		.loc 1 125 10 view .LVU93
 437 009a C0E0      		ldi r28,0
 438               	.LBB40:
 439               	.LBB41:
 440               	.LBB42:
 441               	.LBB43:
  88:quantum/process_keycode/process_combo.c ****         uint16_t key = pgm_read_word(&keys[count]);
 442               		.loc 1 88 26 view .LVU94
 443 009c 55E0      		ldi r21,lo8(5)
 444 009e 752E      		mov r7,r21
 445 00a0 8824      		clr r8
 446 00a2 8394      		inc r8
 447 00a4 912C      		mov r9,__zero_reg__
 448               	.LBE43:
 105:quantum/process_keycode/process_combo.c ****             }
 449               		.loc 1 105 29 view .LVU95
 450 00a6 6624      		clr r6
 451 00a8 6394      		inc r6
 452               	.LVL24:
 453               	.L30:
 105:quantum/process_keycode/process_combo.c ****             }
 454               		.loc 1 105 29 view .LVU96
 455               	.LBE42:
 456               	.LBE41:
 457               	.LBE40:
 148:quantum/process_keycode/process_combo.c **** #else
 458               		.loc 1 148 35 is_stmt 1 discriminator 2 view .LVU97
 148:quantum/process_keycode/process_combo.c **** #else
 459               		.loc 1 148 55 is_stmt 0 discriminator 2 view .LVU98
 460 00aa 0091 0000 		lds r16,current_combo_index
 461 00ae 1091 0000 		lds r17,current_combo_index+1
 148:quantum/process_keycode/process_combo.c **** #else
 462               		.loc 1 148 5 discriminator 2 view .LVU99
 463 00b2 0632      		cpi r16,38
 464 00b4 1105      		cpc r17,__zero_reg__
 465 00b6 00F0      		brlo .L44
 157:quantum/process_keycode/process_combo.c ****         /* buffer is only dropped when we complete a combo, so we refresh the timer
 466               		.loc 1 157 5 is_stmt 1 view .LVU100
 157:quantum/process_keycode/process_combo.c ****         /* buffer is only dropped when we complete a combo, so we refresh the timer
 467               		.loc 1 157 8 is_stmt 0 view .LVU101
 468 00b8 8091 0000 		lds r24,drop_buffer
 469 00bc 8823      		tst r24
 470 00be 01F4      		brne .+2
 471 00c0 00C0      		rjmp .L45
 160:quantum/process_keycode/process_combo.c ****         dump_key_buffer(false);
 472               		.loc 1 160 9 is_stmt 1 view .LVU102
 160:quantum/process_keycode/process_combo.c ****         dump_key_buffer(false);
 473               		.loc 1 160 17 is_stmt 0 view .LVU103
 474 00c2 0E94 0000 		call timer_read
 475               	.LVL25:
 160:quantum/process_keycode/process_combo.c ****         dump_key_buffer(false);
 476               		.loc 1 160 15 view .LVU104
 477 00c6 9093 0000 		sts timer+1,r25
 478 00ca 8093 0000 		sts timer,r24
 161:quantum/process_keycode/process_combo.c ****     } else if (!is_combo_key) {
 479               		.loc 1 161 9 is_stmt 1 view .LVU105
 480 00ce 80E0      		ldi r24,0
 481 00d0 0E94 0000 		call dump_key_buffer
 482               	.LVL26:
 483               	.L46:
 184:quantum/process_keycode/process_combo.c **** }
 484               		.loc 1 184 5 view .LVU106
 485 00d4 81E0      		ldi r24,lo8(1)
 486 00d6 C827      		eor r28,r24
 487               	.LVL27:
 184:quantum/process_keycode/process_combo.c **** }
 488               		.loc 1 184 12 is_stmt 0 view .LVU107
 489 00d8 00C0      		rjmp .L25
 490               	.LVL28:
 491               	.L44:
 492               	.LBB64:
 152:quantum/process_keycode/process_combo.c ****         is_combo_key |= process_single_combo(combo, keycode, record);
 493               		.loc 1 152 9 is_stmt 1 view .LVU108
 153:quantum/process_keycode/process_combo.c ****         no_combo_keys_pressed = no_combo_keys_pressed && NO_COMBO_KEYS_ARE_DOWN;
 494               		.loc 1 153 9 view .LVU109
 495               	.LBB62:
 496               	.LBI41:
  84:quantum/process_keycode/process_combo.c ****     uint8_t  count = 0;
 497               		.loc 1 84 13 view .LVU110
 498               	.LBB60:
  85:quantum/process_keycode/process_combo.c ****     uint16_t index = -1;
 499               		.loc 1 85 5 view .LVU111
  86:quantum/process_keycode/process_combo.c ****     /* Find index of keycode and number of combo keys */
 500               		.loc 1 86 5 view .LVU112
  88:quantum/process_keycode/process_combo.c ****         uint16_t key = pgm_read_word(&keys[count]);
 501               		.loc 1 88 5 view .LVU113
 502               	.LBB46:
  88:quantum/process_keycode/process_combo.c ****         uint16_t key = pgm_read_word(&keys[count]);
 503               		.loc 1 88 10 view .LVU114
  88:quantum/process_keycode/process_combo.c ****         uint16_t key = pgm_read_word(&keys[count]);
 504               		.loc 1 88 26 is_stmt 0 view .LVU115
 505 00da 709E      		mul r7,r16
 506 00dc F001      		movw r30,r0
 507 00de 719E      		mul r7,r17
 508 00e0 F00D      		add r31,r0
 509 00e2 1124      		clr __zero_reg__
 510 00e4 E050      		subi r30,lo8(-(key_combos))
 511 00e6 F040      		sbci r31,hi8(-(key_combos))
 512 00e8 8081      		ld r24,Z
 513 00ea 9181      		ldd r25,Z+1
 514               	.LVL29:
  88:quantum/process_keycode/process_combo.c ****         uint16_t key = pgm_read_word(&keys[count]);
 515               		.loc 1 88 26 view .LVU116
 516               	.LBE46:
  86:quantum/process_keycode/process_combo.c ****     /* Find index of keycode and number of combo keys */
 517               		.loc 1 86 14 view .LVU117
 518 00ec 3FEF      		ldi r19,lo8(-1)
  85:quantum/process_keycode/process_combo.c ****     uint16_t index = -1;
 519               		.loc 1 85 14 view .LVU118
 520 00ee 20E0      		ldi r18,0
 521               	.LVL30:
 522               	.L33:
 523               	.LBB47:
 524               	.LBB44:
  89:quantum/process_keycode/process_combo.c ****         if (keycode == key) index = count;
 525               		.loc 1 89 9 is_stmt 1 view .LVU119
 526               	.LBB45:
  89:quantum/process_keycode/process_combo.c ****         if (keycode == key) index = count;
 527               		.loc 1 89 24 view .LVU120
 528 00f0 E22F      		mov r30,r18
 529 00f2 F0E0      		ldi r31,0
 530 00f4 EE0F      		lsl r30
 531 00f6 FF1F      		rol r31
 532 00f8 E80F      		add r30,r24
 533 00fa F91F      		adc r31,r25
 534               	.LVL31:
  89:quantum/process_keycode/process_combo.c ****         if (keycode == key) index = count;
 535               		.loc 1 89 24 view .LVU121
  89:quantum/process_keycode/process_combo.c ****         if (keycode == key) index = count;
 536               		.loc 1 89 24 view .LVU122
 537               	/* #APP */
 538               	 ;  89 "quantum/process_keycode/process_combo.c" 1
 539 00fc 4591      		lpm r20, Z+
 540 00fe 5491      		lpm r21, Z
 541               		
 542               	 ;  0 "" 2
 543               	.LVL32:
  89:quantum/process_keycode/process_combo.c ****         if (keycode == key) index = count;
 544               		.loc 1 89 24 view .LVU123
  89:quantum/process_keycode/process_combo.c ****         if (keycode == key) index = count;
 545               		.loc 1 89 24 is_stmt 0 view .LVU124
 546               	/* #NOAPP */
 547               	.LBE45:
  90:quantum/process_keycode/process_combo.c ****         if (COMBO_END == key) break;
 548               		.loc 1 90 9 is_stmt 1 view .LVU125
  90:quantum/process_keycode/process_combo.c ****         if (COMBO_END == key) break;
 549               		.loc 1 90 12 is_stmt 0 view .LVU126
 550 0100 E416      		cp r14,r20
 551 0102 F506      		cpc r15,r21
 552 0104 01F4      		brne .L31
  90:quantum/process_keycode/process_combo.c ****         if (COMBO_END == key) break;
 553               		.loc 1 90 35 view .LVU127
 554 0106 322F      		mov r19,r18
 555               	.L31:
  91:quantum/process_keycode/process_combo.c ****     }
 556               		.loc 1 91 9 is_stmt 1 view .LVU128
  91:quantum/process_keycode/process_combo.c ****     }
 557               		.loc 1 91 12 is_stmt 0 view .LVU129
 558 0108 452B      		or r20,r21
 559 010a 01F0      		breq .L32
 560               	.LBE44:
  88:quantum/process_keycode/process_combo.c ****         uint16_t key = pgm_read_word(&keys[count]);
 561               		.loc 1 88 47 is_stmt 1 view .LVU130
 562 010c 2F5F      		subi r18,lo8(-(1))
 563               	.LVL33:
  88:quantum/process_keycode/process_combo.c ****         uint16_t key = pgm_read_word(&keys[count]);
 564               		.loc 1 88 45 view .LVU131
 565 010e 00C0      		rjmp .L33
 566               	.L32:
  88:quantum/process_keycode/process_combo.c ****         uint16_t key = pgm_read_word(&keys[count]);
 567               		.loc 1 88 45 is_stmt 0 view .LVU132
 568               	.LBE47:
  95:quantum/process_keycode/process_combo.c **** 
 569               		.loc 1 95 5 is_stmt 1 view .LVU133
  95:quantum/process_keycode/process_combo.c **** 
 570               		.loc 1 95 8 is_stmt 0 view .LVU134
 571 0110 3F3F      		cpi r19,lo8(-1)
 572 0112 01F4      		brne .L34
 573               	.LVL34:
 574               	.L37:
  95:quantum/process_keycode/process_combo.c **** 
 575               		.loc 1 95 37 view .LVU135
 576 0114 512C      		mov r5,__zero_reg__
 577               	.LVL35:
 578               	.L35:
  95:quantum/process_keycode/process_combo.c **** 
 579               		.loc 1 95 37 view .LVU136
 580               	.LBE60:
 581               	.LBE62:
 153:quantum/process_keycode/process_combo.c ****         no_combo_keys_pressed = no_combo_keys_pressed && NO_COMBO_KEYS_ARE_DOWN;
 582               		.loc 1 153 22 view .LVU137
 583 0116 C529      		or r28,r5
 584               	.LVL36:
 154:quantum/process_keycode/process_combo.c ****     }
 585               		.loc 1 154 9 is_stmt 1 view .LVU138
 154:quantum/process_keycode/process_combo.c ****     }
 586               		.loc 1 154 55 is_stmt 0 view .LVU139
 587 0118 DD23      		tst r29
 588 011a 01F0      		breq .L52
 154:quantum/process_keycode/process_combo.c ****     }
 589               		.loc 1 154 58 discriminator 1 view .LVU140
 590 011c 709E      		mul r7,r16
 591 011e F001      		movw r30,r0
 592 0120 719E      		mul r7,r17
 593 0122 F00D      		add r31,r0
 594 0124 1124      		clr __zero_reg__
 595 0126 E050      		subi r30,lo8(-(key_combos))
 596 0128 F040      		sbci r31,hi8(-(key_combos))
 154:quantum/process_keycode/process_combo.c ****     }
 597               		.loc 1 154 55 discriminator 1 view .LVU141
 598 012a D1E0      		ldi r29,lo8(1)
 599               	.LVL37:
 154:quantum/process_keycode/process_combo.c ****     }
 600               		.loc 1 154 55 discriminator 1 view .LVU142
 601 012c 8481      		ldd r24,Z+4
 602 012e 8111      		cpse r24,__zero_reg__
 603               	.L52:
 154:quantum/process_keycode/process_combo.c ****     }
 604               		.loc 1 154 55 view .LVU143
 605 0130 D0E0      		ldi r29,0
 606               	.L42:
 154:quantum/process_keycode/process_combo.c ****     }
 607               		.loc 1 154 31 discriminator 6 view .LVU144
 608 0132 D170      		andi r29,lo8(1)
 609               	.LVL38:
 154:quantum/process_keycode/process_combo.c ****     }
 610               		.loc 1 154 31 discriminator 6 view .LVU145
 611               	.LBE64:
 148:quantum/process_keycode/process_combo.c **** #else
 612               		.loc 1 148 70 is_stmt 1 discriminator 6 view .LVU146
 613 0134 8091 0000 		lds r24,current_combo_index
 614 0138 9091 0000 		lds r25,current_combo_index+1
 615 013c 0196      		adiw r24,1
 616 013e 9093 0000 		sts current_combo_index+1,r25
 617 0142 8093 0000 		sts current_combo_index,r24
 618 0146 00C0      		rjmp .L30
 619               	.LVL39:
 620               	.L34:
 621               	.LBB65:
 622               	.LBB63:
 623               	.LBB61:
  97:quantum/process_keycode/process_combo.c **** 
 624               		.loc 1 97 5 view .LVU147
  97:quantum/process_keycode/process_combo.c **** 
 625               		.loc 1 97 10 is_stmt 0 view .LVU148
 626 0148 5090 0000 		lds r5,is_active
 627               	.LVL40:
  99:quantum/process_keycode/process_combo.c ****         KEY_STATE_DOWN(index);
 628               		.loc 1 99 5 is_stmt 1 view .LVU149
  99:quantum/process_keycode/process_combo.c ****         KEY_STATE_DOWN(index);
 629               		.loc 1 99 22 is_stmt 0 view .LVU150
 630 014c F601      		movw r30,r12
 631 014e 9281      		ldd r25,Z+2
 632 0150 709E      		mul r7,r16
 633 0152 F001      		movw r30,r0
 634 0154 719E      		mul r7,r17
 635 0156 F00D      		add r31,r0
 636 0158 1124      		clr __zero_reg__
 637 015a E050      		subi r30,lo8(-(key_combos))
 638 015c F040      		sbci r31,hi8(-(key_combos))
 639 015e 8481      		ldd r24,Z+4
 640               	.LVL41:
  99:quantum/process_keycode/process_combo.c ****         KEY_STATE_DOWN(index);
 641               		.loc 1 99 22 view .LVU151
 642 0160 5401      		movw r10,r8
 643 0162 00C0      		rjmp 2f
 644               		1:
 645 0164 AA0C      		lsl r10
 646               		2:
 647 0166 3A95      		dec r19
 648 0168 02F4      		brpl 1b
  99:quantum/process_keycode/process_combo.c ****         KEY_STATE_DOWN(index);
 649               		.loc 1 99 8 view .LVU152
 650 016a 9923      		tst r25
 651 016c 01F0      		breq .L36
 100:quantum/process_keycode/process_combo.c **** 
 652               		.loc 1 100 9 is_stmt 1 view .LVU153
 100:quantum/process_keycode/process_combo.c **** 
 653               		.loc 1 100 9 view .LVU154
 654 016e A82A      		or r10,r24
 655 0170 A482      		std Z+4,r10
 100:quantum/process_keycode/process_combo.c **** 
 656               		.loc 1 100 9 view .LVU155
 102:quantum/process_keycode/process_combo.c ****             if (ALL_COMBO_KEYS_ARE_DOWN) { /* Combo was pressed */
 657               		.loc 1 102 9 view .LVU156
 102:quantum/process_keycode/process_combo.c ****             if (ALL_COMBO_KEYS_ARE_DOWN) { /* Combo was pressed */
 658               		.loc 1 102 12 is_stmt 0 view .LVU157
 659 0172 5520      		tst r5
 660 0174 01F0      		breq .L37
 103:quantum/process_keycode/process_combo.c ****                 send_combo(combo->keycode, true);
 661               		.loc 1 103 13 is_stmt 1 view .LVU158
 103:quantum/process_keycode/process_combo.c ****                 send_combo(combo->keycode, true);
 662               		.loc 1 103 17 is_stmt 0 view .LVU159
 663 0176 C401      		movw r24,r8
 664 0178 00C0      		rjmp 2f
 665               		1:
 666 017a 880F      		lsl r24
 667 017c 991F      		rol r25
 668               		2:
 669 017e 2A95      		dec r18
 670 0180 02F4      		brpl 1b
 671 0182 0197      		sbiw r24,1
 103:quantum/process_keycode/process_combo.c ****                 send_combo(combo->keycode, true);
 672               		.loc 1 103 16 view .LVU160
 673 0184 A816      		cp r10,r24
 674 0186 1906      		cpc __zero_reg__,r25
 675 0188 01F4      		brne .L35
 104:quantum/process_keycode/process_combo.c ****                 drop_buffer = true;
 676               		.loc 1 104 17 is_stmt 1 view .LVU161
 677 018a 8281      		ldd r24,Z+2
 678 018c 9381      		ldd r25,Z+3
 679               	.LVL42:
 680               	.LBB48:
 681               	.LBI48:
  42:quantum/process_keycode/process_combo.c ****     if (action) {
 682               		.loc 1 42 20 view .LVU162
 683               	.LBB49:
  43:quantum/process_keycode/process_combo.c ****         if (pressed) {
 684               		.loc 1 43 5 view .LVU163
  43:quantum/process_keycode/process_combo.c ****         if (pressed) {
 685               		.loc 1 43 8 is_stmt 0 view .LVU164
 686 018e 0097      		sbiw r24,0
 687 0190 01F0      		breq .L38
  44:quantum/process_keycode/process_combo.c ****             register_code16(action);
 688               		.loc 1 44 9 is_stmt 1 view .LVU165
  45:quantum/process_keycode/process_combo.c ****         } else {
 689               		.loc 1 45 13 view .LVU166
 690 0192 0E94 0000 		call register_code16
 691               	.LVL43:
 692               	.L39:
  45:quantum/process_keycode/process_combo.c ****         } else {
 693               		.loc 1 45 13 is_stmt 0 view .LVU167
 694               	.LBE49:
 695               	.LBE48:
 105:quantum/process_keycode/process_combo.c ****             }
 696               		.loc 1 105 17 is_stmt 1 view .LVU168
 105:quantum/process_keycode/process_combo.c ****             }
 697               		.loc 1 105 29 is_stmt 0 view .LVU169
 698 0196 6092 0000 		sts drop_buffer,r6
 699 019a 00C0      		rjmp .L35
 700               	.LVL44:
 701               	.L38:
 702               	.LBB53:
 703               	.LBB52:
 704               	.LBB50:
 705               	.LBI50:
  42:quantum/process_keycode/process_combo.c ****     if (action) {
 706               		.loc 1 42 20 is_stmt 1 view .LVU170
 707               	.LBB51:
  50:quantum/process_keycode/process_combo.c ****     }
 708               		.loc 1 50 9 view .LVU171
 709 019c 61E0      		ldi r22,lo8(1)
 710 019e C801      		movw r24,r16
 711               	.LVL45:
  50:quantum/process_keycode/process_combo.c ****     }
 712               		.loc 1 50 9 is_stmt 0 view .LVU172
 713 01a0 0E94 0000 		call process_combo_event
 714               	.LVL46:
  50:quantum/process_keycode/process_combo.c ****     }
 715               		.loc 1 50 9 view .LVU173
 716 01a4 00C0      		rjmp .L39
 717               	.LVL47:
 718               	.L36:
  50:quantum/process_keycode/process_combo.c ****     }
 719               		.loc 1 50 9 view .LVU174
 720               	.LBE51:
 721               	.LBE50:
 722               	.LBE52:
 723               	.LBE53:
 109:quantum/process_keycode/process_combo.c ****             send_combo(combo->keycode, false);
 724               		.loc 1 109 9 is_stmt 1 view .LVU175
 109:quantum/process_keycode/process_combo.c ****             send_combo(combo->keycode, false);
 725               		.loc 1 109 13 is_stmt 0 view .LVU176
 726 01a6 A401      		movw r20,r8
 727               	.LVL48:
 109:quantum/process_keycode/process_combo.c ****             send_combo(combo->keycode, false);
 728               		.loc 1 109 13 view .LVU177
 729 01a8 00C0      		rjmp 2f
 730               		1:
 731 01aa 440F      		lsl r20
 732 01ac 551F      		rol r21
 733               		2:
 734 01ae 2A95      		dec r18
 735 01b0 02F4      		brpl 1b
 736 01b2 9A01      		movw r18,r20
 737               	.LVL49:
 109:quantum/process_keycode/process_combo.c ****             send_combo(combo->keycode, false);
 738               		.loc 1 109 13 view .LVU178
 739 01b4 2150      		subi r18,1
 740 01b6 3109      		sbc r19,__zero_reg__
 109:quantum/process_keycode/process_combo.c ****             send_combo(combo->keycode, false);
 741               		.loc 1 109 12 view .LVU179
 742 01b8 8217      		cp r24,r18
 743 01ba 1306      		cpc __zero_reg__,r19
 744 01bc 01F4      		brne .L51
 110:quantum/process_keycode/process_combo.c ****         } else {
 745               		.loc 1 110 13 is_stmt 1 view .LVU180
 746 01be 8281      		ldd r24,Z+2
 747 01c0 9381      		ldd r25,Z+3
 748               	.LVL50:
 749               	.LBB54:
 750               	.LBI54:
  42:quantum/process_keycode/process_combo.c ****     if (action) {
 751               		.loc 1 42 20 view .LVU181
 752               	.LBB55:
  43:quantum/process_keycode/process_combo.c ****         if (pressed) {
 753               		.loc 1 43 5 view .LVU182
  43:quantum/process_keycode/process_combo.c ****         if (pressed) {
 754               		.loc 1 43 8 is_stmt 0 view .LVU183
 755 01c2 0097      		sbiw r24,0
 756 01c4 01F0      		breq .L41
  44:quantum/process_keycode/process_combo.c ****             register_code16(action);
 757               		.loc 1 44 9 is_stmt 1 view .LVU184
  47:quantum/process_keycode/process_combo.c ****         }
 758               		.loc 1 47 13 view .LVU185
 759 01c6 0E94 0000 		call unregister_code16
 760               	.LVL51:
 761               	.L40:
  47:quantum/process_keycode/process_combo.c ****         }
 762               		.loc 1 47 13 is_stmt 0 view .LVU186
 763               	.LBE55:
 764               	.LBE54:
 116:quantum/process_keycode/process_combo.c ****     }
 765               		.loc 1 116 9 is_stmt 1 view .LVU187
 116:quantum/process_keycode/process_combo.c ****     }
 766               		.loc 1 116 9 view .LVU188
 767 01ca 709E      		mul r7,r16
 768 01cc F001      		movw r30,r0
 769 01ce 719E      		mul r7,r17
 770 01d0 F00D      		add r31,r0
 771 01d2 1124      		clr __zero_reg__
 772 01d4 E050      		subi r30,lo8(-(key_combos))
 773 01d6 F040      		sbci r31,hi8(-(key_combos))
 774 01d8 A094      		com r10
 775 01da 8481      		ldd r24,Z+4
 776 01dc A822      		and r10,r24
 777 01de A482      		std Z+4,r10
 778 01e0 00C0      		rjmp .L35
 779               	.LVL52:
 780               	.L41:
 781               	.LBB59:
 782               	.LBB58:
 783               	.LBB56:
 784               	.LBI56:
  42:quantum/process_keycode/process_combo.c ****     if (action) {
 785               		.loc 1 42 20 view .LVU189
 786               	.LBB57:
  50:quantum/process_keycode/process_combo.c ****     }
 787               		.loc 1 50 9 view .LVU190
 788 01e2 60E0      		ldi r22,0
 789 01e4 C801      		movw r24,r16
 790               	.LVL53:
  50:quantum/process_keycode/process_combo.c ****     }
 791               		.loc 1 50 9 is_stmt 0 view .LVU191
 792 01e6 0E94 0000 		call process_combo_event
 793               	.LVL54:
  50:quantum/process_keycode/process_combo.c ****     }
 794               		.loc 1 50 9 view .LVU192
 795 01ea 00C0      		rjmp .L40
 796               	.LVL55:
 797               	.L51:
  50:quantum/process_keycode/process_combo.c ****     }
 798               		.loc 1 50 9 view .LVU193
 799               	.LBE57:
 800               	.LBE56:
 801               	.LBE58:
 802               	.LBE59:
 113:quantum/process_keycode/process_combo.c ****         }
 803               		.loc 1 113 29 view .LVU194
 804 01ec 512C      		mov r5,__zero_reg__
 805               	.LVL56:
 113:quantum/process_keycode/process_combo.c ****         }
 806               		.loc 1 113 29 view .LVU195
 807 01ee 00C0      		rjmp .L40
 808               	.LVL57:
 809               	.L45:
 113:quantum/process_keycode/process_combo.c ****         }
 810               		.loc 1 113 29 view .LVU196
 811               	.LBE61:
 812               	.LBE63:
 813               	.LBE65:
 162:quantum/process_keycode/process_combo.c ****         /* if no combos claim the key we need to emit the keybuffer */
 814               		.loc 1 162 12 is_stmt 1 view .LVU197
 162:quantum/process_keycode/process_combo.c ****         /* if no combos claim the key we need to emit the keybuffer */
 815               		.loc 1 162 15 is_stmt 0 view .LVU198
 816 01f0 C111      		cpse r28,__zero_reg__
 817 01f2 00C0      		rjmp .L47
 164:quantum/process_keycode/process_combo.c **** 
 818               		.loc 1 164 9 is_stmt 1 view .LVU199
 819 01f4 81E0      		ldi r24,lo8(1)
 820 01f6 0E94 0000 		call dump_key_buffer
 821               	.LVL58:
 167:quantum/process_keycode/process_combo.c ****             timer     = 0;
 822               		.loc 1 167 9 view .LVU200
 167:quantum/process_keycode/process_combo.c ****             timer     = 0;
 823               		.loc 1 167 12 is_stmt 0 view .LVU201
 824 01fa DD23      		tst r29
 825 01fc 01F4      		brne .+2
 826 01fe 00C0      		rjmp .L46
 168:quantum/process_keycode/process_combo.c ****             is_active = true;
 827               		.loc 1 168 13 is_stmt 1 view .LVU202
 168:quantum/process_keycode/process_combo.c ****             is_active = true;
 828               		.loc 1 168 23 is_stmt 0 view .LVU203
 829 0200 1092 0000 		sts timer+1,__zero_reg__
 830 0204 1092 0000 		sts timer,__zero_reg__
 169:quantum/process_keycode/process_combo.c ****         }
 831               		.loc 1 169 13 is_stmt 1 view .LVU204
 169:quantum/process_keycode/process_combo.c ****         }
 832               		.loc 1 169 23 is_stmt 0 view .LVU205
 833 0208 81E0      		ldi r24,lo8(1)
 834 020a 8093 0000 		sts is_active,r24
 835 020e 00C0      		rjmp .L46
 836               	.L47:
 171:quantum/process_keycode/process_combo.c ****         /* otherwise the key is consumed and placed in the buffer */
 837               		.loc 1 171 12 is_stmt 1 view .LVU206
 171:quantum/process_keycode/process_combo.c ****         /* otherwise the key is consumed and placed in the buffer */
 838               		.loc 1 171 15 is_stmt 0 view .LVU207
 839 0210 F601      		movw r30,r12
 840 0212 8281      		ldd r24,Z+2
 841 0214 8823      		tst r24
 842 0216 01F4      		brne .+2
 843 0218 00C0      		rjmp .L46
 171:quantum/process_keycode/process_combo.c ****         /* otherwise the key is consumed and placed in the buffer */
 844               		.loc 1 171 38 discriminator 1 view .LVU208
 845 021a 8091 0000 		lds r24,is_active
 846 021e 8823      		tst r24
 847 0220 01F4      		brne .+2
 848 0222 00C0      		rjmp .L46
 173:quantum/process_keycode/process_combo.c **** 
 849               		.loc 1 173 9 is_stmt 1 view .LVU209
 173:quantum/process_keycode/process_combo.c **** 
 850               		.loc 1 173 17 is_stmt 0 view .LVU210
 851 0224 0E94 0000 		call timer_read
 852               	.LVL59:
 173:quantum/process_keycode/process_combo.c **** 
 853               		.loc 1 173 15 view .LVU211
 854 0228 9093 0000 		sts timer+1,r25
 855 022c 8093 0000 		sts timer,r24
 175:quantum/process_keycode/process_combo.c **** #ifdef COMBO_ALLOW_ACTION_KEYS
 856               		.loc 1 175 9 is_stmt 1 view .LVU212
 175:quantum/process_keycode/process_combo.c **** #ifdef COMBO_ALLOW_ACTION_KEYS
 857               		.loc 1 175 25 is_stmt 0 view .LVU213
 858 0230 E091 0000 		lds r30,buffer_size
 175:quantum/process_keycode/process_combo.c **** #ifdef COMBO_ALLOW_ACTION_KEYS
 859               		.loc 1 175 12 view .LVU214
 860 0234 E830      		cpi r30,lo8(8)
 861 0236 00F0      		brlo .+2
 862 0238 00C0      		rjmp .L46
 179:quantum/process_keycode/process_combo.c **** #endif
 863               		.loc 1 179 13 is_stmt 1 view .LVU215
 179:quantum/process_keycode/process_combo.c **** #endif
 864               		.loc 1 179 35 is_stmt 0 view .LVU216
 865 023a 81E0      		ldi r24,lo8(1)
 866 023c 8E0F      		add r24,r30
 867 023e 8093 0000 		sts buffer_size,r24
 868 0242 F0E0      		ldi r31,0
 179:quantum/process_keycode/process_combo.c **** #endif
 869               		.loc 1 179 39 view .LVU217
 870 0244 EE0F      		lsl r30
 871 0246 FF1F      		rol r31
 872 0248 E050      		subi r30,lo8(-(key_buffer))
 873 024a F040      		sbci r31,hi8(-(key_buffer))
 874 024c F182      		std Z+1,r15
 875 024e E082      		st Z,r14
 876 0250 00C0      		rjmp .L46
 877               		.cfi_endproc
 878               	.LFE23:
 880               		.section	.text.is_combo_enabled,"ax",@progbits
 881               	.global	is_combo_enabled
 883               	is_combo_enabled:
 884               	.LFB28:
 885               		.loc 1 213 29 is_stmt 1 view -0
 886               		.cfi_startproc
 887               	/* prologue: function */
 888               	/* frame size = 0 */
 889               	/* stack size = 0 */
 890               	.L__stack_usage = 0
 891               		.loc 1 213 31 view .LVU219
 892               		.loc 1 213 1 is_stmt 0 view .LVU220
 893 0000 8091 0000 		lds r24,b_combo_enable
 894               	/* epilogue start */
 895 0004 0895      		ret
 896               		.cfi_endproc
 897               	.LFE28:
 899               		.section	.bss.key_buffer,"aw",@nobits
 902               	key_buffer:
 903 0000 0000 0000 		.zero	16
 903      0000 0000 
 903      0000 0000 
 903      0000 0000 
 904               		.section	.bss.buffer_size,"aw",@nobits
 907               	buffer_size:
 908 0000 00        		.zero	1
 909               		.section	.data.b_combo_enable,"aw"
 912               	b_combo_enable:
 913 0000 01        		.byte	1
 914               		.section	.bss.is_active,"aw",@nobits
 917               	is_active:
 918 0000 00        		.zero	1
 919               		.section	.bss.drop_buffer,"aw",@nobits
 922               	drop_buffer:
 923 0000 00        		.zero	1
 924               		.section	.bss.current_combo_index,"aw",@nobits
 927               	current_combo_index:
 928 0000 0000      		.zero	2
 929               		.section	.bss.timer,"aw",@nobits
 932               	timer:
 933 0000 0000      		.zero	2
 934               		.weak	key_combos
 935               		.section	.bss.key_combos,"aw",@nobits
 938               	key_combos:
 939 0000 0000 0000 		.zero	190
 939      0000 0000 
 939      0000 0000 
 939      0000 0000 
 939      0000 0000 
 940               		.text
 941               	.Letext0:
 942               		.file 2 "/usr/local/Cellar/avr-gcc@8/8.4.0/avr/include/stdint.h"
 943               		.file 3 "/usr/local/Cellar/avr-gcc@8/8.4.0/lib/avr-gcc/8/gcc/avr/8.4.0/include/stddef.h"
 944               		.file 4 "tmk_core/common/keyboard.h"
 945               		.file 5 "tmk_core/common/action.h"
 946               		.file 6 "tmk_core/common/avr/xprintf.h"
 947               		.file 7 "tmk_core/common/report.h"
 948               		.file 8 "tmk_core/common/host.h"
 949               		.file 9 "tmk_core/common/debug.h"
 950               		.file 10 "quantum/keycode_config.h"
 951               		.file 11 "quantum/keymap.h"
 952               		.file 12 "tmk_core/common/action_layer.h"
 953               		.file 13 "tmk_core/common/timer.h"
 954               		.file 14 "tmk_core/common/action_util.h"
 955               		.file 15 "/usr/local/Cellar/avr-gcc@8/8.4.0/avr/include/stdlib.h"
 956               		.file 16 "quantum/quantum.h"
 957               		.file 17 "quantum/process_keycode/process_combo.h"
 958               		.file 18 "quantum/quantum_keycodes.h"
DEFINED SYMBOLS
                            *ABS*:0000000000000000 process_combo.c
/var/folders/7y/kbn66ztx1rs80r6yv6v16f4r0000gn/T//cc08iVU0.s:2      *ABS*:000000000000003e __SP_H__
/var/folders/7y/kbn66ztx1rs80r6yv6v16f4r0000gn/T//cc08iVU0.s:3      *ABS*:000000000000003d __SP_L__
/var/folders/7y/kbn66ztx1rs80r6yv6v16f4r0000gn/T//cc08iVU0.s:4      *ABS*:000000000000003f __SREG__
/var/folders/7y/kbn66ztx1rs80r6yv6v16f4r0000gn/T//cc08iVU0.s:5      *ABS*:0000000000000000 __tmp_reg__
/var/folders/7y/kbn66ztx1rs80r6yv6v16f4r0000gn/T//cc08iVU0.s:6      *ABS*:0000000000000001 __zero_reg__
/var/folders/7y/kbn66ztx1rs80r6yv6v16f4r0000gn/T//cc08iVU0.s:12     .text.dump_key_buffer:0000000000000000 dump_key_buffer
/var/folders/7y/kbn66ztx1rs80r6yv6v16f4r0000gn/T//cc08iVU0.s:907    .bss.buffer_size:0000000000000000 buffer_size
/var/folders/7y/kbn66ztx1rs80r6yv6v16f4r0000gn/T//cc08iVU0.s:902    .bss.key_buffer:0000000000000000 key_buffer
/var/folders/7y/kbn66ztx1rs80r6yv6v16f4r0000gn/T//cc08iVU0.s:99     .text.process_combo_event:0000000000000000 process_combo_event
/var/folders/7y/kbn66ztx1rs80r6yv6v16f4r0000gn/T//cc08iVU0.s:118    .text.matrix_scan_combo:0000000000000000 matrix_scan_combo
/var/folders/7y/kbn66ztx1rs80r6yv6v16f4r0000gn/T//cc08iVU0.s:912    .data.b_combo_enable:0000000000000000 b_combo_enable
/var/folders/7y/kbn66ztx1rs80r6yv6v16f4r0000gn/T//cc08iVU0.s:917    .bss.is_active:0000000000000000 is_active
/var/folders/7y/kbn66ztx1rs80r6yv6v16f4r0000gn/T//cc08iVU0.s:932    .bss.timer:0000000000000000 timer
/var/folders/7y/kbn66ztx1rs80r6yv6v16f4r0000gn/T//cc08iVU0.s:164    .text.combo_enable:0000000000000000 combo_enable
/var/folders/7y/kbn66ztx1rs80r6yv6v16f4r0000gn/T//cc08iVU0.s:185    .text.combo_disable:0000000000000000 combo_disable
/var/folders/7y/kbn66ztx1rs80r6yv6v16f4r0000gn/T//cc08iVU0.s:212    .text.combo_toggle:0000000000000000 combo_toggle
/var/folders/7y/kbn66ztx1rs80r6yv6v16f4r0000gn/T//cc08iVU0.s:248    .text.process_combo:0000000000000000 process_combo
/var/folders/7y/kbn66ztx1rs80r6yv6v16f4r0000gn/T//cc08iVU0.s:922    .bss.drop_buffer:0000000000000000 drop_buffer
/var/folders/7y/kbn66ztx1rs80r6yv6v16f4r0000gn/T//cc08iVU0.s:927    .bss.current_combo_index:0000000000000000 current_combo_index
/var/folders/7y/kbn66ztx1rs80r6yv6v16f4r0000gn/T//cc08iVU0.s:938    .bss.key_combos:0000000000000000 key_combos
/var/folders/7y/kbn66ztx1rs80r6yv6v16f4r0000gn/T//cc08iVU0.s:883    .text.is_combo_enabled:0000000000000000 is_combo_enabled

UNDEFINED SYMBOLS
register_code16
send_keyboard_report
timer_elapsed
timer_read
unregister_code16
__do_copy_data
__do_clear_bss
