   1               		.file	"process_combo.c"
   2               	__SP_H__ = 0x3e
   3               	__SP_L__ = 0x3d
   4               	__SREG__ = 0x3f
   5               	__tmp_reg__ = 0
   6               	__zero_reg__ = 1
   7               		.text
   8               	.Ltext0:
   9               		.cfi_sections	.debug_frame
  10               		.section	.text.dump_key_buffer,"ax",@progbits
  12               	dump_key_buffer:
  13               	.LVL0:
  14               	.LFB21:
  15               		.file 1 "quantum/process_keycode/process_combo.c"
   1:quantum/process_keycode/process_combo.c **** /* Copyright 2016 Jack Humbert
   2:quantum/process_keycode/process_combo.c ****  *
   3:quantum/process_keycode/process_combo.c ****  * This program is free software: you can redistribute it and/or modify
   4:quantum/process_keycode/process_combo.c ****  * it under the terms of the GNU General Public License as published by
   5:quantum/process_keycode/process_combo.c ****  * the Free Software Foundation, either version 2 of the License, or
   6:quantum/process_keycode/process_combo.c ****  * (at your option) any later version.
   7:quantum/process_keycode/process_combo.c ****  *
   8:quantum/process_keycode/process_combo.c ****  * This program is distributed in the hope that it will be useful,
   9:quantum/process_keycode/process_combo.c ****  * but WITHOUT ANY WARRANTY; without even the implied warranty of
  10:quantum/process_keycode/process_combo.c ****  * MERCHANTABILITY or FITNESS FOR A PARTICULAR PURPOSE.  See the
  11:quantum/process_keycode/process_combo.c ****  * GNU General Public License for more details.
  12:quantum/process_keycode/process_combo.c ****  *
  13:quantum/process_keycode/process_combo.c ****  * You should have received a copy of the GNU General Public License
  14:quantum/process_keycode/process_combo.c ****  * along with this program.  If not, see <http://www.gnu.org/licenses/>.
  15:quantum/process_keycode/process_combo.c ****  */
  16:quantum/process_keycode/process_combo.c **** 
  17:quantum/process_keycode/process_combo.c **** #include "print.h"
  18:quantum/process_keycode/process_combo.c **** #include "process_combo.h"
  19:quantum/process_keycode/process_combo.c **** 
  20:quantum/process_keycode/process_combo.c **** #ifndef COMBO_VARIABLE_LEN
  21:quantum/process_keycode/process_combo.c **** __attribute__((weak)) combo_t key_combos[COMBO_COUNT] = {};
  22:quantum/process_keycode/process_combo.c **** #else
  23:quantum/process_keycode/process_combo.c **** extern combo_t  key_combos[];
  24:quantum/process_keycode/process_combo.c **** extern int      COMBO_LEN;
  25:quantum/process_keycode/process_combo.c **** #endif
  26:quantum/process_keycode/process_combo.c **** 
  27:quantum/process_keycode/process_combo.c **** __attribute__((weak)) void process_combo_event(uint16_t combo_index, bool pressed) {}
  28:quantum/process_keycode/process_combo.c **** 
  29:quantum/process_keycode/process_combo.c **** static uint16_t timer               = 0;
  30:quantum/process_keycode/process_combo.c **** static uint16_t current_combo_index = 0;
  31:quantum/process_keycode/process_combo.c **** static bool     drop_buffer         = false;
  32:quantum/process_keycode/process_combo.c **** static bool     is_active           = false;
  33:quantum/process_keycode/process_combo.c **** static bool     b_combo_enable      = true;  // defaults to enabled
  34:quantum/process_keycode/process_combo.c **** 
  35:quantum/process_keycode/process_combo.c **** static uint8_t buffer_size = 0;
  36:quantum/process_keycode/process_combo.c **** #ifdef COMBO_ALLOW_ACTION_KEYS
  37:quantum/process_keycode/process_combo.c **** static keyrecord_t key_buffer[MAX_COMBO_LENGTH];
  38:quantum/process_keycode/process_combo.c **** #else
  39:quantum/process_keycode/process_combo.c **** static uint16_t key_buffer[MAX_COMBO_LENGTH];
  40:quantum/process_keycode/process_combo.c **** #endif
  41:quantum/process_keycode/process_combo.c **** 
  42:quantum/process_keycode/process_combo.c **** static inline void send_combo(uint16_t action, bool pressed) {
  43:quantum/process_keycode/process_combo.c ****     if (action) {
  44:quantum/process_keycode/process_combo.c ****         if (pressed) {
  45:quantum/process_keycode/process_combo.c ****             register_code16(action);
  46:quantum/process_keycode/process_combo.c ****         } else {
  47:quantum/process_keycode/process_combo.c ****             unregister_code16(action);
  48:quantum/process_keycode/process_combo.c ****         }
  49:quantum/process_keycode/process_combo.c ****     } else {
  50:quantum/process_keycode/process_combo.c ****         process_combo_event(current_combo_index, pressed);
  51:quantum/process_keycode/process_combo.c ****     }
  52:quantum/process_keycode/process_combo.c **** }
  53:quantum/process_keycode/process_combo.c **** 
  54:quantum/process_keycode/process_combo.c **** static inline void dump_key_buffer(bool emit) {
  16               		.loc 1 54 47 view -0
  17               		.cfi_startproc
  18               		.loc 1 54 47 is_stmt 0 view .LVU1
  19 0000 CF93      		push r28
  20               	.LCFI0:
  21               		.cfi_def_cfa_offset 3
  22               		.cfi_offset 28, -2
  23               	/* prologue: function */
  24               	/* frame size = 0 */
  25               	/* stack size = 1 */
  26               	.L__stack_usage = 1
  55:quantum/process_keycode/process_combo.c ****     if (buffer_size == 0) {
  27               		.loc 1 55 5 is_stmt 1 view .LVU2
  28               		.loc 1 55 8 is_stmt 0 view .LVU3
  29 0002 9091 0000 		lds r25,buffer_size
  30 0006 9923      		tst r25
  31 0008 01F0      		breq .L1
  32               	.LVL1:
  33               	.LBB9:
  34               	.LBI9:
  54:quantum/process_keycode/process_combo.c ****     if (buffer_size == 0) {
  35               		.loc 1 54 20 is_stmt 1 view .LVU4
  36               	.LBB10:
  56:quantum/process_keycode/process_combo.c ****         return;
  57:quantum/process_keycode/process_combo.c ****     }
  58:quantum/process_keycode/process_combo.c **** 
  59:quantum/process_keycode/process_combo.c ****     if (emit) {
  37               		.loc 1 59 5 view .LVU5
  38               		.loc 1 59 8 is_stmt 0 view .LVU6
  39 000a 8111      		cpse r24,__zero_reg__
  40 000c 00C0      		rjmp .L6
  41               	.LVL2:
  42               	.L5:
  60:quantum/process_keycode/process_combo.c ****         for (uint8_t i = 0; i < buffer_size; i++) {
  61:quantum/process_keycode/process_combo.c **** #ifdef COMBO_ALLOW_ACTION_KEYS
  62:quantum/process_keycode/process_combo.c ****             const action_t action = store_or_get_action(key_buffer[i].event.pressed, key_buffer[i].
  63:quantum/process_keycode/process_combo.c ****             process_action(&(key_buffer[i]), action);
  64:quantum/process_keycode/process_combo.c **** #else
  65:quantum/process_keycode/process_combo.c ****             register_code16(key_buffer[i]);
  66:quantum/process_keycode/process_combo.c ****             send_keyboard_report();
  67:quantum/process_keycode/process_combo.c **** #endif
  68:quantum/process_keycode/process_combo.c ****         }
  69:quantum/process_keycode/process_combo.c ****     }
  70:quantum/process_keycode/process_combo.c **** 
  71:quantum/process_keycode/process_combo.c ****     buffer_size = 0;
  43               		.loc 1 71 5 is_stmt 1 view .LVU7
  44               		.loc 1 71 17 is_stmt 0 view .LVU8
  45 000e 1092 0000 		sts buffer_size,__zero_reg__
  46               	.LVL3:
  47               	.L1:
  48               	/* epilogue start */
  49               		.loc 1 71 17 view .LVU9
  50               	.LBE10:
  51               	.LBE9:
  72:quantum/process_keycode/process_combo.c **** }
  52               		.loc 1 72 1 view .LVU10
  53 0012 CF91      		pop r28
  54 0014 0895      		ret
  55               	.LVL4:
  56               	.L4:
  57               	.LBB13:
  58               	.LBB12:
  59               	.LBB11:
  65:quantum/process_keycode/process_combo.c ****             send_keyboard_report();
  60               		.loc 1 65 13 is_stmt 1 view .LVU11
  61 0016 EC2F      		mov r30,r28
  62 0018 F0E0      		ldi r31,0
  63 001a EE0F      		lsl r30
  64 001c FF1F      		rol r31
  65 001e E050      		subi r30,lo8(-(key_buffer))
  66 0020 F040      		sbci r31,hi8(-(key_buffer))
  67 0022 8081      		ld r24,Z
  68 0024 9181      		ldd r25,Z+1
  69 0026 0E94 0000 		call register_code16
  70               	.LVL5:
  66:quantum/process_keycode/process_combo.c **** #endif
  71               		.loc 1 66 13 view .LVU12
  72 002a 0E94 0000 		call send_keyboard_report
  73               	.LVL6:
  60:quantum/process_keycode/process_combo.c **** #ifdef COMBO_ALLOW_ACTION_KEYS
  74               		.loc 1 60 46 view .LVU13
  60:quantum/process_keycode/process_combo.c **** #ifdef COMBO_ALLOW_ACTION_KEYS
  75               		.loc 1 60 47 is_stmt 0 view .LVU14
  76 002e CF5F      		subi r28,lo8(-(1))
  77               	.LVL7:
  78               	.L3:
  60:quantum/process_keycode/process_combo.c **** #ifdef COMBO_ALLOW_ACTION_KEYS
  79               		.loc 1 60 29 is_stmt 1 view .LVU15
  60:quantum/process_keycode/process_combo.c **** #ifdef COMBO_ALLOW_ACTION_KEYS
  80               		.loc 1 60 9 is_stmt 0 view .LVU16
  81 0030 8091 0000 		lds r24,buffer_size
  82 0034 C817      		cp r28,r24
  83 0036 00F0      		brlo .L4
  84 0038 00C0      		rjmp .L5
  85               	.LVL8:
  86               	.L6:
  60:quantum/process_keycode/process_combo.c **** #ifdef COMBO_ALLOW_ACTION_KEYS
  87               		.loc 1 60 22 view .LVU17
  88 003a C0E0      		ldi r28,0
  89 003c 00C0      		rjmp .L3
  90               	.LBE11:
  91               	.LBE12:
  92               	.LBE13:
  93               		.cfi_endproc
  94               	.LFE21:
  96               		.section	.text.process_combo_event,"ax",@progbits
  97               		.weak	process_combo_event
  99               	process_combo_event:
 100               	.LVL9:
 101               	.LFB19:
  27:quantum/process_keycode/process_combo.c **** 
 102               		.loc 1 27 84 is_stmt 1 view -0
 103               		.cfi_startproc
 104               	/* prologue: function */
 105               	/* frame size = 0 */
 106               	/* stack size = 0 */
 107               	.L__stack_usage = 0
  27:quantum/process_keycode/process_combo.c **** 
 108               		.loc 1 27 85 view .LVU19
 109               	/* epilogue start */
  27:quantum/process_keycode/process_combo.c **** 
 110               		.loc 1 27 1 is_stmt 0 view .LVU20
 111 0000 0895      		ret
 112               		.cfi_endproc
 113               	.LFE19:
 115               		.section	.text.matrix_scan_combo,"ax",@progbits
 116               	.global	matrix_scan_combo
 118               	matrix_scan_combo:
 119               	.LFB24:
  73:quantum/process_keycode/process_combo.c **** 
  74:quantum/process_keycode/process_combo.c **** #define ALL_COMBO_KEYS_ARE_DOWN (((1 << count) - 1) == combo->state)
  75:quantum/process_keycode/process_combo.c **** #define KEY_STATE_DOWN(key)         \
  76:quantum/process_keycode/process_combo.c ****     do {                            \
  77:quantum/process_keycode/process_combo.c ****         combo->state |= (1 << key); \
  78:quantum/process_keycode/process_combo.c ****     } while (0)
  79:quantum/process_keycode/process_combo.c **** #define KEY_STATE_UP(key)            \
  80:quantum/process_keycode/process_combo.c ****     do {                             \
  81:quantum/process_keycode/process_combo.c ****         combo->state &= ~(1 << key); \
  82:quantum/process_keycode/process_combo.c ****     } while (0)
  83:quantum/process_keycode/process_combo.c **** 
  84:quantum/process_keycode/process_combo.c **** static bool process_single_combo(combo_t *combo, uint16_t keycode, keyrecord_t *record) {
  85:quantum/process_keycode/process_combo.c ****     uint8_t  count = 0;
  86:quantum/process_keycode/process_combo.c ****     uint16_t index = -1;
  87:quantum/process_keycode/process_combo.c ****     /* Find index of keycode and number of combo keys */
  88:quantum/process_keycode/process_combo.c ****     for (const uint16_t *keys = combo->keys;; ++count) {
  89:quantum/process_keycode/process_combo.c ****         uint16_t key = pgm_read_word(&keys[count]);
  90:quantum/process_keycode/process_combo.c ****         if (keycode == key) index = count;
  91:quantum/process_keycode/process_combo.c ****         if (COMBO_END == key) break;
  92:quantum/process_keycode/process_combo.c ****     }
  93:quantum/process_keycode/process_combo.c **** 
  94:quantum/process_keycode/process_combo.c ****     /* Continue processing if not a combo key */
  95:quantum/process_keycode/process_combo.c ****     if (-1 == (int8_t)index) return false;
  96:quantum/process_keycode/process_combo.c **** 
  97:quantum/process_keycode/process_combo.c ****     bool is_combo_active = is_active;
  98:quantum/process_keycode/process_combo.c **** 
  99:quantum/process_keycode/process_combo.c ****     if (record->event.pressed) {
 100:quantum/process_keycode/process_combo.c ****         KEY_STATE_DOWN(index);
 101:quantum/process_keycode/process_combo.c **** 
 102:quantum/process_keycode/process_combo.c ****         if (is_combo_active) {
 103:quantum/process_keycode/process_combo.c ****             if (ALL_COMBO_KEYS_ARE_DOWN) { /* Combo was pressed */
 104:quantum/process_keycode/process_combo.c ****                 send_combo(combo->keycode, true);
 105:quantum/process_keycode/process_combo.c ****                 drop_buffer = true;
 106:quantum/process_keycode/process_combo.c ****             }
 107:quantum/process_keycode/process_combo.c ****         }
 108:quantum/process_keycode/process_combo.c ****     } else {
 109:quantum/process_keycode/process_combo.c ****         if (ALL_COMBO_KEYS_ARE_DOWN) { /* Combo was released */
 110:quantum/process_keycode/process_combo.c ****             send_combo(combo->keycode, false);
 111:quantum/process_keycode/process_combo.c ****         } else {
 112:quantum/process_keycode/process_combo.c ****             /* continue processing without immediately returning */
 113:quantum/process_keycode/process_combo.c ****             is_combo_active = false;
 114:quantum/process_keycode/process_combo.c ****         }
 115:quantum/process_keycode/process_combo.c **** 
 116:quantum/process_keycode/process_combo.c ****         KEY_STATE_UP(index);
 117:quantum/process_keycode/process_combo.c ****     }
 118:quantum/process_keycode/process_combo.c **** 
 119:quantum/process_keycode/process_combo.c ****     return is_combo_active;
 120:quantum/process_keycode/process_combo.c **** }
 121:quantum/process_keycode/process_combo.c **** 
 122:quantum/process_keycode/process_combo.c **** #define NO_COMBO_KEYS_ARE_DOWN (0 == combo->state)
 123:quantum/process_keycode/process_combo.c **** 
 124:quantum/process_keycode/process_combo.c **** bool process_combo(uint16_t keycode, keyrecord_t *record) {
 125:quantum/process_keycode/process_combo.c ****     bool is_combo_key          = false;
 126:quantum/process_keycode/process_combo.c ****     drop_buffer                = false;
 127:quantum/process_keycode/process_combo.c ****     bool no_combo_keys_pressed = true;
 128:quantum/process_keycode/process_combo.c **** 
 129:quantum/process_keycode/process_combo.c ****     if (keycode == CMB_ON && record->event.pressed) {
 130:quantum/process_keycode/process_combo.c ****         combo_enable();
 131:quantum/process_keycode/process_combo.c ****         return true;
 132:quantum/process_keycode/process_combo.c ****     }
 133:quantum/process_keycode/process_combo.c **** 
 134:quantum/process_keycode/process_combo.c ****     if (keycode == CMB_OFF && record->event.pressed) {
 135:quantum/process_keycode/process_combo.c ****         combo_disable();
 136:quantum/process_keycode/process_combo.c ****         return true;
 137:quantum/process_keycode/process_combo.c ****     }
 138:quantum/process_keycode/process_combo.c **** 
 139:quantum/process_keycode/process_combo.c ****     if (keycode == CMB_TOG && record->event.pressed) {
 140:quantum/process_keycode/process_combo.c ****         combo_toggle();
 141:quantum/process_keycode/process_combo.c ****         return true;
 142:quantum/process_keycode/process_combo.c ****     }
 143:quantum/process_keycode/process_combo.c **** 
 144:quantum/process_keycode/process_combo.c ****     if (!is_combo_enabled()) {
 145:quantum/process_keycode/process_combo.c ****         return true;
 146:quantum/process_keycode/process_combo.c ****     }
 147:quantum/process_keycode/process_combo.c **** #ifndef COMBO_VARIABLE_LEN
 148:quantum/process_keycode/process_combo.c ****     for (current_combo_index = 0; current_combo_index < COMBO_COUNT; ++current_combo_index) {
 149:quantum/process_keycode/process_combo.c **** #else
 150:quantum/process_keycode/process_combo.c ****     for (current_combo_index = 0; current_combo_index < COMBO_LEN; ++current_combo_index) {
 151:quantum/process_keycode/process_combo.c **** #endif
 152:quantum/process_keycode/process_combo.c ****         combo_t *combo = &key_combos[current_combo_index];
 153:quantum/process_keycode/process_combo.c ****         is_combo_key |= process_single_combo(combo, keycode, record);
 154:quantum/process_keycode/process_combo.c ****         no_combo_keys_pressed = no_combo_keys_pressed && NO_COMBO_KEYS_ARE_DOWN;
 155:quantum/process_keycode/process_combo.c ****     }
 156:quantum/process_keycode/process_combo.c **** 
 157:quantum/process_keycode/process_combo.c ****     if (drop_buffer) {
 158:quantum/process_keycode/process_combo.c ****         /* buffer is only dropped when we complete a combo, so we refresh the timer
 159:quantum/process_keycode/process_combo.c ****          * here */
 160:quantum/process_keycode/process_combo.c ****         timer = timer_read();
 161:quantum/process_keycode/process_combo.c ****         dump_key_buffer(false);
 162:quantum/process_keycode/process_combo.c ****     } else if (!is_combo_key) {
 163:quantum/process_keycode/process_combo.c ****         /* if no combos claim the key we need to emit the keybuffer */
 164:quantum/process_keycode/process_combo.c ****         dump_key_buffer(true);
 165:quantum/process_keycode/process_combo.c **** 
 166:quantum/process_keycode/process_combo.c ****         // reset state if there are no combo keys pressed at all
 167:quantum/process_keycode/process_combo.c ****         if (no_combo_keys_pressed) {
 168:quantum/process_keycode/process_combo.c ****             timer     = 0;
 169:quantum/process_keycode/process_combo.c ****             is_active = true;
 170:quantum/process_keycode/process_combo.c ****         }
 171:quantum/process_keycode/process_combo.c ****     } else if (record->event.pressed && is_active) {
 172:quantum/process_keycode/process_combo.c ****         /* otherwise the key is consumed and placed in the buffer */
 173:quantum/process_keycode/process_combo.c ****         timer = timer_read();
 174:quantum/process_keycode/process_combo.c **** 
 175:quantum/process_keycode/process_combo.c ****         if (buffer_size < MAX_COMBO_LENGTH) {
 176:quantum/process_keycode/process_combo.c **** #ifdef COMBO_ALLOW_ACTION_KEYS
 177:quantum/process_keycode/process_combo.c ****             key_buffer[buffer_size++] = *record;
 178:quantum/process_keycode/process_combo.c **** #else
 179:quantum/process_keycode/process_combo.c ****             key_buffer[buffer_size++] = keycode;
 180:quantum/process_keycode/process_combo.c **** #endif
 181:quantum/process_keycode/process_combo.c ****         }
 182:quantum/process_keycode/process_combo.c ****     }
 183:quantum/process_keycode/process_combo.c **** 
 184:quantum/process_keycode/process_combo.c ****     return !is_combo_key;
 185:quantum/process_keycode/process_combo.c **** }
 186:quantum/process_keycode/process_combo.c **** 
 187:quantum/process_keycode/process_combo.c **** void matrix_scan_combo(void) {
 120               		.loc 1 187 30 is_stmt 1 view -0
 121               		.cfi_startproc
 122               	/* prologue: function */
 123               	/* frame size = 0 */
 124               	/* stack size = 0 */
 125               	.L__stack_usage = 0
 188:quantum/process_keycode/process_combo.c ****     if (b_combo_enable && is_active && timer && timer_elapsed(timer) > COMBO_TERM) {
 126               		.loc 1 188 5 view .LVU22
 127               		.loc 1 188 8 is_stmt 0 view .LVU23
 128 0000 8091 0000 		lds r24,b_combo_enable
 129 0004 8823      		tst r24
 130 0006 01F0      		breq .L11
 131               		.loc 1 188 24 discriminator 1 view .LVU24
 132 0008 8091 0000 		lds r24,is_active
 133 000c 8823      		tst r24
 134 000e 01F0      		breq .L11
 135               		.loc 1 188 37 discriminator 2 view .LVU25
 136 0010 8091 0000 		lds r24,timer
 137 0014 9091 0000 		lds r25,timer+1
 138 0018 0097      		sbiw r24,0
 139 001a 01F0      		breq .L11
 140               		.loc 1 188 49 discriminator 3 view .LVU26
 141 001c 0E94 0000 		call timer_elapsed
 142               	.LVL10:
 143               		.loc 1 188 46 discriminator 3 view .LVU27
 144 0020 C397      		sbiw r24,51
 145 0022 00F0      		brlo .L11
 189:quantum/process_keycode/process_combo.c ****         /* This disables the combo, meaning key events for this
 190:quantum/process_keycode/process_combo.c ****          * combo will be handled by the next processors in the chain
 191:quantum/process_keycode/process_combo.c ****          */
 192:quantum/process_keycode/process_combo.c ****         is_active = false;
 146               		.loc 1 192 9 is_stmt 1 view .LVU28
 147               		.loc 1 192 19 is_stmt 0 view .LVU29
 148 0024 1092 0000 		sts is_active,__zero_reg__
 193:quantum/process_keycode/process_combo.c ****         dump_key_buffer(true);
 149               		.loc 1 193 9 is_stmt 1 view .LVU30
 150 0028 81E0      		ldi r24,lo8(1)
 151 002a 0C94 0000 		jmp dump_key_buffer
 152               	.LVL11:
 153               	.L11:
 154               	/* epilogue start */
 194:quantum/process_keycode/process_combo.c ****     }
 195:quantum/process_keycode/process_combo.c **** }
 155               		.loc 1 195 1 is_stmt 0 view .LVU31
 156 002e 0895      		ret
 157               		.cfi_endproc
 158               	.LFE24:
 160               		.section	.text.combo_enable,"ax",@progbits
 161               	.global	combo_enable
 163               	combo_enable:
 164               	.LFB25:
 196:quantum/process_keycode/process_combo.c **** 
 197:quantum/process_keycode/process_combo.c **** void combo_enable(void) { b_combo_enable = true; }
 165               		.loc 1 197 25 is_stmt 1 view -0
 166               		.cfi_startproc
 167               	/* prologue: function */
 168               	/* frame size = 0 */
 169               	/* stack size = 0 */
 170               	.L__stack_usage = 0
 171               		.loc 1 197 27 view .LVU33
 172               		.loc 1 197 42 is_stmt 0 view .LVU34
 173 0000 81E0      		ldi r24,lo8(1)
 174 0002 8093 0000 		sts b_combo_enable,r24
 175               	/* epilogue start */
 176               		.loc 1 197 1 view .LVU35
 177 0006 0895      		ret
 178               		.cfi_endproc
 179               	.LFE25:
 181               		.section	.text.combo_disable,"ax",@progbits
 182               	.global	combo_disable
 184               	combo_disable:
 185               	.LFB26:
 198:quantum/process_keycode/process_combo.c **** 
 199:quantum/process_keycode/process_combo.c **** void combo_disable(void) {
 186               		.loc 1 199 26 is_stmt 1 view -0
 187               		.cfi_startproc
 188               	/* prologue: function */
 189               	/* frame size = 0 */
 190               	/* stack size = 0 */
 191               	.L__stack_usage = 0
 200:quantum/process_keycode/process_combo.c ****     b_combo_enable = is_active = false;
 192               		.loc 1 200 5 view .LVU37
 193               		.loc 1 200 32 is_stmt 0 view .LVU38
 194 0000 1092 0000 		sts is_active,__zero_reg__
 195               		.loc 1 200 20 view .LVU39
 196 0004 1092 0000 		sts b_combo_enable,__zero_reg__
 201:quantum/process_keycode/process_combo.c ****     timer                      = 0;
 197               		.loc 1 201 5 is_stmt 1 view .LVU40
 198               		.loc 1 201 32 is_stmt 0 view .LVU41
 199 0008 1092 0000 		sts timer+1,__zero_reg__
 200 000c 1092 0000 		sts timer,__zero_reg__
 202:quantum/process_keycode/process_combo.c ****     dump_key_buffer(true);
 201               		.loc 1 202 5 is_stmt 1 view .LVU42
 202 0010 81E0      		ldi r24,lo8(1)
 203 0012 0C94 0000 		jmp dump_key_buffer
 204               	.LVL12:
 205               		.cfi_endproc
 206               	.LFE26:
 208               		.section	.text.combo_toggle,"ax",@progbits
 209               	.global	combo_toggle
 211               	combo_toggle:
 212               	.LFB27:
 203:quantum/process_keycode/process_combo.c **** }
 204:quantum/process_keycode/process_combo.c **** 
 205:quantum/process_keycode/process_combo.c **** void combo_toggle(void) {
 213               		.loc 1 205 25 view -0
 214               		.cfi_startproc
 215               	/* prologue: function */
 216               	/* frame size = 0 */
 217               	/* stack size = 0 */
 218               	.L__stack_usage = 0
 206:quantum/process_keycode/process_combo.c ****     if (b_combo_enable) {
 219               		.loc 1 206 5 view .LVU44
 220               		.loc 1 206 8 is_stmt 0 view .LVU45
 221 0000 8091 0000 		lds r24,b_combo_enable
 222 0004 8111      		cpse r24,__zero_reg__
 207:quantum/process_keycode/process_combo.c ****         combo_disable();
 223               		.loc 1 207 9 is_stmt 1 view .LVU46
 224 0006 0C94 0000 		jmp combo_disable
 225               	.LVL13:
 226               	.L24:
 208:quantum/process_keycode/process_combo.c ****     } else {
 209:quantum/process_keycode/process_combo.c ****         combo_enable();
 227               		.loc 1 209 9 view .LVU47
 228               	.LBB16:
 229               	.LBI16:
 197:quantum/process_keycode/process_combo.c **** 
 230               		.loc 1 197 6 view .LVU48
 231               	.LBB17:
 197:quantum/process_keycode/process_combo.c **** 
 232               		.loc 1 197 27 view .LVU49
 197:quantum/process_keycode/process_combo.c **** 
 233               		.loc 1 197 42 is_stmt 0 view .LVU50
 234 000a 81E0      		ldi r24,lo8(1)
 235 000c 8093 0000 		sts b_combo_enable,r24
 236               	/* epilogue start */
 237               	.LBE17:
 238               	.LBE16:
 210:quantum/process_keycode/process_combo.c ****     }
 211:quantum/process_keycode/process_combo.c **** }
 239               		.loc 1 211 1 view .LVU51
 240 0010 0895      		ret
 241               		.cfi_endproc
 242               	.LFE27:
 244               		.section	.text.process_combo,"ax",@progbits
 245               	.global	process_combo
 247               	process_combo:
 248               	.LVL14:
 249               	.LFB23:
 124:quantum/process_keycode/process_combo.c ****     bool is_combo_key          = false;
 250               		.loc 1 124 59 is_stmt 1 view -0
 251               		.cfi_startproc
 124:quantum/process_keycode/process_combo.c ****     bool is_combo_key          = false;
 252               		.loc 1 124 59 is_stmt 0 view .LVU53
 253 0000 5F92      		push r5
 254               	.LCFI1:
 255               		.cfi_def_cfa_offset 3
 256               		.cfi_offset 5, -2
 257 0002 6F92      		push r6
 258               	.LCFI2:
 259               		.cfi_def_cfa_offset 4
 260               		.cfi_offset 6, -3
 261 0004 7F92      		push r7
 262               	.LCFI3:
 263               		.cfi_def_cfa_offset 5
 264               		.cfi_offset 7, -4
 265 0006 8F92      		push r8
 266               	.LCFI4:
 267               		.cfi_def_cfa_offset 6
 268               		.cfi_offset 8, -5
 269 0008 9F92      		push r9
 270               	.LCFI5:
 271               		.cfi_def_cfa_offset 7
 272               		.cfi_offset 9, -6
 273 000a AF92      		push r10
 274               	.LCFI6:
 275               		.cfi_def_cfa_offset 8
 276               		.cfi_offset 10, -7
 277 000c BF92      		push r11
 278               	.LCFI7:
 279               		.cfi_def_cfa_offset 9
 280               		.cfi_offset 11, -8
 281 000e CF92      		push r12
 282               	.LCFI8:
 283               		.cfi_def_cfa_offset 10
 284               		.cfi_offset 12, -9
 285 0010 DF92      		push r13
 286               	.LCFI9:
 287               		.cfi_def_cfa_offset 11
 288               		.cfi_offset 13, -10
 289 0012 EF92      		push r14
 290               	.LCFI10:
 291               		.cfi_def_cfa_offset 12
 292               		.cfi_offset 14, -11
 293 0014 FF92      		push r15
 294               	.LCFI11:
 295               		.cfi_def_cfa_offset 13
 296               		.cfi_offset 15, -12
 297 0016 0F93      		push r16
 298               	.LCFI12:
 299               		.cfi_def_cfa_offset 14
 300               		.cfi_offset 16, -13
 301 0018 1F93      		push r17
 302               	.LCFI13:
 303               		.cfi_def_cfa_offset 15
 304               		.cfi_offset 17, -14
 305 001a CF93      		push r28
 306               	.LCFI14:
 307               		.cfi_def_cfa_offset 16
 308               		.cfi_offset 28, -15
 309 001c DF93      		push r29
 310               	.LCFI15:
 311               		.cfi_def_cfa_offset 17
 312               		.cfi_offset 29, -16
 313               	/* prologue: function */
 314               	/* frame size = 0 */
 315               	/* stack size = 15 */
 316               	.L__stack_usage = 15
 317 001e 7C01      		movw r14,r24
 318 0020 6B01      		movw r12,r22
 125:quantum/process_keycode/process_combo.c ****     drop_buffer                = false;
 319               		.loc 1 125 5 is_stmt 1 view .LVU54
 320               	.LVL15:
 126:quantum/process_keycode/process_combo.c ****     bool no_combo_keys_pressed = true;
 321               		.loc 1 126 5 view .LVU55
 126:quantum/process_keycode/process_combo.c ****     bool no_combo_keys_pressed = true;
 322               		.loc 1 126 32 is_stmt 0 view .LVU56
 323 0022 1092 0000 		sts drop_buffer,__zero_reg__
 127:quantum/process_keycode/process_combo.c **** 
 324               		.loc 1 127 5 is_stmt 1 view .LVU57
 325               	.LVL16:
 129:quantum/process_keycode/process_combo.c ****         combo_enable();
 326               		.loc 1 129 5 view .LVU58
 129:quantum/process_keycode/process_combo.c ****         combo_enable();
 327               		.loc 1 129 8 is_stmt 0 view .LVU59
 328 0026 873F      		cpi r24,-9
 329 0028 4CE5      		ldi r20,92
 330 002a 9407      		cpc r25,r20
 331 002c 01F4      		brne .L26
 129:quantum/process_keycode/process_combo.c ****         combo_enable();
 332               		.loc 1 129 43 discriminator 1 view .LVU60
 333 002e FB01      		movw r30,r22
 334 0030 C281      		ldd r28,Z+2
 129:quantum/process_keycode/process_combo.c ****         combo_enable();
 335               		.loc 1 129 27 discriminator 1 view .LVU61
 336 0032 CC23      		tst r28
 337 0034 01F0      		breq .L27
 130:quantum/process_keycode/process_combo.c ****         return true;
 338               		.loc 1 130 9 is_stmt 1 view .LVU62
 339               	.LBB36:
 340               	.LBI36:
 197:quantum/process_keycode/process_combo.c **** 
 341               		.loc 1 197 6 view .LVU63
 342               	.LBB37:
 197:quantum/process_keycode/process_combo.c **** 
 343               		.loc 1 197 27 view .LVU64
 197:quantum/process_keycode/process_combo.c **** 
 344               		.loc 1 197 42 is_stmt 0 view .LVU65
 345 0036 81E0      		ldi r24,lo8(1)
 346               	.LVL17:
 197:quantum/process_keycode/process_combo.c **** 
 347               		.loc 1 197 42 view .LVU66
 348 0038 8093 0000 		sts b_combo_enable,r24
 349               	.LVL18:
 350               	.L25:
 197:quantum/process_keycode/process_combo.c **** 
 351               		.loc 1 197 42 view .LVU67
 352               	.LBE37:
 353               	.LBE36:
 185:quantum/process_keycode/process_combo.c **** 
 354               		.loc 1 185 1 view .LVU68
 355 003c 8C2F      		mov r24,r28
 356               	/* epilogue start */
 357 003e DF91      		pop r29
 358 0040 CF91      		pop r28
 359 0042 1F91      		pop r17
 360 0044 0F91      		pop r16
 361 0046 FF90      		pop r15
 362 0048 EF90      		pop r14
 363               	.LVL19:
 185:quantum/process_keycode/process_combo.c **** 
 364               		.loc 1 185 1 view .LVU69
 365 004a DF90      		pop r13
 366 004c CF90      		pop r12
 367               	.LVL20:
 185:quantum/process_keycode/process_combo.c **** 
 368               		.loc 1 185 1 view .LVU70
 369 004e BF90      		pop r11
 370 0050 AF90      		pop r10
 371 0052 9F90      		pop r9
 372 0054 8F90      		pop r8
 373 0056 7F90      		pop r7
 374 0058 6F90      		pop r6
 375 005a 5F90      		pop r5
 376 005c 0895      		ret
 377               	.LVL21:
 378               	.L26:
 134:quantum/process_keycode/process_combo.c ****         combo_disable();
 379               		.loc 1 134 5 is_stmt 1 view .LVU71
 134:quantum/process_keycode/process_combo.c ****         combo_disable();
 380               		.loc 1 134 8 is_stmt 0 view .LVU72
 381 005e 883F      		cpi r24,-8
 382 0060 FCE5      		ldi r31,92
 383 0062 9F07      		cpc r25,r31
 384 0064 01F4      		brne .L29
 134:quantum/process_keycode/process_combo.c ****         combo_disable();
 385               		.loc 1 134 44 discriminator 1 view .LVU73
 386 0066 FB01      		movw r30,r22
 387 0068 C281      		ldd r28,Z+2
 134:quantum/process_keycode/process_combo.c ****         combo_disable();
 388               		.loc 1 134 28 discriminator 1 view .LVU74
 389 006a CC23      		tst r28
 390 006c 01F0      		breq .L27
 135:quantum/process_keycode/process_combo.c ****         return true;
 391               		.loc 1 135 9 is_stmt 1 view .LVU75
 392 006e 0E94 0000 		call combo_disable
 393               	.LVL22:
 136:quantum/process_keycode/process_combo.c ****     }
 394               		.loc 1 136 9 view .LVU76
 136:quantum/process_keycode/process_combo.c ****     }
 395               		.loc 1 136 16 is_stmt 0 view .LVU77
 396 0072 00C0      		rjmp .L25
 397               	.L29:
 139:quantum/process_keycode/process_combo.c ****         combo_toggle();
 398               		.loc 1 139 5 is_stmt 1 view .LVU78
 139:quantum/process_keycode/process_combo.c ****         combo_toggle();
 399               		.loc 1 139 8 is_stmt 0 view .LVU79
 400 0074 893F      		cpi r24,-7
 401 0076 9C45      		sbci r25,92
 402 0078 01F4      		brne .L27
 139:quantum/process_keycode/process_combo.c ****         combo_toggle();
 403               		.loc 1 139 44 discriminator 1 view .LVU80
 404 007a FB01      		movw r30,r22
 405 007c C281      		ldd r28,Z+2
 139:quantum/process_keycode/process_combo.c ****         combo_toggle();
 406               		.loc 1 139 28 discriminator 1 view .LVU81
 407 007e CC23      		tst r28
 408 0080 01F0      		breq .L27
 140:quantum/process_keycode/process_combo.c ****         return true;
 409               		.loc 1 140 9 is_stmt 1 view .LVU82
 410 0082 0E94 0000 		call combo_toggle
 411               	.LVL23:
 141:quantum/process_keycode/process_combo.c ****     }
 412               		.loc 1 141 9 view .LVU83
 141:quantum/process_keycode/process_combo.c ****     }
 413               		.loc 1 141 16 is_stmt 0 view .LVU84
 414 0086 00C0      		rjmp .L25
 415               	.L27:
 144:quantum/process_keycode/process_combo.c ****         return true;
 416               		.loc 1 144 5 is_stmt 1 view .LVU85
 417               	.LBB38:
 418               	.LBI38:
 212:quantum/process_keycode/process_combo.c **** 
 213:quantum/process_keycode/process_combo.c **** bool is_combo_enabled(void) { return b_combo_enable; }
 419               		.loc 1 213 6 view .LVU86
 420               	.LBB39:
 421               		.loc 1 213 31 view .LVU87
 422               		.loc 1 213 38 is_stmt 0 view .LVU88
 423 0088 D091 0000 		lds r29,b_combo_enable
 424               	.LBE39:
 425               	.LBE38:
 145:quantum/process_keycode/process_combo.c ****     }
 426               		.loc 1 145 16 view .LVU89
 427 008c C1E0      		ldi r28,lo8(1)
 144:quantum/process_keycode/process_combo.c ****         return true;
 428               		.loc 1 144 8 view .LVU90
 429 008e DD23      		tst r29
 430 0090 01F0      		breq .L25
 148:quantum/process_keycode/process_combo.c **** #else
 431               		.loc 1 148 5 is_stmt 1 view .LVU91
 148:quantum/process_keycode/process_combo.c **** #else
 432               		.loc 1 148 30 is_stmt 0 view .LVU92
 433 0092 1092 0000 		sts current_combo_index+1,__zero_reg__
 434 0096 1092 0000 		sts current_combo_index,__zero_reg__
 125:quantum/process_keycode/process_combo.c ****     drop_buffer                = false;
 435               		.loc 1 125 10 view .LVU93
 436 009a C0E0      		ldi r28,0
 437               	.LBB40:
 438               	.LBB41:
 439               	.LBB42:
 440               	.LBB43:
  88:quantum/process_keycode/process_combo.c ****         uint16_t key = pgm_read_word(&keys[count]);
 441               		.loc 1 88 26 view .LVU94
 442 009c 55E0      		ldi r21,lo8(5)
 443 009e 752E      		mov r7,r21
 444 00a0 8824      		clr r8
 445 00a2 8394      		inc r8
 446 00a4 912C      		mov r9,__zero_reg__
 447               	.LBE43:
 105:quantum/process_keycode/process_combo.c ****             }
 448               		.loc 1 105 29 view .LVU95
 449 00a6 6624      		clr r6
 450 00a8 6394      		inc r6
 451               	.LVL24:
 452               	.L30:
 105:quantum/process_keycode/process_combo.c ****             }
 453               		.loc 1 105 29 view .LVU96
 454               	.LBE42:
 455               	.LBE41:
 456               	.LBE40:
 148:quantum/process_keycode/process_combo.c **** #else
 457               		.loc 1 148 35 is_stmt 1 discriminator 2 view .LVU97
 148:quantum/process_keycode/process_combo.c **** #else
 458               		.loc 1 148 55 is_stmt 0 discriminator 2 view .LVU98
 459 00aa 0091 0000 		lds r16,current_combo_index
 460 00ae 1091 0000 		lds r17,current_combo_index+1
 148:quantum/process_keycode/process_combo.c **** #else
 461               		.loc 1 148 5 discriminator 2 view .LVU99
 462 00b2 0632      		cpi r16,38
 463 00b4 1105      		cpc r17,__zero_reg__
 464 00b6 00F0      		brlo .L44
 157:quantum/process_keycode/process_combo.c ****         /* buffer is only dropped when we complete a combo, so we refresh the timer
 465               		.loc 1 157 5 is_stmt 1 view .LVU100
 157:quantum/process_keycode/process_combo.c ****         /* buffer is only dropped when we complete a combo, so we refresh the timer
 466               		.loc 1 157 8 is_stmt 0 view .LVU101
 467 00b8 8091 0000 		lds r24,drop_buffer
 468 00bc 8823      		tst r24
 469 00be 01F4      		brne .+2
 470 00c0 00C0      		rjmp .L45
 160:quantum/process_keycode/process_combo.c ****         dump_key_buffer(false);
 471               		.loc 1 160 9 is_stmt 1 view .LVU102
 160:quantum/process_keycode/process_combo.c ****         dump_key_buffer(false);
 472               		.loc 1 160 17 is_stmt 0 view .LVU103
 473 00c2 0E94 0000 		call timer_read
 474               	.LVL25:
 160:quantum/process_keycode/process_combo.c ****         dump_key_buffer(false);
 475               		.loc 1 160 15 view .LVU104
 476 00c6 9093 0000 		sts timer+1,r25
 477 00ca 8093 0000 		sts timer,r24
 161:quantum/process_keycode/process_combo.c ****     } else if (!is_combo_key) {
 478               		.loc 1 161 9 is_stmt 1 view .LVU105
 479 00ce 80E0      		ldi r24,0
 480 00d0 0E94 0000 		call dump_key_buffer
 481               	.LVL26:
 482               	.L46:
 184:quantum/process_keycode/process_combo.c **** }
 483               		.loc 1 184 5 view .LVU106
 484 00d4 81E0      		ldi r24,lo8(1)
 485 00d6 C827      		eor r28,r24
 486               	.LVL27:
 184:quantum/process_keycode/process_combo.c **** }
 487               		.loc 1 184 12 is_stmt 0 view .LVU107
 488 00d8 00C0      		rjmp .L25
 489               	.LVL28:
 490               	.L44:
 491               	.LBB64:
 152:quantum/process_keycode/process_combo.c ****         is_combo_key |= process_single_combo(combo, keycode, record);
 492               		.loc 1 152 9 is_stmt 1 view .LVU108
 153:quantum/process_keycode/process_combo.c ****         no_combo_keys_pressed = no_combo_keys_pressed && NO_COMBO_KEYS_ARE_DOWN;
 493               		.loc 1 153 9 view .LVU109
 494               	.LBB62:
 495               	.LBI41:
  84:quantum/process_keycode/process_combo.c ****     uint8_t  count = 0;
 496               		.loc 1 84 13 view .LVU110
 497               	.LBB60:
  85:quantum/process_keycode/process_combo.c ****     uint16_t index = -1;
 498               		.loc 1 85 5 view .LVU111
  86:quantum/process_keycode/process_combo.c ****     /* Find index of keycode and number of combo keys */
 499               		.loc 1 86 5 view .LVU112
  88:quantum/process_keycode/process_combo.c ****         uint16_t key = pgm_read_word(&keys[count]);
 500               		.loc 1 88 5 view .LVU113
 501               	.LBB46:
  88:quantum/process_keycode/process_combo.c ****         uint16_t key = pgm_read_word(&keys[count]);
 502               		.loc 1 88 10 view .LVU114
  88:quantum/process_keycode/process_combo.c ****         uint16_t key = pgm_read_word(&keys[count]);
 503               		.loc 1 88 26 is_stmt 0 view .LVU115
 504 00da 709E      		mul r7,r16
 505 00dc F001      		movw r30,r0
 506 00de 719E      		mul r7,r17
 507 00e0 F00D      		add r31,r0
 508 00e2 1124      		clr __zero_reg__
 509 00e4 E050      		subi r30,lo8(-(key_combos))
 510 00e6 F040      		sbci r31,hi8(-(key_combos))
 511 00e8 8081      		ld r24,Z
 512 00ea 9181      		ldd r25,Z+1
 513               	.LVL29:
  88:quantum/process_keycode/process_combo.c ****         uint16_t key = pgm_read_word(&keys[count]);
 514               		.loc 1 88 26 view .LVU116
 515               	.LBE46:
  86:quantum/process_keycode/process_combo.c ****     /* Find index of keycode and number of combo keys */
 516               		.loc 1 86 14 view .LVU117
 517 00ec 3FEF      		ldi r19,lo8(-1)
  85:quantum/process_keycode/process_combo.c ****     uint16_t index = -1;
 518               		.loc 1 85 14 view .LVU118
 519 00ee 20E0      		ldi r18,0
 520               	.LVL30:
 521               	.L33:
 522               	.LBB47:
 523               	.LBB44:
  89:quantum/process_keycode/process_combo.c ****         if (keycode == key) index = count;
 524               		.loc 1 89 9 is_stmt 1 view .LVU119
 525               	.LBB45:
  89:quantum/process_keycode/process_combo.c ****         if (keycode == key) index = count;
 526               		.loc 1 89 24 view .LVU120
 527 00f0 E22F      		mov r30,r18
 528 00f2 F0E0      		ldi r31,0
 529 00f4 EE0F      		lsl r30
 530 00f6 FF1F      		rol r31
 531 00f8 E80F      		add r30,r24
 532 00fa F91F      		adc r31,r25
 533               	.LVL31:
  89:quantum/process_keycode/process_combo.c ****         if (keycode == key) index = count;
 534               		.loc 1 89 24 view .LVU121
  89:quantum/process_keycode/process_combo.c ****         if (keycode == key) index = count;
 535               		.loc 1 89 24 view .LVU122
 536               	/* #APP */
 537               	 ;  89 "quantum/process_keycode/process_combo.c" 1
 538 00fc 4591      		lpm r20, Z+
 539 00fe 5491      		lpm r21, Z
 540               		
 541               	 ;  0 "" 2
 542               	.LVL32:
  89:quantum/process_keycode/process_combo.c ****         if (keycode == key) index = count;
 543               		.loc 1 89 24 view .LVU123
  89:quantum/process_keycode/process_combo.c ****         if (keycode == key) index = count;
 544               		.loc 1 89 24 is_stmt 0 view .LVU124
 545               	/* #NOAPP */
 546               	.LBE45:
  90:quantum/process_keycode/process_combo.c ****         if (COMBO_END == key) break;
 547               		.loc 1 90 9 is_stmt 1 view .LVU125
  90:quantum/process_keycode/process_combo.c ****         if (COMBO_END == key) break;
 548               		.loc 1 90 12 is_stmt 0 view .LVU126
 549 0100 E416      		cp r14,r20
 550 0102 F506      		cpc r15,r21
 551 0104 01F4      		brne .L31
  90:quantum/process_keycode/process_combo.c ****         if (COMBO_END == key) break;
 552               		.loc 1 90 35 view .LVU127
 553 0106 322F      		mov r19,r18
 554               	.L31:
  91:quantum/process_keycode/process_combo.c ****     }
 555               		.loc 1 91 9 is_stmt 1 view .LVU128
  91:quantum/process_keycode/process_combo.c ****     }
 556               		.loc 1 91 12 is_stmt 0 view .LVU129
 557 0108 452B      		or r20,r21
 558 010a 01F0      		breq .L32
 559               	.LBE44:
  88:quantum/process_keycode/process_combo.c ****         uint16_t key = pgm_read_word(&keys[count]);
 560               		.loc 1 88 47 is_stmt 1 view .LVU130
 561 010c 2F5F      		subi r18,lo8(-(1))
 562               	.LVL33:
  88:quantum/process_keycode/process_combo.c ****         uint16_t key = pgm_read_word(&keys[count]);
 563               		.loc 1 88 45 view .LVU131
 564 010e 00C0      		rjmp .L33
 565               	.L32:
  88:quantum/process_keycode/process_combo.c ****         uint16_t key = pgm_read_word(&keys[count]);
 566               		.loc 1 88 45 is_stmt 0 view .LVU132
 567               	.LBE47:
  95:quantum/process_keycode/process_combo.c **** 
 568               		.loc 1 95 5 is_stmt 1 view .LVU133
  95:quantum/process_keycode/process_combo.c **** 
 569               		.loc 1 95 8 is_stmt 0 view .LVU134
 570 0110 3F3F      		cpi r19,lo8(-1)
 571 0112 01F4      		brne .L34
 572               	.LVL34:
 573               	.L37:
  95:quantum/process_keycode/process_combo.c **** 
 574               		.loc 1 95 37 view .LVU135
 575 0114 512C      		mov r5,__zero_reg__
 576               	.LVL35:
 577               	.L35:
  95:quantum/process_keycode/process_combo.c **** 
 578               		.loc 1 95 37 view .LVU136
 579               	.LBE60:
 580               	.LBE62:
 153:quantum/process_keycode/process_combo.c ****         no_combo_keys_pressed = no_combo_keys_pressed && NO_COMBO_KEYS_ARE_DOWN;
 581               		.loc 1 153 22 view .LVU137
 582 0116 C529      		or r28,r5
 583               	.LVL36:
 154:quantum/process_keycode/process_combo.c ****     }
 584               		.loc 1 154 9 is_stmt 1 view .LVU138
 154:quantum/process_keycode/process_combo.c ****     }
 585               		.loc 1 154 55 is_stmt 0 view .LVU139
 586 0118 DD23      		tst r29
 587 011a 01F0      		breq .L52
 154:quantum/process_keycode/process_combo.c ****     }
 588               		.loc 1 154 58 discriminator 1 view .LVU140
 589 011c 709E      		mul r7,r16
 590 011e F001      		movw r30,r0
 591 0120 719E      		mul r7,r17
 592 0122 F00D      		add r31,r0
 593 0124 1124      		clr __zero_reg__
 594 0126 E050      		subi r30,lo8(-(key_combos))
 595 0128 F040      		sbci r31,hi8(-(key_combos))
 154:quantum/process_keycode/process_combo.c ****     }
 596               		.loc 1 154 55 discriminator 1 view .LVU141
 597 012a D1E0      		ldi r29,lo8(1)
 598               	.LVL37:
 154:quantum/process_keycode/process_combo.c ****     }
 599               		.loc 1 154 55 discriminator 1 view .LVU142
 600 012c 8481      		ldd r24,Z+4
 601 012e 8111      		cpse r24,__zero_reg__
 602               	.L52:
 154:quantum/process_keycode/process_combo.c ****     }
 603               		.loc 1 154 55 view .LVU143
 604 0130 D0E0      		ldi r29,0
 605               	.L42:
 154:quantum/process_keycode/process_combo.c ****     }
 606               		.loc 1 154 31 discriminator 6 view .LVU144
 607 0132 D170      		andi r29,lo8(1)
 608               	.LVL38:
 154:quantum/process_keycode/process_combo.c ****     }
 609               		.loc 1 154 31 discriminator 6 view .LVU145
 610               	.LBE64:
 148:quantum/process_keycode/process_combo.c **** #else
 611               		.loc 1 148 70 is_stmt 1 discriminator 6 view .LVU146
 612 0134 8091 0000 		lds r24,current_combo_index
 613 0138 9091 0000 		lds r25,current_combo_index+1
 614 013c 0196      		adiw r24,1
 615 013e 9093 0000 		sts current_combo_index+1,r25
 616 0142 8093 0000 		sts current_combo_index,r24
 617 0146 00C0      		rjmp .L30
 618               	.LVL39:
 619               	.L34:
 620               	.LBB65:
 621               	.LBB63:
 622               	.LBB61:
  97:quantum/process_keycode/process_combo.c **** 
 623               		.loc 1 97 5 view .LVU147
  97:quantum/process_keycode/process_combo.c **** 
 624               		.loc 1 97 10 is_stmt 0 view .LVU148
 625 0148 5090 0000 		lds r5,is_active
 626               	.LVL40:
  99:quantum/process_keycode/process_combo.c ****         KEY_STATE_DOWN(index);
 627               		.loc 1 99 5 is_stmt 1 view .LVU149
  99:quantum/process_keycode/process_combo.c ****         KEY_STATE_DOWN(index);
 628               		.loc 1 99 22 is_stmt 0 view .LVU150
 629 014c F601      		movw r30,r12
 630 014e 9281      		ldd r25,Z+2
 631 0150 709E      		mul r7,r16
 632 0152 F001      		movw r30,r0
 633 0154 719E      		mul r7,r17
 634 0156 F00D      		add r31,r0
 635 0158 1124      		clr __zero_reg__
 636 015a E050      		subi r30,lo8(-(key_combos))
 637 015c F040      		sbci r31,hi8(-(key_combos))
 638 015e 8481      		ldd r24,Z+4
 639               	.LVL41:
  99:quantum/process_keycode/process_combo.c ****         KEY_STATE_DOWN(index);
 640               		.loc 1 99 22 view .LVU151
 641 0160 5401      		movw r10,r8
 642 0162 00C0      		rjmp 2f
 643               		1:
 644 0164 AA0C      		lsl r10
 645               		2:
 646 0166 3A95      		dec r19
 647 0168 02F4      		brpl 1b
  99:quantum/process_keycode/process_combo.c ****         KEY_STATE_DOWN(index);
 648               		.loc 1 99 8 view .LVU152
 649 016a 9923      		tst r25
 650 016c 01F0      		breq .L36
 100:quantum/process_keycode/process_combo.c **** 
 651               		.loc 1 100 9 is_stmt 1 view .LVU153
 100:quantum/process_keycode/process_combo.c **** 
 652               		.loc 1 100 9 view .LVU154
 653 016e A82A      		or r10,r24
 654 0170 A482      		std Z+4,r10
 100:quantum/process_keycode/process_combo.c **** 
 655               		.loc 1 100 9 view .LVU155
 102:quantum/process_keycode/process_combo.c ****             if (ALL_COMBO_KEYS_ARE_DOWN) { /* Combo was pressed */
 656               		.loc 1 102 9 view .LVU156
 102:quantum/process_keycode/process_combo.c ****             if (ALL_COMBO_KEYS_ARE_DOWN) { /* Combo was pressed */
 657               		.loc 1 102 12 is_stmt 0 view .LVU157
 658 0172 5520      		tst r5
 659 0174 01F0      		breq .L37
 103:quantum/process_keycode/process_combo.c ****                 send_combo(combo->keycode, true);
 660               		.loc 1 103 13 is_stmt 1 view .LVU158
 103:quantum/process_keycode/process_combo.c ****                 send_combo(combo->keycode, true);
 661               		.loc 1 103 17 is_stmt 0 view .LVU159
 662 0176 C401      		movw r24,r8
 663 0178 00C0      		rjmp 2f
 664               		1:
 665 017a 880F      		lsl r24
 666 017c 991F      		rol r25
 667               		2:
 668 017e 2A95      		dec r18
 669 0180 02F4      		brpl 1b
 670 0182 0197      		sbiw r24,1
 103:quantum/process_keycode/process_combo.c ****                 send_combo(combo->keycode, true);
 671               		.loc 1 103 16 view .LVU160
 672 0184 A816      		cp r10,r24
 673 0186 1906      		cpc __zero_reg__,r25
 674 0188 01F4      		brne .L35
 104:quantum/process_keycode/process_combo.c ****                 drop_buffer = true;
 675               		.loc 1 104 17 is_stmt 1 view .LVU161
 676 018a 8281      		ldd r24,Z+2
 677 018c 9381      		ldd r25,Z+3
 678               	.LVL42:
 679               	.LBB48:
 680               	.LBI48:
  42:quantum/process_keycode/process_combo.c ****     if (action) {
 681               		.loc 1 42 20 view .LVU162
 682               	.LBB49:
  43:quantum/process_keycode/process_combo.c ****         if (pressed) {
 683               		.loc 1 43 5 view .LVU163
  43:quantum/process_keycode/process_combo.c ****         if (pressed) {
 684               		.loc 1 43 8 is_stmt 0 view .LVU164
 685 018e 0097      		sbiw r24,0
 686 0190 01F0      		breq .L38
  44:quantum/process_keycode/process_combo.c ****             register_code16(action);
 687               		.loc 1 44 9 is_stmt 1 view .LVU165
  45:quantum/process_keycode/process_combo.c ****         } else {
 688               		.loc 1 45 13 view .LVU166
 689 0192 0E94 0000 		call register_code16
 690               	.LVL43:
 691               	.L39:
  45:quantum/process_keycode/process_combo.c ****         } else {
 692               		.loc 1 45 13 is_stmt 0 view .LVU167
 693               	.LBE49:
 694               	.LBE48:
 105:quantum/process_keycode/process_combo.c ****             }
 695               		.loc 1 105 17 is_stmt 1 view .LVU168
 105:quantum/process_keycode/process_combo.c ****             }
 696               		.loc 1 105 29 is_stmt 0 view .LVU169
 697 0196 6092 0000 		sts drop_buffer,r6
 698 019a 00C0      		rjmp .L35
 699               	.LVL44:
 700               	.L38:
 701               	.LBB53:
 702               	.LBB52:
 703               	.LBB50:
 704               	.LBI50:
  42:quantum/process_keycode/process_combo.c ****     if (action) {
 705               		.loc 1 42 20 is_stmt 1 view .LVU170
 706               	.LBB51:
  50:quantum/process_keycode/process_combo.c ****     }
 707               		.loc 1 50 9 view .LVU171
 708 019c 61E0      		ldi r22,lo8(1)
 709 019e C801      		movw r24,r16
 710               	.LVL45:
  50:quantum/process_keycode/process_combo.c ****     }
 711               		.loc 1 50 9 is_stmt 0 view .LVU172
 712 01a0 0E94 0000 		call process_combo_event
 713               	.LVL46:
  50:quantum/process_keycode/process_combo.c ****     }
 714               		.loc 1 50 9 view .LVU173
 715 01a4 00C0      		rjmp .L39
 716               	.LVL47:
 717               	.L36:
  50:quantum/process_keycode/process_combo.c ****     }
 718               		.loc 1 50 9 view .LVU174
 719               	.LBE51:
 720               	.LBE50:
 721               	.LBE52:
 722               	.LBE53:
 109:quantum/process_keycode/process_combo.c ****             send_combo(combo->keycode, false);
 723               		.loc 1 109 9 is_stmt 1 view .LVU175
 109:quantum/process_keycode/process_combo.c ****             send_combo(combo->keycode, false);
 724               		.loc 1 109 13 is_stmt 0 view .LVU176
 725 01a6 A401      		movw r20,r8
 726               	.LVL48:
 109:quantum/process_keycode/process_combo.c ****             send_combo(combo->keycode, false);
 727               		.loc 1 109 13 view .LVU177
 728 01a8 00C0      		rjmp 2f
 729               		1:
 730 01aa 440F      		lsl r20
 731 01ac 551F      		rol r21
 732               		2:
 733 01ae 2A95      		dec r18
 734 01b0 02F4      		brpl 1b
 735 01b2 9A01      		movw r18,r20
 736               	.LVL49:
 109:quantum/process_keycode/process_combo.c ****             send_combo(combo->keycode, false);
 737               		.loc 1 109 13 view .LVU178
 738 01b4 2150      		subi r18,1
 739 01b6 3109      		sbc r19,__zero_reg__
 109:quantum/process_keycode/process_combo.c ****             send_combo(combo->keycode, false);
 740               		.loc 1 109 12 view .LVU179
 741 01b8 8217      		cp r24,r18
 742 01ba 1306      		cpc __zero_reg__,r19
 743 01bc 01F4      		brne .L51
 110:quantum/process_keycode/process_combo.c ****         } else {
 744               		.loc 1 110 13 is_stmt 1 view .LVU180
 745 01be 8281      		ldd r24,Z+2
 746 01c0 9381      		ldd r25,Z+3
 747               	.LVL50:
 748               	.LBB54:
 749               	.LBI54:
  42:quantum/process_keycode/process_combo.c ****     if (action) {
 750               		.loc 1 42 20 view .LVU181
 751               	.LBB55:
  43:quantum/process_keycode/process_combo.c ****         if (pressed) {
 752               		.loc 1 43 5 view .LVU182
  43:quantum/process_keycode/process_combo.c ****         if (pressed) {
 753               		.loc 1 43 8 is_stmt 0 view .LVU183
 754 01c2 0097      		sbiw r24,0
 755 01c4 01F0      		breq .L41
  44:quantum/process_keycode/process_combo.c ****             register_code16(action);
 756               		.loc 1 44 9 is_stmt 1 view .LVU184
  47:quantum/process_keycode/process_combo.c ****         }
 757               		.loc 1 47 13 view .LVU185
 758 01c6 0E94 0000 		call unregister_code16
 759               	.LVL51:
 760               	.L40:
  47:quantum/process_keycode/process_combo.c ****         }
 761               		.loc 1 47 13 is_stmt 0 view .LVU186
 762               	.LBE55:
 763               	.LBE54:
 116:quantum/process_keycode/process_combo.c ****     }
 764               		.loc 1 116 9 is_stmt 1 view .LVU187
 116:quantum/process_keycode/process_combo.c ****     }
 765               		.loc 1 116 9 view .LVU188
 766 01ca 709E      		mul r7,r16
 767 01cc F001      		movw r30,r0
 768 01ce 719E      		mul r7,r17
 769 01d0 F00D      		add r31,r0
 770 01d2 1124      		clr __zero_reg__
 771 01d4 E050      		subi r30,lo8(-(key_combos))
 772 01d6 F040      		sbci r31,hi8(-(key_combos))
 773 01d8 A094      		com r10
 774 01da 8481      		ldd r24,Z+4
 775 01dc A822      		and r10,r24
 776 01de A482      		std Z+4,r10
 777 01e0 00C0      		rjmp .L35
 778               	.LVL52:
 779               	.L41:
 780               	.LBB59:
 781               	.LBB58:
 782               	.LBB56:
 783               	.LBI56:
  42:quantum/process_keycode/process_combo.c ****     if (action) {
 784               		.loc 1 42 20 view .LVU189
 785               	.LBB57:
  50:quantum/process_keycode/process_combo.c ****     }
 786               		.loc 1 50 9 view .LVU190
 787 01e2 60E0      		ldi r22,0
 788 01e4 C801      		movw r24,r16
 789               	.LVL53:
  50:quantum/process_keycode/process_combo.c ****     }
 790               		.loc 1 50 9 is_stmt 0 view .LVU191
 791 01e6 0E94 0000 		call process_combo_event
 792               	.LVL54:
  50:quantum/process_keycode/process_combo.c ****     }
 793               		.loc 1 50 9 view .LVU192
 794 01ea 00C0      		rjmp .L40
 795               	.LVL55:
 796               	.L51:
  50:quantum/process_keycode/process_combo.c ****     }
 797               		.loc 1 50 9 view .LVU193
 798               	.LBE57:
 799               	.LBE56:
 800               	.LBE58:
 801               	.LBE59:
 113:quantum/process_keycode/process_combo.c ****         }
 802               		.loc 1 113 29 view .LVU194
 803 01ec 512C      		mov r5,__zero_reg__
 804               	.LVL56:
 113:quantum/process_keycode/process_combo.c ****         }
 805               		.loc 1 113 29 view .LVU195
 806 01ee 00C0      		rjmp .L40
 807               	.LVL57:
 808               	.L45:
 113:quantum/process_keycode/process_combo.c ****         }
 809               		.loc 1 113 29 view .LVU196
 810               	.LBE61:
 811               	.LBE63:
 812               	.LBE65:
 162:quantum/process_keycode/process_combo.c ****         /* if no combos claim the key we need to emit the keybuffer */
 813               		.loc 1 162 12 is_stmt 1 view .LVU197
 162:quantum/process_keycode/process_combo.c ****         /* if no combos claim the key we need to emit the keybuffer */
 814               		.loc 1 162 15 is_stmt 0 view .LVU198
 815 01f0 C111      		cpse r28,__zero_reg__
 816 01f2 00C0      		rjmp .L47
 164:quantum/process_keycode/process_combo.c **** 
 817               		.loc 1 164 9 is_stmt 1 view .LVU199
 818 01f4 81E0      		ldi r24,lo8(1)
 819 01f6 0E94 0000 		call dump_key_buffer
 820               	.LVL58:
 167:quantum/process_keycode/process_combo.c ****             timer     = 0;
 821               		.loc 1 167 9 view .LVU200
 167:quantum/process_keycode/process_combo.c ****             timer     = 0;
 822               		.loc 1 167 12 is_stmt 0 view .LVU201
 823 01fa DD23      		tst r29
 824 01fc 01F4      		brne .+2
 825 01fe 00C0      		rjmp .L46
 168:quantum/process_keycode/process_combo.c ****             is_active = true;
 826               		.loc 1 168 13 is_stmt 1 view .LVU202
 168:quantum/process_keycode/process_combo.c ****             is_active = true;
 827               		.loc 1 168 23 is_stmt 0 view .LVU203
 828 0200 1092 0000 		sts timer+1,__zero_reg__
 829 0204 1092 0000 		sts timer,__zero_reg__
 169:quantum/process_keycode/process_combo.c ****         }
 830               		.loc 1 169 13 is_stmt 1 view .LVU204
 169:quantum/process_keycode/process_combo.c ****         }
 831               		.loc 1 169 23 is_stmt 0 view .LVU205
 832 0208 81E0      		ldi r24,lo8(1)
 833 020a 8093 0000 		sts is_active,r24
 834 020e 00C0      		rjmp .L46
 835               	.L47:
 171:quantum/process_keycode/process_combo.c ****         /* otherwise the key is consumed and placed in the buffer */
 836               		.loc 1 171 12 is_stmt 1 view .LVU206
 171:quantum/process_keycode/process_combo.c ****         /* otherwise the key is consumed and placed in the buffer */
 837               		.loc 1 171 15 is_stmt 0 view .LVU207
 838 0210 F601      		movw r30,r12
 839 0212 8281      		ldd r24,Z+2
 840 0214 8823      		tst r24
 841 0216 01F4      		brne .+2
 842 0218 00C0      		rjmp .L46
 171:quantum/process_keycode/process_combo.c ****         /* otherwise the key is consumed and placed in the buffer */
 843               		.loc 1 171 38 discriminator 1 view .LVU208
 844 021a 8091 0000 		lds r24,is_active
 845 021e 8823      		tst r24
 846 0220 01F4      		brne .+2
 847 0222 00C0      		rjmp .L46
 173:quantum/process_keycode/process_combo.c **** 
 848               		.loc 1 173 9 is_stmt 1 view .LVU209
 173:quantum/process_keycode/process_combo.c **** 
 849               		.loc 1 173 17 is_stmt 0 view .LVU210
 850 0224 0E94 0000 		call timer_read
 851               	.LVL59:
 173:quantum/process_keycode/process_combo.c **** 
 852               		.loc 1 173 15 view .LVU211
 853 0228 9093 0000 		sts timer+1,r25
 854 022c 8093 0000 		sts timer,r24
 175:quantum/process_keycode/process_combo.c **** #ifdef COMBO_ALLOW_ACTION_KEYS
 855               		.loc 1 175 9 is_stmt 1 view .LVU212
 175:quantum/process_keycode/process_combo.c **** #ifdef COMBO_ALLOW_ACTION_KEYS
 856               		.loc 1 175 25 is_stmt 0 view .LVU213
 857 0230 E091 0000 		lds r30,buffer_size
 175:quantum/process_keycode/process_combo.c **** #ifdef COMBO_ALLOW_ACTION_KEYS
 858               		.loc 1 175 12 view .LVU214
 859 0234 E830      		cpi r30,lo8(8)
 860 0236 00F0      		brlo .+2
 861 0238 00C0      		rjmp .L46
 179:quantum/process_keycode/process_combo.c **** #endif
 862               		.loc 1 179 13 is_stmt 1 view .LVU215
 179:quantum/process_keycode/process_combo.c **** #endif
 863               		.loc 1 179 35 is_stmt 0 view .LVU216
 864 023a 81E0      		ldi r24,lo8(1)
 865 023c 8E0F      		add r24,r30
 866 023e 8093 0000 		sts buffer_size,r24
 867 0242 F0E0      		ldi r31,0
 179:quantum/process_keycode/process_combo.c **** #endif
 868               		.loc 1 179 39 view .LVU217
 869 0244 EE0F      		lsl r30
 870 0246 FF1F      		rol r31
 871 0248 E050      		subi r30,lo8(-(key_buffer))
 872 024a F040      		sbci r31,hi8(-(key_buffer))
 873 024c F182      		std Z+1,r15
 874 024e E082      		st Z,r14
 875 0250 00C0      		rjmp .L46
 876               		.cfi_endproc
 877               	.LFE23:
 879               		.section	.text.is_combo_enabled,"ax",@progbits
 880               	.global	is_combo_enabled
 882               	is_combo_enabled:
 883               	.LFB28:
 884               		.loc 1 213 29 is_stmt 1 view -0
 885               		.cfi_startproc
 886               	/* prologue: function */
 887               	/* frame size = 0 */
 888               	/* stack size = 0 */
 889               	.L__stack_usage = 0
 890               		.loc 1 213 31 view .LVU219
 891               		.loc 1 213 1 is_stmt 0 view .LVU220
 892 0000 8091 0000 		lds r24,b_combo_enable
 893               	/* epilogue start */
 894 0004 0895      		ret
 895               		.cfi_endproc
 896               	.LFE28:
 898               		.section	.bss.key_buffer,"aw",@nobits
 901               	key_buffer:
 902 0000 0000 0000 		.zero	16
 902      0000 0000 
 902      0000 0000 
 902      0000 0000 
 903               		.section	.bss.buffer_size,"aw",@nobits
 906               	buffer_size:
 907 0000 00        		.zero	1
 908               		.section	.data.b_combo_enable,"aw"
 911               	b_combo_enable:
 912 0000 01        		.byte	1
 913               		.section	.bss.is_active,"aw",@nobits
 916               	is_active:
 917 0000 00        		.zero	1
 918               		.section	.bss.drop_buffer,"aw",@nobits
 921               	drop_buffer:
 922 0000 00        		.zero	1
 923               		.section	.bss.current_combo_index,"aw",@nobits
 926               	current_combo_index:
 927 0000 0000      		.zero	2
 928               		.section	.bss.timer,"aw",@nobits
 931               	timer:
 932 0000 0000      		.zero	2
 933               		.weak	key_combos
 934               		.section	.bss.key_combos,"aw",@nobits
 937               	key_combos:
 938 0000 0000 0000 		.zero	190
 938      0000 0000 
 938      0000 0000 
 938      0000 0000 
 938      0000 0000 
 939               		.text
 940               	.Letext0:
 941               		.file 2 "/usr/local/Cellar/avr-gcc@8/8.4.0/avr/include/stdint.h"
 942               		.file 3 "/usr/local/Cellar/avr-gcc@8/8.4.0/lib/avr-gcc/8/gcc/avr/8.4.0/include/stddef.h"
 943               		.file 4 "tmk_core/common/keyboard.h"
 944               		.file 5 "tmk_core/common/action.h"
 945               		.file 6 "tmk_core/common/avr/xprintf.h"
 946               		.file 7 "tmk_core/common/report.h"
 947               		.file 8 "tmk_core/common/host.h"
 948               		.file 9 "tmk_core/common/debug.h"
 949               		.file 10 "quantum/keycode_config.h"
 950               		.file 11 "quantum/keymap.h"
 951               		.file 12 "tmk_core/common/action_layer.h"
 952               		.file 13 "tmk_core/common/timer.h"
 953               		.file 14 "tmk_core/common/action_util.h"
 954               		.file 15 "/usr/local/Cellar/avr-gcc@8/8.4.0/avr/include/stdlib.h"
 955               		.file 16 "quantum/process_keycode/process_tap_dance.h"
 956               		.file 17 "quantum/quantum.h"
 957               		.file 18 "quantum/process_keycode/process_combo.h"
 958               		.file 19 "quantum/quantum_keycodes.h"
DEFINED SYMBOLS
                            *ABS*:0000000000000000 process_combo.c
/var/folders/7y/kbn66ztx1rs80r6yv6v16f4r0000gn/T//ccAzDTpF.s:2      *ABS*:000000000000003e __SP_H__
/var/folders/7y/kbn66ztx1rs80r6yv6v16f4r0000gn/T//ccAzDTpF.s:3      *ABS*:000000000000003d __SP_L__
/var/folders/7y/kbn66ztx1rs80r6yv6v16f4r0000gn/T//ccAzDTpF.s:4      *ABS*:000000000000003f __SREG__
/var/folders/7y/kbn66ztx1rs80r6yv6v16f4r0000gn/T//ccAzDTpF.s:5      *ABS*:0000000000000000 __tmp_reg__
/var/folders/7y/kbn66ztx1rs80r6yv6v16f4r0000gn/T//ccAzDTpF.s:6      *ABS*:0000000000000001 __zero_reg__
/var/folders/7y/kbn66ztx1rs80r6yv6v16f4r0000gn/T//ccAzDTpF.s:12     .text.dump_key_buffer:0000000000000000 dump_key_buffer
/var/folders/7y/kbn66ztx1rs80r6yv6v16f4r0000gn/T//ccAzDTpF.s:906    .bss.buffer_size:0000000000000000 buffer_size
/var/folders/7y/kbn66ztx1rs80r6yv6v16f4r0000gn/T//ccAzDTpF.s:901    .bss.key_buffer:0000000000000000 key_buffer
/var/folders/7y/kbn66ztx1rs80r6yv6v16f4r0000gn/T//ccAzDTpF.s:99     .text.process_combo_event:0000000000000000 process_combo_event
/var/folders/7y/kbn66ztx1rs80r6yv6v16f4r0000gn/T//ccAzDTpF.s:118    .text.matrix_scan_combo:0000000000000000 matrix_scan_combo
/var/folders/7y/kbn66ztx1rs80r6yv6v16f4r0000gn/T//ccAzDTpF.s:911    .data.b_combo_enable:0000000000000000 b_combo_enable
/var/folders/7y/kbn66ztx1rs80r6yv6v16f4r0000gn/T//ccAzDTpF.s:916    .bss.is_active:0000000000000000 is_active
/var/folders/7y/kbn66ztx1rs80r6yv6v16f4r0000gn/T//ccAzDTpF.s:931    .bss.timer:0000000000000000 timer
/var/folders/7y/kbn66ztx1rs80r6yv6v16f4r0000gn/T//ccAzDTpF.s:163    .text.combo_enable:0000000000000000 combo_enable
/var/folders/7y/kbn66ztx1rs80r6yv6v16f4r0000gn/T//ccAzDTpF.s:184    .text.combo_disable:0000000000000000 combo_disable
/var/folders/7y/kbn66ztx1rs80r6yv6v16f4r0000gn/T//ccAzDTpF.s:211    .text.combo_toggle:0000000000000000 combo_toggle
/var/folders/7y/kbn66ztx1rs80r6yv6v16f4r0000gn/T//ccAzDTpF.s:247    .text.process_combo:0000000000000000 process_combo
/var/folders/7y/kbn66ztx1rs80r6yv6v16f4r0000gn/T//ccAzDTpF.s:921    .bss.drop_buffer:0000000000000000 drop_buffer
/var/folders/7y/kbn66ztx1rs80r6yv6v16f4r0000gn/T//ccAzDTpF.s:926    .bss.current_combo_index:0000000000000000 current_combo_index
/var/folders/7y/kbn66ztx1rs80r6yv6v16f4r0000gn/T//ccAzDTpF.s:937    .bss.key_combos:0000000000000000 key_combos
/var/folders/7y/kbn66ztx1rs80r6yv6v16f4r0000gn/T//ccAzDTpF.s:882    .text.is_combo_enabled:0000000000000000 is_combo_enabled

UNDEFINED SYMBOLS
register_code16
send_keyboard_report
timer_elapsed
timer_read
unregister_code16
__do_copy_data
__do_clear_bss
